[2025-04-11T05:55:48.833+0000] {taskinstance.py:1171} INFO - Dependencies all met for <TaskInstance: change_later.extract_from_postgresql manual__2025-04-11T05:55:31.224191+00:00 [queued]>
[2025-04-11T05:55:48.852+0000] {taskinstance.py:1171} INFO - Dependencies all met for <TaskInstance: change_later.extract_from_postgresql manual__2025-04-11T05:55:31.224191+00:00 [queued]>
[2025-04-11T05:55:48.853+0000] {taskinstance.py:1368} INFO - 
--------------------------------------------------------------------------------
[2025-04-11T05:55:48.855+0000] {taskinstance.py:1369} INFO - Starting attempt 1 of 1
[2025-04-11T05:55:48.856+0000] {taskinstance.py:1370} INFO - 
--------------------------------------------------------------------------------
[2025-04-11T05:55:48.886+0000] {taskinstance.py:1389} INFO - Executing <Task(_PythonDecoratedOperator): extract_from_postgresql> on 2025-04-11 05:55:31.224191+00:00
[2025-04-11T05:55:48.909+0000] {standard_task_runner.py:52} INFO - Started process 317 to run task
[2025-04-11T05:55:48.915+0000] {standard_task_runner.py:79} INFO - Running: ['***', 'tasks', 'run', 'change_later', 'extract_from_postgresql', 'manual__2025-04-11T05:55:31.224191+00:00', '--job-id', '6', '--raw', '--subdir', 'DAGS_FOLDER/elastic_search.py', '--cfg-path', '/tmp/tmp1a9k3nhy', '--error-file', '/tmp/tmpnazwdfws']
[2025-04-11T05:55:48.917+0000] {standard_task_runner.py:80} INFO - Job 6: Subtask extract_from_postgresql
[2025-04-11T05:55:49.018+0000] {task_command.py:371} INFO - Running <TaskInstance: change_later.extract_from_postgresql manual__2025-04-11T05:55:31.224191+00:00 [running]> on host 800c9d81b96f
[2025-04-11T05:55:49.162+0000] {taskinstance.py:1583} INFO - Exporting the following env vars:
AIRFLOW_CTX_DAG_OWNER=Dion
AIRFLOW_CTX_DAG_ID=change_later
AIRFLOW_CTX_TASK_ID=extract_from_postgresql
AIRFLOW_CTX_EXECUTION_DATE=2025-04-11T05:55:31.224191+00:00
AIRFLOW_CTX_TRY_NUMBER=1
AIRFLOW_CTX_DAG_RUN_ID=manual__2025-04-11T05:55:31.224191+00:00
[2025-04-11T05:55:49.398+0000] {python.py:173} INFO - Done. Returned value was: None
[2025-04-11T05:55:49.416+0000] {taskinstance.py:1412} INFO - Marking task as SUCCESS. dag_id=change_later, task_id=extract_from_postgresql, execution_date=20250411T055531, start_date=20250411T055548, end_date=20250411T055549
[2025-04-11T05:55:49.490+0000] {local_task_job.py:156} INFO - Task exited with return code 0
[2025-04-11T05:55:49.540+0000] {local_task_job.py:279} INFO - 1 downstream tasks scheduled from follow-on schedule check
