[2025-04-14T11:45:55.133+0000] {taskinstance.py:1171} INFO - Dependencies all met for <TaskInstance: change_later.post_to_elasticsearch scheduled__2025-04-05T09:10:00+00:00 [queued]>
[2025-04-14T11:45:55.141+0000] {taskinstance.py:1171} INFO - Dependencies all met for <TaskInstance: change_later.post_to_elasticsearch scheduled__2025-04-05T09:10:00+00:00 [queued]>
[2025-04-14T11:45:55.142+0000] {taskinstance.py:1368} INFO - 
--------------------------------------------------------------------------------
[2025-04-14T11:45:55.142+0000] {taskinstance.py:1369} INFO - Starting attempt 1 of 1
[2025-04-14T11:45:55.142+0000] {taskinstance.py:1370} INFO - 
--------------------------------------------------------------------------------
[2025-04-14T11:45:55.156+0000] {taskinstance.py:1389} INFO - Executing <Task(_PythonDecoratedOperator): post_to_elasticsearch> on 2025-04-05 09:10:00+00:00
[2025-04-14T11:45:55.163+0000] {standard_task_runner.py:52} INFO - Started process 234 to run task
[2025-04-14T11:45:55.166+0000] {standard_task_runner.py:79} INFO - Running: ['***', 'tasks', 'run', 'change_later', 'post_to_elasticsearch', 'scheduled__2025-04-05T09:10:00+00:00', '--job-id', '4', '--raw', '--subdir', 'DAGS_FOLDER/P2M3_Dionisius_Ray_DAG.py', '--cfg-path', '/tmp/tmpe5nmh8rx', '--error-file', '/tmp/tmpbsspgasb']
[2025-04-14T11:45:55.167+0000] {standard_task_runner.py:80} INFO - Job 4: Subtask post_to_elasticsearch
[2025-04-14T11:45:55.240+0000] {task_command.py:371} INFO - Running <TaskInstance: change_later.post_to_elasticsearch scheduled__2025-04-05T09:10:00+00:00 [running]> on host ea496de906cb
[2025-04-14T11:45:55.319+0000] {taskinstance.py:1583} INFO - Exporting the following env vars:
AIRFLOW_CTX_DAG_OWNER=Dion
AIRFLOW_CTX_DAG_ID=change_later
AIRFLOW_CTX_TASK_ID=post_to_elasticsearch
AIRFLOW_CTX_EXECUTION_DATE=2025-04-05T09:10:00+00:00
AIRFLOW_CTX_TRY_NUMBER=1
AIRFLOW_CTX_DAG_RUN_ID=scheduled__2025-04-05T09:10:00+00:00
[2025-04-14T11:45:55.641+0000] {base.py:271} INFO - POST http://elasticsearch:9200/_bulk [status:200 request:0.167s]
[2025-04-14T11:45:55.759+0000] {base.py:271} INFO - POST http://elasticsearch:9200/_bulk [status:200 request:0.105s]
[2025-04-14T11:45:55.841+0000] {base.py:271} INFO - POST http://elasticsearch:9200/_bulk [status:200 request:0.070s]
[2025-04-14T11:45:55.927+0000] {base.py:271} INFO - POST http://elasticsearch:9200/_bulk [status:200 request:0.074s]
[2025-04-14T11:45:56.015+0000] {base.py:271} INFO - POST http://elasticsearch:9200/_bulk [status:200 request:0.069s]
[2025-04-14T11:45:56.111+0000] {base.py:271} INFO - POST http://elasticsearch:9200/_bulk [status:200 request:0.084s]
[2025-04-14T11:45:56.220+0000] {base.py:271} INFO - POST http://elasticsearch:9200/_bulk [status:200 request:0.096s]
[2025-04-14T11:45:56.308+0000] {base.py:271} INFO - POST http://elasticsearch:9200/_bulk [status:200 request:0.069s]
[2025-04-14T11:45:56.422+0000] {base.py:271} INFO - POST http://elasticsearch:9200/_bulk [status:200 request:0.103s]
[2025-04-14T11:45:56.511+0000] {base.py:271} INFO - POST http://elasticsearch:9200/_bulk [status:200 request:0.075s]
[2025-04-14T11:45:56.615+0000] {base.py:271} INFO - POST http://elasticsearch:9200/_bulk [status:200 request:0.087s]
[2025-04-14T11:45:56.696+0000] {base.py:271} INFO - POST http://elasticsearch:9200/_bulk [status:200 request:0.069s]
[2025-04-14T11:45:56.778+0000] {base.py:271} INFO - POST http://elasticsearch:9200/_bulk [status:200 request:0.069s]
[2025-04-14T11:45:56.865+0000] {base.py:271} INFO - POST http://elasticsearch:9200/_bulk [status:200 request:0.076s]
[2025-04-14T11:45:56.950+0000] {base.py:271} INFO - POST http://elasticsearch:9200/_bulk [status:200 request:0.070s]
[2025-04-14T11:45:57.020+0000] {base.py:271} INFO - POST http://elasticsearch:9200/_bulk [status:200 request:0.059s]
[2025-04-14T11:45:57.090+0000] {base.py:271} INFO - POST http://elasticsearch:9200/_bulk [status:200 request:0.060s]
[2025-04-14T11:45:57.158+0000] {base.py:271} INFO - POST http://elasticsearch:9200/_bulk [status:200 request:0.057s]
[2025-04-14T11:45:57.226+0000] {base.py:271} INFO - POST http://elasticsearch:9200/_bulk [status:200 request:0.056s]
[2025-04-14T11:45:57.257+0000] {base.py:271} INFO - POST http://elasticsearch:9200/_bulk [status:200 request:0.025s]
[2025-04-14T11:45:57.264+0000] {python.py:173} INFO - Done. Returned value was: None
[2025-04-14T11:45:57.278+0000] {taskinstance.py:1412} INFO - Marking task as SUCCESS. dag_id=change_later, task_id=post_to_elasticsearch, execution_date=20250405T091000, start_date=20250414T114555, end_date=20250414T114557
[2025-04-14T11:45:57.308+0000] {local_task_job.py:156} INFO - Task exited with return code 0
[2025-04-14T11:45:57.348+0000] {local_task_job.py:279} INFO - 1 downstream tasks scheduled from follow-on schedule check
