[2025-04-14T11:45:53.125+0000] {taskinstance.py:1171} INFO - Dependencies all met for <TaskInstance: change_later.data_cleaning scheduled__2025-04-05T09:10:00+00:00 [queued]>
[2025-04-14T11:45:53.134+0000] {taskinstance.py:1171} INFO - Dependencies all met for <TaskInstance: change_later.data_cleaning scheduled__2025-04-05T09:10:00+00:00 [queued]>
[2025-04-14T11:45:53.135+0000] {taskinstance.py:1368} INFO - 
--------------------------------------------------------------------------------
[2025-04-14T11:45:53.135+0000] {taskinstance.py:1369} INFO - Starting attempt 1 of 1
[2025-04-14T11:45:53.135+0000] {taskinstance.py:1370} INFO - 
--------------------------------------------------------------------------------
[2025-04-14T11:45:53.148+0000] {taskinstance.py:1389} INFO - Executing <Task(_PythonDecoratedOperator): data_cleaning> on 2025-04-05 09:10:00+00:00
[2025-04-14T11:45:53.156+0000] {standard_task_runner.py:52} INFO - Started process 231 to run task
[2025-04-14T11:45:53.158+0000] {standard_task_runner.py:79} INFO - Running: ['***', 'tasks', 'run', 'change_later', 'data_cleaning', 'scheduled__2025-04-05T09:10:00+00:00', '--job-id', '3', '--raw', '--subdir', 'DAGS_FOLDER/P2M3_Dionisius_Ray_DAG.py', '--cfg-path', '/tmp/tmp9g1bol1a', '--error-file', '/tmp/tmpqo0xeror']
[2025-04-14T11:45:53.159+0000] {standard_task_runner.py:80} INFO - Job 3: Subtask data_cleaning
[2025-04-14T11:45:53.230+0000] {task_command.py:371} INFO - Running <TaskInstance: change_later.data_cleaning scheduled__2025-04-05T09:10:00+00:00 [running]> on host ea496de906cb
[2025-04-14T11:45:53.303+0000] {taskinstance.py:1583} INFO - Exporting the following env vars:
AIRFLOW_CTX_DAG_OWNER=Dion
AIRFLOW_CTX_DAG_ID=change_later
AIRFLOW_CTX_TASK_ID=data_cleaning
AIRFLOW_CTX_EXECUTION_DATE=2025-04-05T09:10:00+00:00
AIRFLOW_CTX_TRY_NUMBER=1
AIRFLOW_CTX_DAG_RUN_ID=scheduled__2025-04-05T09:10:00+00:00
[2025-04-14T11:45:53.576+0000] {python.py:173} INFO - Done. Returned value was: None
[2025-04-14T11:45:53.589+0000] {taskinstance.py:1412} INFO - Marking task as SUCCESS. dag_id=change_later, task_id=data_cleaning, execution_date=20250405T091000, start_date=20250414T114553, end_date=20250414T114553
[2025-04-14T11:45:53.612+0000] {local_task_job.py:156} INFO - Task exited with return code 0
[2025-04-14T11:45:53.652+0000] {local_task_job.py:279} INFO - 1 downstream tasks scheduled from follow-on schedule check
