[2025-04-14T11:53:56.282+0000] {taskinstance.py:1171} INFO - Dependencies all met for <TaskInstance: Flow_P2M3_Dionisius_Ray.data_cleaning manual__2025-04-14T11:53:52.058879+00:00 [queued]>
[2025-04-14T11:53:56.289+0000] {taskinstance.py:1171} INFO - Dependencies all met for <TaskInstance: Flow_P2M3_Dionisius_Ray.data_cleaning manual__2025-04-14T11:53:52.058879+00:00 [queued]>
[2025-04-14T11:53:56.290+0000] {taskinstance.py:1368} INFO - 
--------------------------------------------------------------------------------
[2025-04-14T11:53:56.290+0000] {taskinstance.py:1369} INFO - Starting attempt 1 of 1
[2025-04-14T11:53:56.290+0000] {taskinstance.py:1370} INFO - 
--------------------------------------------------------------------------------
[2025-04-14T11:53:56.304+0000] {taskinstance.py:1389} INFO - Executing <Task(_PythonDecoratedOperator): data_cleaning> on 2025-04-14 11:53:52.058879+00:00
[2025-04-14T11:53:56.310+0000] {standard_task_runner.py:52} INFO - Started process 229 to run task
[2025-04-14T11:53:56.313+0000] {standard_task_runner.py:79} INFO - Running: ['***', 'tasks', 'run', 'Flow_P2M3_Dionisius_Ray', 'data_cleaning', 'manual__2025-04-14T11:53:52.058879+00:00', '--job-id', '10', '--raw', '--subdir', 'DAGS_FOLDER/P2M3_Dionisius_Ray_DAG.py', '--cfg-path', '/tmp/tmpxjsh_we4', '--error-file', '/tmp/tmpa342n54l']
[2025-04-14T11:53:56.315+0000] {standard_task_runner.py:80} INFO - Job 10: Subtask data_cleaning
[2025-04-14T11:53:56.371+0000] {task_command.py:371} INFO - Running <TaskInstance: Flow_P2M3_Dionisius_Ray.data_cleaning manual__2025-04-14T11:53:52.058879+00:00 [running]> on host ea496de906cb
[2025-04-14T11:53:56.454+0000] {taskinstance.py:1583} INFO - Exporting the following env vars:
AIRFLOW_CTX_DAG_OWNER=Dion
AIRFLOW_CTX_DAG_ID=Flow_P2M3_Dionisius_Ray
AIRFLOW_CTX_TASK_ID=data_cleaning
AIRFLOW_CTX_EXECUTION_DATE=2025-04-14T11:53:52.058879+00:00
AIRFLOW_CTX_TRY_NUMBER=1
AIRFLOW_CTX_DAG_RUN_ID=manual__2025-04-14T11:53:52.058879+00:00
[2025-04-14T11:53:56.662+0000] {python.py:173} INFO - Done. Returned value was: None
[2025-04-14T11:53:56.677+0000] {taskinstance.py:1412} INFO - Marking task as SUCCESS. dag_id=Flow_P2M3_Dionisius_Ray, task_id=data_cleaning, execution_date=20250414T115352, start_date=20250414T115356, end_date=20250414T115356
[2025-04-14T11:53:56.726+0000] {local_task_job.py:156} INFO - Task exited with return code 0
[2025-04-14T11:53:56.769+0000] {local_task_job.py:279} INFO - 1 downstream tasks scheduled from follow-on schedule check
