[2025-04-13T12:46:46.475+0000] {taskinstance.py:1171} INFO - Dependencies all met for <TaskInstance: change_later.extract_from_postgresql manual__2025-04-13T12:46:44.241178+00:00 [queued]>
[2025-04-13T12:46:46.485+0000] {taskinstance.py:1171} INFO - Dependencies all met for <TaskInstance: change_later.extract_from_postgresql manual__2025-04-13T12:46:44.241178+00:00 [queued]>
[2025-04-13T12:46:46.485+0000] {taskinstance.py:1368} INFO - 
--------------------------------------------------------------------------------
[2025-04-13T12:46:46.486+0000] {taskinstance.py:1369} INFO - Starting attempt 1 of 1
[2025-04-13T12:46:46.486+0000] {taskinstance.py:1370} INFO - 
--------------------------------------------------------------------------------
[2025-04-13T12:46:46.499+0000] {taskinstance.py:1389} INFO - Executing <Task(_PythonDecoratedOperator): extract_from_postgresql> on 2025-04-13 12:46:44.241178+00:00
[2025-04-13T12:46:46.515+0000] {standard_task_runner.py:52} INFO - Started process 228 to run task
[2025-04-13T12:46:46.517+0000] {standard_task_runner.py:79} INFO - Running: ['***', 'tasks', 'run', 'change_later', 'extract_from_postgresql', 'manual__2025-04-13T12:46:44.241178+00:00', '--job-id', '13', '--raw', '--subdir', 'DAGS_FOLDER/P2M3_Dionisius_Ray_DAG.py', '--cfg-path', '/tmp/tmpof6jcr7e', '--error-file', '/tmp/tmparbgiw6e']
[2025-04-13T12:46:46.520+0000] {standard_task_runner.py:80} INFO - Job 13: Subtask extract_from_postgresql
[2025-04-13T12:46:46.674+0000] {task_command.py:371} INFO - Running <TaskInstance: change_later.extract_from_postgresql manual__2025-04-13T12:46:44.241178+00:00 [running]> on host 92ecb8470de2
[2025-04-13T12:46:46.781+0000] {taskinstance.py:1583} INFO - Exporting the following env vars:
AIRFLOW_CTX_DAG_OWNER=Dion
AIRFLOW_CTX_DAG_ID=change_later
AIRFLOW_CTX_TASK_ID=extract_from_postgresql
AIRFLOW_CTX_EXECUTION_DATE=2025-04-13T12:46:44.241178+00:00
AIRFLOW_CTX_TRY_NUMBER=1
AIRFLOW_CTX_DAG_RUN_ID=manual__2025-04-13T12:46:44.241178+00:00
[2025-04-13T12:46:47.084+0000] {python.py:173} INFO - Done. Returned value was: None
[2025-04-13T12:46:47.123+0000] {taskinstance.py:1412} INFO - Marking task as SUCCESS. dag_id=change_later, task_id=extract_from_postgresql, execution_date=20250413T124644, start_date=20250413T124646, end_date=20250413T124647
[2025-04-13T12:46:47.180+0000] {local_task_job.py:156} INFO - Task exited with return code 0
[2025-04-13T12:46:47.218+0000] {local_task_job.py:279} INFO - 1 downstream tasks scheduled from follow-on schedule check
