[2025-04-13T05:28:17.802+0000] {processor.py:153} INFO - Started process (PID=206) to work on /opt/airflow/dags/elastic_search.py
[2025-04-13T05:28:17.804+0000] {processor.py:640} INFO - Processing file /opt/airflow/dags/elastic_search.py for tasks to queue
[2025-04-13T05:28:17.811+0000] {logging_mixin.py:115} INFO - [2025-04-13T05:28:17.810+0000] {dagbag.py:508} INFO - Filling up the DagBag from /opt/airflow/dags/elastic_search.py
[2025-04-13T05:28:22.611+0000] {processor.py:650} INFO - DAG(s) dict_keys(['change_later']) retrieved from /opt/airflow/dags/elastic_search.py
[2025-04-13T05:28:22.720+0000] {logging_mixin.py:115} INFO - [2025-04-13T05:28:22.719+0000] {dag.py:2429} INFO - Sync 1 DAGs
[2025-04-13T05:28:22.751+0000] {logging_mixin.py:115} INFO - [2025-04-13T05:28:22.751+0000] {dag.py:2981} INFO - Setting next_dagrun for change_later to 2025-04-13T00:00:00+00:00, run_after=2025-04-20T00:00:00+00:00
[2025-04-13T05:28:22.795+0000] {processor.py:161} INFO - Processing /opt/airflow/dags/elastic_search.py took 5.020 seconds
[2025-04-13T05:28:52.978+0000] {processor.py:153} INFO - Started process (PID=225) to work on /opt/airflow/dags/elastic_search.py
[2025-04-13T05:28:52.979+0000] {processor.py:640} INFO - Processing file /opt/airflow/dags/elastic_search.py for tasks to queue
[2025-04-13T05:28:52.982+0000] {logging_mixin.py:115} INFO - [2025-04-13T05:28:52.981+0000] {dagbag.py:508} INFO - Filling up the DagBag from /opt/airflow/dags/elastic_search.py
[2025-04-13T05:28:53.453+0000] {processor.py:650} INFO - DAG(s) dict_keys(['change_later']) retrieved from /opt/airflow/dags/elastic_search.py
[2025-04-13T05:28:53.472+0000] {logging_mixin.py:115} INFO - [2025-04-13T05:28:53.471+0000] {dag.py:2429} INFO - Sync 1 DAGs
[2025-04-13T05:28:53.488+0000] {logging_mixin.py:115} INFO - [2025-04-13T05:28:53.487+0000] {dag.py:2981} INFO - Setting next_dagrun for change_later to 2025-04-13T00:00:00+00:00, run_after=2025-04-20T00:00:00+00:00
[2025-04-13T05:28:53.498+0000] {processor.py:161} INFO - Processing /opt/airflow/dags/elastic_search.py took 0.530 seconds
[2025-04-13T05:29:23.587+0000] {processor.py:153} INFO - Started process (PID=231) to work on /opt/airflow/dags/elastic_search.py
[2025-04-13T05:29:23.588+0000] {processor.py:640} INFO - Processing file /opt/airflow/dags/elastic_search.py for tasks to queue
[2025-04-13T05:29:23.588+0000] {logging_mixin.py:115} INFO - [2025-04-13T05:29:23.588+0000] {dagbag.py:508} INFO - Filling up the DagBag from /opt/airflow/dags/elastic_search.py
[2025-04-13T05:29:23.955+0000] {processor.py:650} INFO - DAG(s) dict_keys(['change_later']) retrieved from /opt/airflow/dags/elastic_search.py
[2025-04-13T05:29:23.972+0000] {logging_mixin.py:115} INFO - [2025-04-13T05:29:23.972+0000] {dag.py:2429} INFO - Sync 1 DAGs
[2025-04-13T05:29:23.989+0000] {logging_mixin.py:115} INFO - [2025-04-13T05:29:23.989+0000] {dag.py:2981} INFO - Setting next_dagrun for change_later to 2025-04-13T00:00:00+00:00, run_after=2025-04-20T00:00:00+00:00
[2025-04-13T05:29:24.001+0000] {processor.py:161} INFO - Processing /opt/airflow/dags/elastic_search.py took 0.416 seconds
[2025-04-13T05:29:54.114+0000] {processor.py:153} INFO - Started process (PID=237) to work on /opt/airflow/dags/elastic_search.py
[2025-04-13T05:29:54.114+0000] {processor.py:640} INFO - Processing file /opt/airflow/dags/elastic_search.py for tasks to queue
[2025-04-13T05:29:54.115+0000] {logging_mixin.py:115} INFO - [2025-04-13T05:29:54.115+0000] {dagbag.py:508} INFO - Filling up the DagBag from /opt/airflow/dags/elastic_search.py
[2025-04-13T05:29:54.449+0000] {processor.py:650} INFO - DAG(s) dict_keys(['change_later']) retrieved from /opt/airflow/dags/elastic_search.py
[2025-04-13T05:29:54.466+0000] {logging_mixin.py:115} INFO - [2025-04-13T05:29:54.465+0000] {dag.py:2429} INFO - Sync 1 DAGs
[2025-04-13T05:29:54.482+0000] {logging_mixin.py:115} INFO - [2025-04-13T05:29:54.481+0000] {dag.py:2981} INFO - Setting next_dagrun for change_later to 2025-04-13T00:00:00+00:00, run_after=2025-04-20T00:00:00+00:00
[2025-04-13T05:29:54.492+0000] {processor.py:161} INFO - Processing /opt/airflow/dags/elastic_search.py took 0.380 seconds
[2025-04-13T05:30:24.599+0000] {processor.py:153} INFO - Started process (PID=243) to work on /opt/airflow/dags/elastic_search.py
[2025-04-13T05:30:24.600+0000] {processor.py:640} INFO - Processing file /opt/airflow/dags/elastic_search.py for tasks to queue
[2025-04-13T05:30:24.600+0000] {logging_mixin.py:115} INFO - [2025-04-13T05:30:24.600+0000] {dagbag.py:508} INFO - Filling up the DagBag from /opt/airflow/dags/elastic_search.py
[2025-04-13T05:30:24.932+0000] {processor.py:650} INFO - DAG(s) dict_keys(['change_later']) retrieved from /opt/airflow/dags/elastic_search.py
[2025-04-13T05:30:24.948+0000] {logging_mixin.py:115} INFO - [2025-04-13T05:30:24.948+0000] {dag.py:2429} INFO - Sync 1 DAGs
[2025-04-13T05:30:24.965+0000] {logging_mixin.py:115} INFO - [2025-04-13T05:30:24.964+0000] {dag.py:2981} INFO - Setting next_dagrun for change_later to 2025-04-13T00:00:00+00:00, run_after=2025-04-20T00:00:00+00:00
[2025-04-13T05:30:24.974+0000] {processor.py:161} INFO - Processing /opt/airflow/dags/elastic_search.py took 0.378 seconds
[2025-04-13T05:30:55.082+0000] {processor.py:153} INFO - Started process (PID=249) to work on /opt/airflow/dags/elastic_search.py
[2025-04-13T05:30:55.083+0000] {processor.py:640} INFO - Processing file /opt/airflow/dags/elastic_search.py for tasks to queue
[2025-04-13T05:30:55.083+0000] {logging_mixin.py:115} INFO - [2025-04-13T05:30:55.083+0000] {dagbag.py:508} INFO - Filling up the DagBag from /opt/airflow/dags/elastic_search.py
[2025-04-13T05:30:55.411+0000] {processor.py:650} INFO - DAG(s) dict_keys(['change_later']) retrieved from /opt/airflow/dags/elastic_search.py
[2025-04-13T05:30:55.428+0000] {logging_mixin.py:115} INFO - [2025-04-13T05:30:55.428+0000] {dag.py:2429} INFO - Sync 1 DAGs
[2025-04-13T05:30:55.444+0000] {logging_mixin.py:115} INFO - [2025-04-13T05:30:55.443+0000] {dag.py:2981} INFO - Setting next_dagrun for change_later to 2025-04-13T00:00:00+00:00, run_after=2025-04-20T00:00:00+00:00
[2025-04-13T05:30:55.454+0000] {processor.py:161} INFO - Processing /opt/airflow/dags/elastic_search.py took 0.374 seconds
[2025-04-13T05:31:25.562+0000] {processor.py:153} INFO - Started process (PID=255) to work on /opt/airflow/dags/elastic_search.py
[2025-04-13T05:31:25.563+0000] {processor.py:640} INFO - Processing file /opt/airflow/dags/elastic_search.py for tasks to queue
[2025-04-13T05:31:25.563+0000] {logging_mixin.py:115} INFO - [2025-04-13T05:31:25.563+0000] {dagbag.py:508} INFO - Filling up the DagBag from /opt/airflow/dags/elastic_search.py
[2025-04-13T05:31:25.902+0000] {processor.py:650} INFO - DAG(s) dict_keys(['change_later']) retrieved from /opt/airflow/dags/elastic_search.py
[2025-04-13T05:31:25.921+0000] {logging_mixin.py:115} INFO - [2025-04-13T05:31:25.920+0000] {dag.py:2429} INFO - Sync 1 DAGs
[2025-04-13T05:31:25.938+0000] {logging_mixin.py:115} INFO - [2025-04-13T05:31:25.938+0000] {dag.py:2981} INFO - Setting next_dagrun for change_later to 2025-04-13T00:00:00+00:00, run_after=2025-04-20T00:00:00+00:00
[2025-04-13T05:31:25.949+0000] {processor.py:161} INFO - Processing /opt/airflow/dags/elastic_search.py took 0.390 seconds
[2025-04-13T05:31:56.059+0000] {processor.py:153} INFO - Started process (PID=261) to work on /opt/airflow/dags/elastic_search.py
[2025-04-13T05:31:56.060+0000] {processor.py:640} INFO - Processing file /opt/airflow/dags/elastic_search.py for tasks to queue
[2025-04-13T05:31:56.061+0000] {logging_mixin.py:115} INFO - [2025-04-13T05:31:56.061+0000] {dagbag.py:508} INFO - Filling up the DagBag from /opt/airflow/dags/elastic_search.py
[2025-04-13T05:31:56.416+0000] {processor.py:650} INFO - DAG(s) dict_keys(['change_later']) retrieved from /opt/airflow/dags/elastic_search.py
[2025-04-13T05:31:56.433+0000] {logging_mixin.py:115} INFO - [2025-04-13T05:31:56.433+0000] {dag.py:2429} INFO - Sync 1 DAGs
[2025-04-13T05:31:56.449+0000] {logging_mixin.py:115} INFO - [2025-04-13T05:31:56.449+0000] {dag.py:2981} INFO - Setting next_dagrun for change_later to 2025-04-13T00:00:00+00:00, run_after=2025-04-20T00:00:00+00:00
[2025-04-13T05:31:56.459+0000] {processor.py:161} INFO - Processing /opt/airflow/dags/elastic_search.py took 0.402 seconds
[2025-04-13T05:32:26.569+0000] {processor.py:153} INFO - Started process (PID=267) to work on /opt/airflow/dags/elastic_search.py
[2025-04-13T05:32:26.570+0000] {processor.py:640} INFO - Processing file /opt/airflow/dags/elastic_search.py for tasks to queue
[2025-04-13T05:32:26.571+0000] {logging_mixin.py:115} INFO - [2025-04-13T05:32:26.571+0000] {dagbag.py:508} INFO - Filling up the DagBag from /opt/airflow/dags/elastic_search.py
[2025-04-13T05:32:27.028+0000] {processor.py:650} INFO - DAG(s) dict_keys(['change_later']) retrieved from /opt/airflow/dags/elastic_search.py
[2025-04-13T05:32:27.045+0000] {logging_mixin.py:115} INFO - [2025-04-13T05:32:27.045+0000] {dag.py:2429} INFO - Sync 1 DAGs
[2025-04-13T05:32:27.066+0000] {logging_mixin.py:115} INFO - [2025-04-13T05:32:27.066+0000] {dag.py:2981} INFO - Setting next_dagrun for change_later to 2025-04-13T00:00:00+00:00, run_after=2025-04-20T00:00:00+00:00
[2025-04-13T05:32:27.078+0000] {processor.py:161} INFO - Processing /opt/airflow/dags/elastic_search.py took 0.512 seconds
[2025-04-13T05:32:57.196+0000] {processor.py:153} INFO - Started process (PID=273) to work on /opt/airflow/dags/elastic_search.py
[2025-04-13T05:32:57.197+0000] {processor.py:640} INFO - Processing file /opt/airflow/dags/elastic_search.py for tasks to queue
[2025-04-13T05:32:57.198+0000] {logging_mixin.py:115} INFO - [2025-04-13T05:32:57.198+0000] {dagbag.py:508} INFO - Filling up the DagBag from /opt/airflow/dags/elastic_search.py
[2025-04-13T05:32:57.553+0000] {processor.py:650} INFO - DAG(s) dict_keys(['change_later']) retrieved from /opt/airflow/dags/elastic_search.py
[2025-04-13T05:32:57.572+0000] {logging_mixin.py:115} INFO - [2025-04-13T05:32:57.570+0000] {dag.py:2429} INFO - Sync 1 DAGs
[2025-04-13T05:32:57.590+0000] {logging_mixin.py:115} INFO - [2025-04-13T05:32:57.589+0000] {dag.py:2981} INFO - Setting next_dagrun for change_later to 2025-04-13T00:00:00+00:00, run_after=2025-04-20T00:00:00+00:00
[2025-04-13T05:32:57.600+0000] {processor.py:161} INFO - Processing /opt/airflow/dags/elastic_search.py took 0.406 seconds
[2025-04-13T05:33:27.735+0000] {processor.py:153} INFO - Started process (PID=279) to work on /opt/airflow/dags/elastic_search.py
[2025-04-13T05:33:27.736+0000] {processor.py:640} INFO - Processing file /opt/airflow/dags/elastic_search.py for tasks to queue
[2025-04-13T05:33:27.737+0000] {logging_mixin.py:115} INFO - [2025-04-13T05:33:27.737+0000] {dagbag.py:508} INFO - Filling up the DagBag from /opt/airflow/dags/elastic_search.py
[2025-04-13T05:33:28.067+0000] {processor.py:650} INFO - DAG(s) dict_keys(['change_later']) retrieved from /opt/airflow/dags/elastic_search.py
[2025-04-13T05:33:28.084+0000] {logging_mixin.py:115} INFO - [2025-04-13T05:33:28.083+0000] {dag.py:2429} INFO - Sync 1 DAGs
[2025-04-13T05:33:28.099+0000] {logging_mixin.py:115} INFO - [2025-04-13T05:33:28.099+0000] {dag.py:2981} INFO - Setting next_dagrun for change_later to 2025-04-13T00:00:00+00:00, run_after=2025-04-20T00:00:00+00:00
[2025-04-13T05:33:28.109+0000] {processor.py:161} INFO - Processing /opt/airflow/dags/elastic_search.py took 0.376 seconds
[2025-04-13T05:33:58.211+0000] {processor.py:153} INFO - Started process (PID=285) to work on /opt/airflow/dags/elastic_search.py
[2025-04-13T05:33:58.212+0000] {processor.py:640} INFO - Processing file /opt/airflow/dags/elastic_search.py for tasks to queue
[2025-04-13T05:33:58.213+0000] {logging_mixin.py:115} INFO - [2025-04-13T05:33:58.212+0000] {dagbag.py:508} INFO - Filling up the DagBag from /opt/airflow/dags/elastic_search.py
[2025-04-13T05:33:58.533+0000] {processor.py:650} INFO - DAG(s) dict_keys(['change_later']) retrieved from /opt/airflow/dags/elastic_search.py
[2025-04-13T05:33:58.550+0000] {logging_mixin.py:115} INFO - [2025-04-13T05:33:58.549+0000] {dag.py:2429} INFO - Sync 1 DAGs
[2025-04-13T05:33:58.566+0000] {logging_mixin.py:115} INFO - [2025-04-13T05:33:58.566+0000] {dag.py:2981} INFO - Setting next_dagrun for change_later to 2025-04-13T00:00:00+00:00, run_after=2025-04-20T00:00:00+00:00
[2025-04-13T05:33:58.576+0000] {processor.py:161} INFO - Processing /opt/airflow/dags/elastic_search.py took 0.367 seconds
[2025-04-13T05:34:28.675+0000] {processor.py:153} INFO - Started process (PID=291) to work on /opt/airflow/dags/elastic_search.py
[2025-04-13T05:34:28.675+0000] {processor.py:640} INFO - Processing file /opt/airflow/dags/elastic_search.py for tasks to queue
[2025-04-13T05:34:28.676+0000] {logging_mixin.py:115} INFO - [2025-04-13T05:34:28.676+0000] {dagbag.py:508} INFO - Filling up the DagBag from /opt/airflow/dags/elastic_search.py
[2025-04-13T05:34:29.033+0000] {processor.py:650} INFO - DAG(s) dict_keys(['change_later']) retrieved from /opt/airflow/dags/elastic_search.py
[2025-04-13T05:34:29.052+0000] {logging_mixin.py:115} INFO - [2025-04-13T05:34:29.051+0000] {dag.py:2429} INFO - Sync 1 DAGs
[2025-04-13T05:34:29.072+0000] {logging_mixin.py:115} INFO - [2025-04-13T05:34:29.072+0000] {dag.py:2981} INFO - Setting next_dagrun for change_later to 2025-04-13T00:00:00+00:00, run_after=2025-04-20T00:00:00+00:00
[2025-04-13T05:34:29.086+0000] {processor.py:161} INFO - Processing /opt/airflow/dags/elastic_search.py took 0.413 seconds
[2025-04-13T05:34:59.195+0000] {processor.py:153} INFO - Started process (PID=297) to work on /opt/airflow/dags/elastic_search.py
[2025-04-13T05:34:59.196+0000] {processor.py:640} INFO - Processing file /opt/airflow/dags/elastic_search.py for tasks to queue
[2025-04-13T05:34:59.197+0000] {logging_mixin.py:115} INFO - [2025-04-13T05:34:59.196+0000] {dagbag.py:508} INFO - Filling up the DagBag from /opt/airflow/dags/elastic_search.py
[2025-04-13T05:34:59.526+0000] {processor.py:650} INFO - DAG(s) dict_keys(['change_later']) retrieved from /opt/airflow/dags/elastic_search.py
[2025-04-13T05:34:59.542+0000] {logging_mixin.py:115} INFO - [2025-04-13T05:34:59.542+0000] {dag.py:2429} INFO - Sync 1 DAGs
[2025-04-13T05:34:59.559+0000] {logging_mixin.py:115} INFO - [2025-04-13T05:34:59.559+0000] {dag.py:2981} INFO - Setting next_dagrun for change_later to 2025-04-13T00:00:00+00:00, run_after=2025-04-20T00:00:00+00:00
[2025-04-13T05:34:59.568+0000] {processor.py:161} INFO - Processing /opt/airflow/dags/elastic_search.py took 0.376 seconds
[2025-04-13T05:35:29.674+0000] {processor.py:153} INFO - Started process (PID=303) to work on /opt/airflow/dags/elastic_search.py
[2025-04-13T05:35:29.675+0000] {processor.py:640} INFO - Processing file /opt/airflow/dags/elastic_search.py for tasks to queue
[2025-04-13T05:35:29.676+0000] {logging_mixin.py:115} INFO - [2025-04-13T05:35:29.675+0000] {dagbag.py:508} INFO - Filling up the DagBag from /opt/airflow/dags/elastic_search.py
[2025-04-13T05:35:29.987+0000] {processor.py:650} INFO - DAG(s) dict_keys(['change_later']) retrieved from /opt/airflow/dags/elastic_search.py
[2025-04-13T05:35:30.004+0000] {logging_mixin.py:115} INFO - [2025-04-13T05:35:30.003+0000] {dag.py:2429} INFO - Sync 1 DAGs
[2025-04-13T05:35:30.019+0000] {logging_mixin.py:115} INFO - [2025-04-13T05:35:30.019+0000] {dag.py:2981} INFO - Setting next_dagrun for change_later to 2025-04-13T00:00:00+00:00, run_after=2025-04-20T00:00:00+00:00
[2025-04-13T05:35:30.030+0000] {processor.py:161} INFO - Processing /opt/airflow/dags/elastic_search.py took 0.358 seconds
[2025-04-13T05:36:00.125+0000] {processor.py:153} INFO - Started process (PID=309) to work on /opt/airflow/dags/elastic_search.py
[2025-04-13T05:36:00.126+0000] {processor.py:640} INFO - Processing file /opt/airflow/dags/elastic_search.py for tasks to queue
[2025-04-13T05:36:00.127+0000] {logging_mixin.py:115} INFO - [2025-04-13T05:36:00.127+0000] {dagbag.py:508} INFO - Filling up the DagBag from /opt/airflow/dags/elastic_search.py
[2025-04-13T05:36:00.440+0000] {processor.py:650} INFO - DAG(s) dict_keys(['change_later']) retrieved from /opt/airflow/dags/elastic_search.py
[2025-04-13T05:36:00.457+0000] {logging_mixin.py:115} INFO - [2025-04-13T05:36:00.457+0000] {dag.py:2429} INFO - Sync 1 DAGs
[2025-04-13T05:36:00.472+0000] {logging_mixin.py:115} INFO - [2025-04-13T05:36:00.472+0000] {dag.py:2981} INFO - Setting next_dagrun for change_later to 2025-04-13T00:00:00+00:00, run_after=2025-04-20T00:00:00+00:00
[2025-04-13T05:36:00.482+0000] {processor.py:161} INFO - Processing /opt/airflow/dags/elastic_search.py took 0.360 seconds
[2025-04-13T05:36:30.583+0000] {processor.py:153} INFO - Started process (PID=315) to work on /opt/airflow/dags/elastic_search.py
[2025-04-13T05:36:30.584+0000] {processor.py:640} INFO - Processing file /opt/airflow/dags/elastic_search.py for tasks to queue
[2025-04-13T05:36:30.584+0000] {logging_mixin.py:115} INFO - [2025-04-13T05:36:30.584+0000] {dagbag.py:508} INFO - Filling up the DagBag from /opt/airflow/dags/elastic_search.py
[2025-04-13T05:36:30.937+0000] {processor.py:650} INFO - DAG(s) dict_keys(['change_later']) retrieved from /opt/airflow/dags/elastic_search.py
[2025-04-13T05:36:30.956+0000] {logging_mixin.py:115} INFO - [2025-04-13T05:36:30.955+0000] {dag.py:2429} INFO - Sync 1 DAGs
[2025-04-13T05:36:30.974+0000] {logging_mixin.py:115} INFO - [2025-04-13T05:36:30.974+0000] {dag.py:2981} INFO - Setting next_dagrun for change_later to 2025-04-13T00:00:00+00:00, run_after=2025-04-20T00:00:00+00:00
[2025-04-13T05:36:30.985+0000] {processor.py:161} INFO - Processing /opt/airflow/dags/elastic_search.py took 0.405 seconds
[2025-04-13T05:37:01.095+0000] {processor.py:153} INFO - Started process (PID=321) to work on /opt/airflow/dags/elastic_search.py
[2025-04-13T05:37:01.096+0000] {processor.py:640} INFO - Processing file /opt/airflow/dags/elastic_search.py for tasks to queue
[2025-04-13T05:37:01.097+0000] {logging_mixin.py:115} INFO - [2025-04-13T05:37:01.096+0000] {dagbag.py:508} INFO - Filling up the DagBag from /opt/airflow/dags/elastic_search.py
[2025-04-13T05:37:01.428+0000] {processor.py:650} INFO - DAG(s) dict_keys(['change_later']) retrieved from /opt/airflow/dags/elastic_search.py
[2025-04-13T05:37:01.445+0000] {logging_mixin.py:115} INFO - [2025-04-13T05:37:01.445+0000] {dag.py:2429} INFO - Sync 1 DAGs
[2025-04-13T05:37:01.461+0000] {logging_mixin.py:115} INFO - [2025-04-13T05:37:01.461+0000] {dag.py:2981} INFO - Setting next_dagrun for change_later to 2025-04-13T00:00:00+00:00, run_after=2025-04-20T00:00:00+00:00
[2025-04-13T05:37:01.471+0000] {processor.py:161} INFO - Processing /opt/airflow/dags/elastic_search.py took 0.378 seconds
[2025-04-13T05:37:31.577+0000] {processor.py:153} INFO - Started process (PID=327) to work on /opt/airflow/dags/elastic_search.py
[2025-04-13T05:37:31.578+0000] {processor.py:640} INFO - Processing file /opt/airflow/dags/elastic_search.py for tasks to queue
[2025-04-13T05:37:31.579+0000] {logging_mixin.py:115} INFO - [2025-04-13T05:37:31.579+0000] {dagbag.py:508} INFO - Filling up the DagBag from /opt/airflow/dags/elastic_search.py
[2025-04-13T05:37:31.934+0000] {processor.py:650} INFO - DAG(s) dict_keys(['change_later']) retrieved from /opt/airflow/dags/elastic_search.py
[2025-04-13T05:37:31.953+0000] {logging_mixin.py:115} INFO - [2025-04-13T05:37:31.953+0000] {dag.py:2429} INFO - Sync 1 DAGs
[2025-04-13T05:37:31.971+0000] {logging_mixin.py:115} INFO - [2025-04-13T05:37:31.971+0000] {dag.py:2981} INFO - Setting next_dagrun for change_later to 2025-04-13T00:00:00+00:00, run_after=2025-04-20T00:00:00+00:00
[2025-04-13T05:37:31.984+0000] {processor.py:161} INFO - Processing /opt/airflow/dags/elastic_search.py took 0.409 seconds
[2025-04-13T05:38:02.090+0000] {processor.py:153} INFO - Started process (PID=333) to work on /opt/airflow/dags/elastic_search.py
[2025-04-13T05:38:02.091+0000] {processor.py:640} INFO - Processing file /opt/airflow/dags/elastic_search.py for tasks to queue
[2025-04-13T05:38:02.091+0000] {logging_mixin.py:115} INFO - [2025-04-13T05:38:02.091+0000] {dagbag.py:508} INFO - Filling up the DagBag from /opt/airflow/dags/elastic_search.py
[2025-04-13T05:38:02.404+0000] {processor.py:650} INFO - DAG(s) dict_keys(['change_later']) retrieved from /opt/airflow/dags/elastic_search.py
[2025-04-13T05:38:02.420+0000] {logging_mixin.py:115} INFO - [2025-04-13T05:38:02.420+0000] {dag.py:2429} INFO - Sync 1 DAGs
[2025-04-13T05:38:02.436+0000] {logging_mixin.py:115} INFO - [2025-04-13T05:38:02.436+0000] {dag.py:2981} INFO - Setting next_dagrun for change_later to 2025-04-13T00:00:00+00:00, run_after=2025-04-20T00:00:00+00:00
[2025-04-13T05:38:02.447+0000] {processor.py:161} INFO - Processing /opt/airflow/dags/elastic_search.py took 0.359 seconds
[2025-04-13T05:38:32.552+0000] {processor.py:153} INFO - Started process (PID=339) to work on /opt/airflow/dags/elastic_search.py
[2025-04-13T05:38:32.553+0000] {processor.py:640} INFO - Processing file /opt/airflow/dags/elastic_search.py for tasks to queue
[2025-04-13T05:38:32.553+0000] {logging_mixin.py:115} INFO - [2025-04-13T05:38:32.553+0000] {dagbag.py:508} INFO - Filling up the DagBag from /opt/airflow/dags/elastic_search.py
[2025-04-13T05:38:32.870+0000] {processor.py:650} INFO - DAG(s) dict_keys(['change_later']) retrieved from /opt/airflow/dags/elastic_search.py
[2025-04-13T05:38:32.886+0000] {logging_mixin.py:115} INFO - [2025-04-13T05:38:32.886+0000] {dag.py:2429} INFO - Sync 1 DAGs
[2025-04-13T05:38:32.902+0000] {logging_mixin.py:115} INFO - [2025-04-13T05:38:32.902+0000] {dag.py:2981} INFO - Setting next_dagrun for change_later to 2025-04-13T00:00:00+00:00, run_after=2025-04-20T00:00:00+00:00
[2025-04-13T05:38:32.911+0000] {processor.py:161} INFO - Processing /opt/airflow/dags/elastic_search.py took 0.363 seconds
[2025-04-13T05:39:03.014+0000] {processor.py:153} INFO - Started process (PID=345) to work on /opt/airflow/dags/elastic_search.py
[2025-04-13T05:39:03.015+0000] {processor.py:640} INFO - Processing file /opt/airflow/dags/elastic_search.py for tasks to queue
[2025-04-13T05:39:03.015+0000] {logging_mixin.py:115} INFO - [2025-04-13T05:39:03.015+0000] {dagbag.py:508} INFO - Filling up the DagBag from /opt/airflow/dags/elastic_search.py
[2025-04-13T05:39:03.323+0000] {processor.py:650} INFO - DAG(s) dict_keys(['change_later']) retrieved from /opt/airflow/dags/elastic_search.py
[2025-04-13T05:39:03.340+0000] {logging_mixin.py:115} INFO - [2025-04-13T05:39:03.340+0000] {dag.py:2429} INFO - Sync 1 DAGs
[2025-04-13T05:39:03.355+0000] {logging_mixin.py:115} INFO - [2025-04-13T05:39:03.355+0000] {dag.py:2981} INFO - Setting next_dagrun for change_later to 2025-04-13T00:00:00+00:00, run_after=2025-04-20T00:00:00+00:00
[2025-04-13T05:39:03.365+0000] {processor.py:161} INFO - Processing /opt/airflow/dags/elastic_search.py took 0.355 seconds
[2025-04-13T05:39:33.465+0000] {processor.py:153} INFO - Started process (PID=351) to work on /opt/airflow/dags/elastic_search.py
[2025-04-13T05:39:33.466+0000] {processor.py:640} INFO - Processing file /opt/airflow/dags/elastic_search.py for tasks to queue
[2025-04-13T05:39:33.466+0000] {logging_mixin.py:115} INFO - [2025-04-13T05:39:33.466+0000] {dagbag.py:508} INFO - Filling up the DagBag from /opt/airflow/dags/elastic_search.py
[2025-04-13T05:39:33.794+0000] {processor.py:650} INFO - DAG(s) dict_keys(['change_later']) retrieved from /opt/airflow/dags/elastic_search.py
[2025-04-13T05:39:33.824+0000] {logging_mixin.py:115} INFO - [2025-04-13T05:39:33.824+0000] {dag.py:2429} INFO - Sync 1 DAGs
[2025-04-13T05:39:33.841+0000] {logging_mixin.py:115} INFO - [2025-04-13T05:39:33.841+0000] {dag.py:2981} INFO - Setting next_dagrun for change_later to 2025-04-13T00:00:00+00:00, run_after=2025-04-20T00:00:00+00:00
[2025-04-13T05:39:33.852+0000] {processor.py:161} INFO - Processing /opt/airflow/dags/elastic_search.py took 0.391 seconds
[2025-04-13T05:40:03.962+0000] {processor.py:153} INFO - Started process (PID=357) to work on /opt/airflow/dags/elastic_search.py
[2025-04-13T05:40:03.963+0000] {processor.py:640} INFO - Processing file /opt/airflow/dags/elastic_search.py for tasks to queue
[2025-04-13T05:40:03.964+0000] {logging_mixin.py:115} INFO - [2025-04-13T05:40:03.964+0000] {dagbag.py:508} INFO - Filling up the DagBag from /opt/airflow/dags/elastic_search.py
[2025-04-13T05:40:04.278+0000] {processor.py:650} INFO - DAG(s) dict_keys(['change_later']) retrieved from /opt/airflow/dags/elastic_search.py
[2025-04-13T05:40:04.295+0000] {logging_mixin.py:115} INFO - [2025-04-13T05:40:04.295+0000] {dag.py:2429} INFO - Sync 1 DAGs
[2025-04-13T05:40:04.311+0000] {logging_mixin.py:115} INFO - [2025-04-13T05:40:04.311+0000] {dag.py:2981} INFO - Setting next_dagrun for change_later to 2025-04-13T00:00:00+00:00, run_after=2025-04-20T00:00:00+00:00
[2025-04-13T05:40:04.320+0000] {processor.py:161} INFO - Processing /opt/airflow/dags/elastic_search.py took 0.363 seconds
[2025-04-13T05:40:34.419+0000] {processor.py:153} INFO - Started process (PID=363) to work on /opt/airflow/dags/elastic_search.py
[2025-04-13T05:40:34.420+0000] {processor.py:640} INFO - Processing file /opt/airflow/dags/elastic_search.py for tasks to queue
[2025-04-13T05:40:34.421+0000] {logging_mixin.py:115} INFO - [2025-04-13T05:40:34.420+0000] {dagbag.py:508} INFO - Filling up the DagBag from /opt/airflow/dags/elastic_search.py
[2025-04-13T05:40:34.739+0000] {processor.py:650} INFO - DAG(s) dict_keys(['change_later']) retrieved from /opt/airflow/dags/elastic_search.py
[2025-04-13T05:40:34.755+0000] {logging_mixin.py:115} INFO - [2025-04-13T05:40:34.754+0000] {dag.py:2429} INFO - Sync 1 DAGs
[2025-04-13T05:40:34.770+0000] {logging_mixin.py:115} INFO - [2025-04-13T05:40:34.770+0000] {dag.py:2981} INFO - Setting next_dagrun for change_later to 2025-04-13T00:00:00+00:00, run_after=2025-04-20T00:00:00+00:00
[2025-04-13T05:40:34.780+0000] {processor.py:161} INFO - Processing /opt/airflow/dags/elastic_search.py took 0.365 seconds
[2025-04-13T05:41:04.880+0000] {processor.py:153} INFO - Started process (PID=369) to work on /opt/airflow/dags/elastic_search.py
[2025-04-13T05:41:04.881+0000] {processor.py:640} INFO - Processing file /opt/airflow/dags/elastic_search.py for tasks to queue
[2025-04-13T05:41:04.882+0000] {logging_mixin.py:115} INFO - [2025-04-13T05:41:04.882+0000] {dagbag.py:508} INFO - Filling up the DagBag from /opt/airflow/dags/elastic_search.py
[2025-04-13T05:41:05.192+0000] {processor.py:650} INFO - DAG(s) dict_keys(['change_later']) retrieved from /opt/airflow/dags/elastic_search.py
[2025-04-13T05:41:05.208+0000] {logging_mixin.py:115} INFO - [2025-04-13T05:41:05.208+0000] {dag.py:2429} INFO - Sync 1 DAGs
[2025-04-13T05:41:05.223+0000] {logging_mixin.py:115} INFO - [2025-04-13T05:41:05.223+0000] {dag.py:2981} INFO - Setting next_dagrun for change_later to 2025-04-13T00:00:00+00:00, run_after=2025-04-20T00:00:00+00:00
[2025-04-13T05:41:05.233+0000] {processor.py:161} INFO - Processing /opt/airflow/dags/elastic_search.py took 0.357 seconds
[2025-04-13T05:41:35.340+0000] {processor.py:153} INFO - Started process (PID=375) to work on /opt/airflow/dags/elastic_search.py
[2025-04-13T05:41:35.341+0000] {processor.py:640} INFO - Processing file /opt/airflow/dags/elastic_search.py for tasks to queue
[2025-04-13T05:41:35.341+0000] {logging_mixin.py:115} INFO - [2025-04-13T05:41:35.341+0000] {dagbag.py:508} INFO - Filling up the DagBag from /opt/airflow/dags/elastic_search.py
[2025-04-13T05:41:35.670+0000] {processor.py:650} INFO - DAG(s) dict_keys(['change_later']) retrieved from /opt/airflow/dags/elastic_search.py
[2025-04-13T05:41:35.688+0000] {logging_mixin.py:115} INFO - [2025-04-13T05:41:35.688+0000] {dag.py:2429} INFO - Sync 1 DAGs
[2025-04-13T05:41:35.704+0000] {logging_mixin.py:115} INFO - [2025-04-13T05:41:35.704+0000] {dag.py:2981} INFO - Setting next_dagrun for change_later to 2025-04-13T00:00:00+00:00, run_after=2025-04-20T00:00:00+00:00
[2025-04-13T05:41:35.713+0000] {processor.py:161} INFO - Processing /opt/airflow/dags/elastic_search.py took 0.378 seconds
[2025-04-13T05:42:05.818+0000] {processor.py:153} INFO - Started process (PID=381) to work on /opt/airflow/dags/elastic_search.py
[2025-04-13T05:42:05.819+0000] {processor.py:640} INFO - Processing file /opt/airflow/dags/elastic_search.py for tasks to queue
[2025-04-13T05:42:05.819+0000] {logging_mixin.py:115} INFO - [2025-04-13T05:42:05.819+0000] {dagbag.py:508} INFO - Filling up the DagBag from /opt/airflow/dags/elastic_search.py
[2025-04-13T05:42:06.149+0000] {processor.py:650} INFO - DAG(s) dict_keys(['change_later']) retrieved from /opt/airflow/dags/elastic_search.py
[2025-04-13T05:42:06.166+0000] {logging_mixin.py:115} INFO - [2025-04-13T05:42:06.166+0000] {dag.py:2429} INFO - Sync 1 DAGs
[2025-04-13T05:42:06.182+0000] {logging_mixin.py:115} INFO - [2025-04-13T05:42:06.182+0000] {dag.py:2981} INFO - Setting next_dagrun for change_later to 2025-04-13T00:00:00+00:00, run_after=2025-04-20T00:00:00+00:00
[2025-04-13T05:42:06.191+0000] {processor.py:161} INFO - Processing /opt/airflow/dags/elastic_search.py took 0.377 seconds
[2025-04-13T05:42:36.298+0000] {processor.py:153} INFO - Started process (PID=387) to work on /opt/airflow/dags/elastic_search.py
[2025-04-13T05:42:36.299+0000] {processor.py:640} INFO - Processing file /opt/airflow/dags/elastic_search.py for tasks to queue
[2025-04-13T05:42:36.300+0000] {logging_mixin.py:115} INFO - [2025-04-13T05:42:36.300+0000] {dagbag.py:508} INFO - Filling up the DagBag from /opt/airflow/dags/elastic_search.py
[2025-04-13T05:42:36.610+0000] {processor.py:650} INFO - DAG(s) dict_keys(['change_later']) retrieved from /opt/airflow/dags/elastic_search.py
[2025-04-13T05:42:36.627+0000] {logging_mixin.py:115} INFO - [2025-04-13T05:42:36.626+0000] {dag.py:2429} INFO - Sync 1 DAGs
[2025-04-13T05:42:36.642+0000] {logging_mixin.py:115} INFO - [2025-04-13T05:42:36.642+0000] {dag.py:2981} INFO - Setting next_dagrun for change_later to 2025-04-13T00:00:00+00:00, run_after=2025-04-20T00:00:00+00:00
[2025-04-13T05:42:36.654+0000] {processor.py:161} INFO - Processing /opt/airflow/dags/elastic_search.py took 0.360 seconds
[2025-04-13T05:43:06.762+0000] {processor.py:153} INFO - Started process (PID=393) to work on /opt/airflow/dags/elastic_search.py
[2025-04-13T05:43:06.763+0000] {processor.py:640} INFO - Processing file /opt/airflow/dags/elastic_search.py for tasks to queue
[2025-04-13T05:43:06.763+0000] {logging_mixin.py:115} INFO - [2025-04-13T05:43:06.763+0000] {dagbag.py:508} INFO - Filling up the DagBag from /opt/airflow/dags/elastic_search.py
[2025-04-13T05:43:07.110+0000] {processor.py:650} INFO - DAG(s) dict_keys(['change_later']) retrieved from /opt/airflow/dags/elastic_search.py
[2025-04-13T05:43:07.126+0000] {logging_mixin.py:115} INFO - [2025-04-13T05:43:07.125+0000] {dag.py:2429} INFO - Sync 1 DAGs
[2025-04-13T05:43:07.143+0000] {logging_mixin.py:115} INFO - [2025-04-13T05:43:07.142+0000] {dag.py:2981} INFO - Setting next_dagrun for change_later to 2025-04-13T00:00:00+00:00, run_after=2025-04-20T00:00:00+00:00
[2025-04-13T05:43:07.154+0000] {processor.py:161} INFO - Processing /opt/airflow/dags/elastic_search.py took 0.398 seconds
[2025-04-13T05:43:37.291+0000] {processor.py:153} INFO - Started process (PID=399) to work on /opt/airflow/dags/elastic_search.py
[2025-04-13T05:43:37.292+0000] {processor.py:640} INFO - Processing file /opt/airflow/dags/elastic_search.py for tasks to queue
[2025-04-13T05:43:37.293+0000] {logging_mixin.py:115} INFO - [2025-04-13T05:43:37.293+0000] {dagbag.py:508} INFO - Filling up the DagBag from /opt/airflow/dags/elastic_search.py
[2025-04-13T05:43:37.623+0000] {processor.py:650} INFO - DAG(s) dict_keys(['change_later']) retrieved from /opt/airflow/dags/elastic_search.py
[2025-04-13T05:43:37.640+0000] {logging_mixin.py:115} INFO - [2025-04-13T05:43:37.639+0000] {dag.py:2429} INFO - Sync 1 DAGs
[2025-04-13T05:43:37.655+0000] {logging_mixin.py:115} INFO - [2025-04-13T05:43:37.655+0000] {dag.py:2981} INFO - Setting next_dagrun for change_later to 2025-04-13T00:00:00+00:00, run_after=2025-04-20T00:00:00+00:00
[2025-04-13T05:43:37.665+0000] {processor.py:161} INFO - Processing /opt/airflow/dags/elastic_search.py took 0.376 seconds
[2025-04-13T05:44:07.776+0000] {processor.py:153} INFO - Started process (PID=405) to work on /opt/airflow/dags/elastic_search.py
[2025-04-13T05:44:07.777+0000] {processor.py:640} INFO - Processing file /opt/airflow/dags/elastic_search.py for tasks to queue
[2025-04-13T05:44:07.778+0000] {logging_mixin.py:115} INFO - [2025-04-13T05:44:07.777+0000] {dagbag.py:508} INFO - Filling up the DagBag from /opt/airflow/dags/elastic_search.py
[2025-04-13T05:44:08.094+0000] {processor.py:650} INFO - DAG(s) dict_keys(['change_later']) retrieved from /opt/airflow/dags/elastic_search.py
[2025-04-13T05:44:08.110+0000] {logging_mixin.py:115} INFO - [2025-04-13T05:44:08.110+0000] {dag.py:2429} INFO - Sync 1 DAGs
[2025-04-13T05:44:08.126+0000] {logging_mixin.py:115} INFO - [2025-04-13T05:44:08.126+0000] {dag.py:2981} INFO - Setting next_dagrun for change_later to 2025-04-13T00:00:00+00:00, run_after=2025-04-20T00:00:00+00:00
[2025-04-13T05:44:08.136+0000] {processor.py:161} INFO - Processing /opt/airflow/dags/elastic_search.py took 0.362 seconds
[2025-04-13T05:44:38.241+0000] {processor.py:153} INFO - Started process (PID=411) to work on /opt/airflow/dags/elastic_search.py
[2025-04-13T05:44:38.242+0000] {processor.py:640} INFO - Processing file /opt/airflow/dags/elastic_search.py for tasks to queue
[2025-04-13T05:44:38.242+0000] {logging_mixin.py:115} INFO - [2025-04-13T05:44:38.242+0000] {dagbag.py:508} INFO - Filling up the DagBag from /opt/airflow/dags/elastic_search.py
[2025-04-13T05:44:38.555+0000] {processor.py:650} INFO - DAG(s) dict_keys(['change_later']) retrieved from /opt/airflow/dags/elastic_search.py
[2025-04-13T05:44:38.572+0000] {logging_mixin.py:115} INFO - [2025-04-13T05:44:38.571+0000] {dag.py:2429} INFO - Sync 1 DAGs
[2025-04-13T05:44:38.588+0000] {logging_mixin.py:115} INFO - [2025-04-13T05:44:38.587+0000] {dag.py:2981} INFO - Setting next_dagrun for change_later to 2025-04-13T00:00:00+00:00, run_after=2025-04-20T00:00:00+00:00
[2025-04-13T05:44:38.598+0000] {processor.py:161} INFO - Processing /opt/airflow/dags/elastic_search.py took 0.360 seconds
[2025-04-13T05:45:08.696+0000] {processor.py:153} INFO - Started process (PID=417) to work on /opt/airflow/dags/elastic_search.py
[2025-04-13T05:45:08.696+0000] {processor.py:640} INFO - Processing file /opt/airflow/dags/elastic_search.py for tasks to queue
[2025-04-13T05:45:08.697+0000] {logging_mixin.py:115} INFO - [2025-04-13T05:45:08.697+0000] {dagbag.py:508} INFO - Filling up the DagBag from /opt/airflow/dags/elastic_search.py
[2025-04-13T05:45:09.054+0000] {processor.py:650} INFO - DAG(s) dict_keys(['change_later']) retrieved from /opt/airflow/dags/elastic_search.py
[2025-04-13T05:45:09.075+0000] {logging_mixin.py:115} INFO - [2025-04-13T05:45:09.074+0000] {dag.py:2429} INFO - Sync 1 DAGs
[2025-04-13T05:45:09.092+0000] {logging_mixin.py:115} INFO - [2025-04-13T05:45:09.092+0000] {dag.py:2981} INFO - Setting next_dagrun for change_later to 2025-04-13T00:00:00+00:00, run_after=2025-04-20T00:00:00+00:00
[2025-04-13T05:45:09.107+0000] {processor.py:161} INFO - Processing /opt/airflow/dags/elastic_search.py took 0.414 seconds
[2025-04-13T05:45:39.222+0000] {processor.py:153} INFO - Started process (PID=423) to work on /opt/airflow/dags/elastic_search.py
[2025-04-13T05:45:39.223+0000] {processor.py:640} INFO - Processing file /opt/airflow/dags/elastic_search.py for tasks to queue
[2025-04-13T05:45:39.223+0000] {logging_mixin.py:115} INFO - [2025-04-13T05:45:39.223+0000] {dagbag.py:508} INFO - Filling up the DagBag from /opt/airflow/dags/elastic_search.py
[2025-04-13T05:45:39.563+0000] {processor.py:650} INFO - DAG(s) dict_keys(['change_later']) retrieved from /opt/airflow/dags/elastic_search.py
[2025-04-13T05:45:39.583+0000] {logging_mixin.py:115} INFO - [2025-04-13T05:45:39.583+0000] {dag.py:2429} INFO - Sync 1 DAGs
[2025-04-13T05:45:39.606+0000] {logging_mixin.py:115} INFO - [2025-04-13T05:45:39.605+0000] {dag.py:2981} INFO - Setting next_dagrun for change_later to 2025-04-13T00:00:00+00:00, run_after=2025-04-20T00:00:00+00:00
[2025-04-13T05:45:39.616+0000] {processor.py:161} INFO - Processing /opt/airflow/dags/elastic_search.py took 0.396 seconds
[2025-04-13T05:46:09.725+0000] {processor.py:153} INFO - Started process (PID=429) to work on /opt/airflow/dags/elastic_search.py
[2025-04-13T05:46:09.726+0000] {processor.py:640} INFO - Processing file /opt/airflow/dags/elastic_search.py for tasks to queue
[2025-04-13T05:46:09.727+0000] {logging_mixin.py:115} INFO - [2025-04-13T05:46:09.727+0000] {dagbag.py:508} INFO - Filling up the DagBag from /opt/airflow/dags/elastic_search.py
[2025-04-13T05:46:10.067+0000] {processor.py:650} INFO - DAG(s) dict_keys(['change_later']) retrieved from /opt/airflow/dags/elastic_search.py
[2025-04-13T05:46:10.086+0000] {logging_mixin.py:115} INFO - [2025-04-13T05:46:10.085+0000] {dag.py:2429} INFO - Sync 1 DAGs
[2025-04-13T05:46:10.103+0000] {logging_mixin.py:115} INFO - [2025-04-13T05:46:10.103+0000] {dag.py:2981} INFO - Setting next_dagrun for change_later to 2025-04-13T00:00:00+00:00, run_after=2025-04-20T00:00:00+00:00
[2025-04-13T05:46:10.114+0000] {processor.py:161} INFO - Processing /opt/airflow/dags/elastic_search.py took 0.392 seconds
[2025-04-13T05:46:40.224+0000] {processor.py:153} INFO - Started process (PID=435) to work on /opt/airflow/dags/elastic_search.py
[2025-04-13T05:46:40.224+0000] {processor.py:640} INFO - Processing file /opt/airflow/dags/elastic_search.py for tasks to queue
[2025-04-13T05:46:40.225+0000] {logging_mixin.py:115} INFO - [2025-04-13T05:46:40.225+0000] {dagbag.py:508} INFO - Filling up the DagBag from /opt/airflow/dags/elastic_search.py
[2025-04-13T05:46:40.568+0000] {processor.py:650} INFO - DAG(s) dict_keys(['change_later']) retrieved from /opt/airflow/dags/elastic_search.py
[2025-04-13T05:46:40.585+0000] {logging_mixin.py:115} INFO - [2025-04-13T05:46:40.585+0000] {dag.py:2429} INFO - Sync 1 DAGs
[2025-04-13T05:46:40.601+0000] {logging_mixin.py:115} INFO - [2025-04-13T05:46:40.601+0000] {dag.py:2981} INFO - Setting next_dagrun for change_later to 2025-04-13T00:00:00+00:00, run_after=2025-04-20T00:00:00+00:00
[2025-04-13T05:46:40.612+0000] {processor.py:161} INFO - Processing /opt/airflow/dags/elastic_search.py took 0.391 seconds
[2025-04-13T05:47:10.718+0000] {processor.py:153} INFO - Started process (PID=441) to work on /opt/airflow/dags/elastic_search.py
[2025-04-13T05:47:10.719+0000] {processor.py:640} INFO - Processing file /opt/airflow/dags/elastic_search.py for tasks to queue
[2025-04-13T05:47:10.720+0000] {logging_mixin.py:115} INFO - [2025-04-13T05:47:10.720+0000] {dagbag.py:508} INFO - Filling up the DagBag from /opt/airflow/dags/elastic_search.py
[2025-04-13T05:47:11.044+0000] {processor.py:650} INFO - DAG(s) dict_keys(['change_later']) retrieved from /opt/airflow/dags/elastic_search.py
[2025-04-13T05:47:11.061+0000] {logging_mixin.py:115} INFO - [2025-04-13T05:47:11.061+0000] {dag.py:2429} INFO - Sync 1 DAGs
[2025-04-13T05:47:11.078+0000] {logging_mixin.py:115} INFO - [2025-04-13T05:47:11.078+0000] {dag.py:2981} INFO - Setting next_dagrun for change_later to 2025-04-13T00:00:00+00:00, run_after=2025-04-20T00:00:00+00:00
[2025-04-13T05:47:11.088+0000] {processor.py:161} INFO - Processing /opt/airflow/dags/elastic_search.py took 0.372 seconds
[2025-04-13T05:47:41.194+0000] {processor.py:153} INFO - Started process (PID=447) to work on /opt/airflow/dags/elastic_search.py
[2025-04-13T05:47:41.195+0000] {processor.py:640} INFO - Processing file /opt/airflow/dags/elastic_search.py for tasks to queue
[2025-04-13T05:47:41.196+0000] {logging_mixin.py:115} INFO - [2025-04-13T05:47:41.196+0000] {dagbag.py:508} INFO - Filling up the DagBag from /opt/airflow/dags/elastic_search.py
[2025-04-13T05:47:41.523+0000] {processor.py:650} INFO - DAG(s) dict_keys(['change_later']) retrieved from /opt/airflow/dags/elastic_search.py
[2025-04-13T05:47:41.539+0000] {logging_mixin.py:115} INFO - [2025-04-13T05:47:41.539+0000] {dag.py:2429} INFO - Sync 1 DAGs
[2025-04-13T05:47:41.555+0000] {logging_mixin.py:115} INFO - [2025-04-13T05:47:41.554+0000] {dag.py:2981} INFO - Setting next_dagrun for change_later to 2025-04-13T00:00:00+00:00, run_after=2025-04-20T00:00:00+00:00
[2025-04-13T05:47:41.564+0000] {processor.py:161} INFO - Processing /opt/airflow/dags/elastic_search.py took 0.373 seconds
[2025-04-13T05:48:11.669+0000] {processor.py:153} INFO - Started process (PID=459) to work on /opt/airflow/dags/elastic_search.py
[2025-04-13T05:48:11.669+0000] {processor.py:640} INFO - Processing file /opt/airflow/dags/elastic_search.py for tasks to queue
[2025-04-13T05:48:11.670+0000] {logging_mixin.py:115} INFO - [2025-04-13T05:48:11.670+0000] {dagbag.py:508} INFO - Filling up the DagBag from /opt/airflow/dags/elastic_search.py
[2025-04-13T05:48:12.000+0000] {processor.py:650} INFO - DAG(s) dict_keys(['change_later']) retrieved from /opt/airflow/dags/elastic_search.py
[2025-04-13T05:48:12.017+0000] {logging_mixin.py:115} INFO - [2025-04-13T05:48:12.016+0000] {dag.py:2429} INFO - Sync 1 DAGs
[2025-04-13T05:48:12.032+0000] {logging_mixin.py:115} INFO - [2025-04-13T05:48:12.032+0000] {dag.py:2981} INFO - Setting next_dagrun for change_later to 2025-04-13T00:00:00+00:00, run_after=2025-04-20T00:00:00+00:00
[2025-04-13T05:48:12.042+0000] {processor.py:161} INFO - Processing /opt/airflow/dags/elastic_search.py took 0.376 seconds
