[2025-04-13T09:01:42.423+0000] {processor.py:153} INFO - Started process (PID=196) to work on /opt/airflow/dags/P2M3_Dionisius_Ray_DAG.py
[2025-04-13T09:01:42.425+0000] {processor.py:640} INFO - Processing file /opt/airflow/dags/P2M3_Dionisius_Ray_DAG.py for tasks to queue
[2025-04-13T09:01:42.426+0000] {logging_mixin.py:115} INFO - [2025-04-13T09:01:42.425+0000] {dagbag.py:508} INFO - Filling up the DagBag from /opt/airflow/dags/P2M3_Dionisius_Ray_DAG.py
[2025-04-13T09:01:43.196+0000] {processor.py:650} INFO - DAG(s) dict_keys(['change_later']) retrieved from /opt/airflow/dags/P2M3_Dionisius_Ray_DAG.py
[2025-04-13T09:01:43.254+0000] {logging_mixin.py:115} INFO - [2025-04-13T09:01:43.254+0000] {dag.py:2429} INFO - Sync 1 DAGs
[2025-04-13T09:01:43.278+0000] {logging_mixin.py:115} INFO - [2025-04-13T09:01:43.278+0000] {dag.py:2981} INFO - Setting next_dagrun for change_later to 2025-04-13T00:00:00+00:00, run_after=2025-04-20T00:00:00+00:00
[2025-04-13T09:01:43.296+0000] {processor.py:161} INFO - Processing /opt/airflow/dags/P2M3_Dionisius_Ray_DAG.py took 0.877 seconds
[2025-04-13T09:02:13.431+0000] {processor.py:153} INFO - Started process (PID=208) to work on /opt/airflow/dags/P2M3_Dionisius_Ray_DAG.py
[2025-04-13T09:02:13.432+0000] {processor.py:640} INFO - Processing file /opt/airflow/dags/P2M3_Dionisius_Ray_DAG.py for tasks to queue
[2025-04-13T09:02:13.433+0000] {logging_mixin.py:115} INFO - [2025-04-13T09:02:13.433+0000] {dagbag.py:508} INFO - Filling up the DagBag from /opt/airflow/dags/P2M3_Dionisius_Ray_DAG.py
[2025-04-13T09:02:13.811+0000] {processor.py:650} INFO - DAG(s) dict_keys(['change_later']) retrieved from /opt/airflow/dags/P2M3_Dionisius_Ray_DAG.py
[2025-04-13T09:02:13.841+0000] {logging_mixin.py:115} INFO - [2025-04-13T09:02:13.841+0000] {dag.py:2429} INFO - Sync 1 DAGs
[2025-04-13T09:02:13.864+0000] {logging_mixin.py:115} INFO - [2025-04-13T09:02:13.864+0000] {dag.py:2981} INFO - Setting next_dagrun for change_later to 2025-04-13T00:00:00+00:00, run_after=2025-04-20T00:00:00+00:00
[2025-04-13T09:02:13.877+0000] {processor.py:161} INFO - Processing /opt/airflow/dags/P2M3_Dionisius_Ray_DAG.py took 0.449 seconds
[2025-04-13T12:45:40.175+0000] {processor.py:153} INFO - Started process (PID=208) to work on /opt/airflow/dags/P2M3_Dionisius_Ray_DAG.py
[2025-04-13T12:45:40.176+0000] {processor.py:640} INFO - Processing file /opt/airflow/dags/P2M3_Dionisius_Ray_DAG.py for tasks to queue
[2025-04-13T12:45:40.177+0000] {logging_mixin.py:115} INFO - [2025-04-13T12:45:40.176+0000] {dagbag.py:508} INFO - Filling up the DagBag from /opt/airflow/dags/P2M3_Dionisius_Ray_DAG.py
[2025-04-13T12:45:40.580+0000] {processor.py:650} INFO - DAG(s) dict_keys(['change_later']) retrieved from /opt/airflow/dags/P2M3_Dionisius_Ray_DAG.py
[2025-04-13T12:45:40.602+0000] {logging_mixin.py:115} INFO - [2025-04-13T12:45:40.601+0000] {dag.py:2429} INFO - Sync 1 DAGs
[2025-04-13T12:45:40.622+0000] {logging_mixin.py:115} INFO - [2025-04-13T12:45:40.622+0000] {dag.py:2981} INFO - Setting next_dagrun for change_later to 2025-04-13T00:00:00+00:00, run_after=2025-04-20T00:00:00+00:00
[2025-04-13T12:45:40.634+0000] {processor.py:161} INFO - Processing /opt/airflow/dags/P2M3_Dionisius_Ray_DAG.py took 0.462 seconds
[2025-04-13T12:46:10.767+0000] {processor.py:153} INFO - Started process (PID=214) to work on /opt/airflow/dags/P2M3_Dionisius_Ray_DAG.py
[2025-04-13T12:46:10.769+0000] {processor.py:640} INFO - Processing file /opt/airflow/dags/P2M3_Dionisius_Ray_DAG.py for tasks to queue
[2025-04-13T12:46:10.770+0000] {logging_mixin.py:115} INFO - [2025-04-13T12:46:10.770+0000] {dagbag.py:508} INFO - Filling up the DagBag from /opt/airflow/dags/P2M3_Dionisius_Ray_DAG.py
[2025-04-13T12:46:12.251+0000] {processor.py:650} INFO - DAG(s) dict_keys(['change_later']) retrieved from /opt/airflow/dags/P2M3_Dionisius_Ray_DAG.py
[2025-04-13T12:46:12.280+0000] {logging_mixin.py:115} INFO - [2025-04-13T12:46:12.279+0000] {dag.py:2429} INFO - Sync 1 DAGs
[2025-04-13T12:46:12.305+0000] {logging_mixin.py:115} INFO - [2025-04-13T12:46:12.305+0000] {dag.py:2981} INFO - Setting next_dagrun for change_later to 2025-04-13T00:00:00+00:00, run_after=2025-04-20T00:00:00+00:00
[2025-04-13T12:46:12.320+0000] {processor.py:161} INFO - Processing /opt/airflow/dags/P2M3_Dionisius_Ray_DAG.py took 1.558 seconds
[2025-04-13T12:46:20.361+0000] {processor.py:153} INFO - Started process (PID=220) to work on /opt/airflow/dags/P2M3_Dionisius_Ray_DAG.py
[2025-04-13T12:46:20.362+0000] {processor.py:640} INFO - Processing file /opt/airflow/dags/P2M3_Dionisius_Ray_DAG.py for tasks to queue
[2025-04-13T12:46:20.363+0000] {logging_mixin.py:115} INFO - [2025-04-13T12:46:20.363+0000] {dagbag.py:508} INFO - Filling up the DagBag from /opt/airflow/dags/P2M3_Dionisius_Ray_DAG.py
[2025-04-13T12:46:21.002+0000] {processor.py:650} INFO - DAG(s) dict_keys(['change_later']) retrieved from /opt/airflow/dags/P2M3_Dionisius_Ray_DAG.py
[2025-04-13T12:46:21.065+0000] {logging_mixin.py:115} INFO - [2025-04-13T12:46:21.064+0000] {dag.py:2429} INFO - Sync 1 DAGs
[2025-04-13T12:46:21.092+0000] {logging_mixin.py:115} INFO - [2025-04-13T12:46:21.091+0000] {dag.py:2981} INFO - Setting next_dagrun for change_later to 2025-04-13T00:00:00+00:00, run_after=2025-04-20T00:00:00+00:00
[2025-04-13T12:46:21.114+0000] {processor.py:161} INFO - Processing /opt/airflow/dags/P2M3_Dionisius_Ray_DAG.py took 0.757 seconds
[2025-04-13T12:46:51.241+0000] {processor.py:153} INFO - Started process (PID=235) to work on /opt/airflow/dags/P2M3_Dionisius_Ray_DAG.py
[2025-04-13T12:46:51.243+0000] {processor.py:640} INFO - Processing file /opt/airflow/dags/P2M3_Dionisius_Ray_DAG.py for tasks to queue
[2025-04-13T12:46:51.244+0000] {logging_mixin.py:115} INFO - [2025-04-13T12:46:51.244+0000] {dagbag.py:508} INFO - Filling up the DagBag from /opt/airflow/dags/P2M3_Dionisius_Ray_DAG.py
[2025-04-13T12:46:51.717+0000] {processor.py:650} INFO - DAG(s) dict_keys(['change_later']) retrieved from /opt/airflow/dags/P2M3_Dionisius_Ray_DAG.py
[2025-04-13T12:46:51.736+0000] {logging_mixin.py:115} INFO - [2025-04-13T12:46:51.736+0000] {dag.py:2429} INFO - Sync 1 DAGs
[2025-04-13T12:46:51.756+0000] {logging_mixin.py:115} INFO - [2025-04-13T12:46:51.755+0000] {dag.py:2981} INFO - Setting next_dagrun for change_later to 2025-04-13T00:00:00+00:00, run_after=2025-04-20T00:00:00+00:00
[2025-04-13T12:46:51.767+0000] {processor.py:161} INFO - Processing /opt/airflow/dags/P2M3_Dionisius_Ray_DAG.py took 0.530 seconds
[2025-04-13T12:47:21.871+0000] {processor.py:153} INFO - Started process (PID=241) to work on /opt/airflow/dags/P2M3_Dionisius_Ray_DAG.py
[2025-04-13T12:47:21.872+0000] {processor.py:640} INFO - Processing file /opt/airflow/dags/P2M3_Dionisius_Ray_DAG.py for tasks to queue
[2025-04-13T12:47:21.872+0000] {logging_mixin.py:115} INFO - [2025-04-13T12:47:21.872+0000] {dagbag.py:508} INFO - Filling up the DagBag from /opt/airflow/dags/P2M3_Dionisius_Ray_DAG.py
[2025-04-13T12:47:22.257+0000] {processor.py:650} INFO - DAG(s) dict_keys(['change_later']) retrieved from /opt/airflow/dags/P2M3_Dionisius_Ray_DAG.py
[2025-04-13T12:47:22.274+0000] {logging_mixin.py:115} INFO - [2025-04-13T12:47:22.273+0000] {dag.py:2429} INFO - Sync 1 DAGs
[2025-04-13T12:47:22.290+0000] {logging_mixin.py:115} INFO - [2025-04-13T12:47:22.289+0000] {dag.py:2981} INFO - Setting next_dagrun for change_later to 2025-04-13T00:00:00+00:00, run_after=2025-04-20T00:00:00+00:00
[2025-04-13T12:47:22.299+0000] {processor.py:161} INFO - Processing /opt/airflow/dags/P2M3_Dionisius_Ray_DAG.py took 0.431 seconds
[2025-04-13T12:47:52.416+0000] {processor.py:153} INFO - Started process (PID=247) to work on /opt/airflow/dags/P2M3_Dionisius_Ray_DAG.py
[2025-04-13T12:47:52.417+0000] {processor.py:640} INFO - Processing file /opt/airflow/dags/P2M3_Dionisius_Ray_DAG.py for tasks to queue
[2025-04-13T12:47:52.417+0000] {logging_mixin.py:115} INFO - [2025-04-13T12:47:52.417+0000] {dagbag.py:508} INFO - Filling up the DagBag from /opt/airflow/dags/P2M3_Dionisius_Ray_DAG.py
[2025-04-13T12:47:52.801+0000] {processor.py:650} INFO - DAG(s) dict_keys(['change_later']) retrieved from /opt/airflow/dags/P2M3_Dionisius_Ray_DAG.py
[2025-04-13T12:47:52.826+0000] {logging_mixin.py:115} INFO - [2025-04-13T12:47:52.825+0000] {dag.py:2429} INFO - Sync 1 DAGs
[2025-04-13T12:47:52.845+0000] {logging_mixin.py:115} INFO - [2025-04-13T12:47:52.844+0000] {dag.py:2981} INFO - Setting next_dagrun for change_later to 2025-04-13T00:00:00+00:00, run_after=2025-04-20T00:00:00+00:00
[2025-04-13T12:47:52.856+0000] {processor.py:161} INFO - Processing /opt/airflow/dags/P2M3_Dionisius_Ray_DAG.py took 0.443 seconds
[2025-04-13T12:48:22.972+0000] {processor.py:153} INFO - Started process (PID=253) to work on /opt/airflow/dags/P2M3_Dionisius_Ray_DAG.py
[2025-04-13T12:48:22.973+0000] {processor.py:640} INFO - Processing file /opt/airflow/dags/P2M3_Dionisius_Ray_DAG.py for tasks to queue
[2025-04-13T12:48:22.974+0000] {logging_mixin.py:115} INFO - [2025-04-13T12:48:22.974+0000] {dagbag.py:508} INFO - Filling up the DagBag from /opt/airflow/dags/P2M3_Dionisius_Ray_DAG.py
[2025-04-13T12:48:23.333+0000] {processor.py:650} INFO - DAG(s) dict_keys(['change_later']) retrieved from /opt/airflow/dags/P2M3_Dionisius_Ray_DAG.py
[2025-04-13T12:48:23.351+0000] {logging_mixin.py:115} INFO - [2025-04-13T12:48:23.351+0000] {dag.py:2429} INFO - Sync 1 DAGs
[2025-04-13T12:48:23.367+0000] {logging_mixin.py:115} INFO - [2025-04-13T12:48:23.367+0000] {dag.py:2981} INFO - Setting next_dagrun for change_later to 2025-04-13T00:00:00+00:00, run_after=2025-04-20T00:00:00+00:00
[2025-04-13T12:48:23.379+0000] {processor.py:161} INFO - Processing /opt/airflow/dags/P2M3_Dionisius_Ray_DAG.py took 0.410 seconds
[2025-04-13T12:48:53.490+0000] {processor.py:153} INFO - Started process (PID=259) to work on /opt/airflow/dags/P2M3_Dionisius_Ray_DAG.py
[2025-04-13T12:48:53.491+0000] {processor.py:640} INFO - Processing file /opt/airflow/dags/P2M3_Dionisius_Ray_DAG.py for tasks to queue
[2025-04-13T12:48:53.492+0000] {logging_mixin.py:115} INFO - [2025-04-13T12:48:53.492+0000] {dagbag.py:508} INFO - Filling up the DagBag from /opt/airflow/dags/P2M3_Dionisius_Ray_DAG.py
[2025-04-13T12:48:53.946+0000] {processor.py:650} INFO - DAG(s) dict_keys(['change_later']) retrieved from /opt/airflow/dags/P2M3_Dionisius_Ray_DAG.py
[2025-04-13T12:48:53.970+0000] {logging_mixin.py:115} INFO - [2025-04-13T12:48:53.970+0000] {dag.py:2429} INFO - Sync 1 DAGs
[2025-04-13T12:48:53.999+0000] {logging_mixin.py:115} INFO - [2025-04-13T12:48:53.998+0000] {dag.py:2981} INFO - Setting next_dagrun for change_later to 2025-04-13T00:00:00+00:00, run_after=2025-04-20T00:00:00+00:00
[2025-04-13T12:48:54.015+0000] {processor.py:161} INFO - Processing /opt/airflow/dags/P2M3_Dionisius_Ray_DAG.py took 0.527 seconds
[2025-04-13T12:49:18.559+0000] {processor.py:153} INFO - Started process (PID=265) to work on /opt/airflow/dags/P2M3_Dionisius_Ray_DAG.py
[2025-04-13T12:49:18.561+0000] {processor.py:640} INFO - Processing file /opt/airflow/dags/P2M3_Dionisius_Ray_DAG.py for tasks to queue
[2025-04-13T12:49:18.561+0000] {logging_mixin.py:115} INFO - [2025-04-13T12:49:18.561+0000] {dagbag.py:508} INFO - Filling up the DagBag from /opt/airflow/dags/P2M3_Dionisius_Ray_DAG.py
[2025-04-13T12:49:19.078+0000] {processor.py:650} INFO - DAG(s) dict_keys(['change_later']) retrieved from /opt/airflow/dags/P2M3_Dionisius_Ray_DAG.py
[2025-04-13T12:49:19.103+0000] {logging_mixin.py:115} INFO - [2025-04-13T12:49:19.102+0000] {dag.py:2429} INFO - Sync 1 DAGs
[2025-04-13T12:49:19.127+0000] {logging_mixin.py:115} INFO - [2025-04-13T12:49:19.127+0000] {dag.py:2981} INFO - Setting next_dagrun for change_later to 2025-04-13T00:00:00+00:00, run_after=2025-04-20T00:00:00+00:00
[2025-04-13T12:49:19.149+0000] {processor.py:161} INFO - Processing /opt/airflow/dags/P2M3_Dionisius_Ray_DAG.py took 0.595 seconds
[2025-04-13T12:49:49.242+0000] {processor.py:153} INFO - Started process (PID=271) to work on /opt/airflow/dags/P2M3_Dionisius_Ray_DAG.py
[2025-04-13T12:49:49.243+0000] {processor.py:640} INFO - Processing file /opt/airflow/dags/P2M3_Dionisius_Ray_DAG.py for tasks to queue
[2025-04-13T12:49:49.244+0000] {logging_mixin.py:115} INFO - [2025-04-13T12:49:49.244+0000] {dagbag.py:508} INFO - Filling up the DagBag from /opt/airflow/dags/P2M3_Dionisius_Ray_DAG.py
[2025-04-13T12:49:49.626+0000] {processor.py:650} INFO - DAG(s) dict_keys(['change_later']) retrieved from /opt/airflow/dags/P2M3_Dionisius_Ray_DAG.py
[2025-04-13T12:49:49.651+0000] {logging_mixin.py:115} INFO - [2025-04-13T12:49:49.651+0000] {dag.py:2429} INFO - Sync 1 DAGs
[2025-04-13T12:49:49.672+0000] {logging_mixin.py:115} INFO - [2025-04-13T12:49:49.672+0000] {dag.py:2981} INFO - Setting next_dagrun for change_later to 2025-04-13T00:00:00+00:00, run_after=2025-04-20T00:00:00+00:00
[2025-04-13T12:49:49.686+0000] {processor.py:161} INFO - Processing /opt/airflow/dags/P2M3_Dionisius_Ray_DAG.py took 0.447 seconds
[2025-04-13T12:50:19.812+0000] {processor.py:153} INFO - Started process (PID=277) to work on /opt/airflow/dags/P2M3_Dionisius_Ray_DAG.py
[2025-04-13T12:50:19.813+0000] {processor.py:640} INFO - Processing file /opt/airflow/dags/P2M3_Dionisius_Ray_DAG.py for tasks to queue
[2025-04-13T12:50:19.813+0000] {logging_mixin.py:115} INFO - [2025-04-13T12:50:19.813+0000] {dagbag.py:508} INFO - Filling up the DagBag from /opt/airflow/dags/P2M3_Dionisius_Ray_DAG.py
[2025-04-13T12:50:20.178+0000] {processor.py:650} INFO - DAG(s) dict_keys(['change_later']) retrieved from /opt/airflow/dags/P2M3_Dionisius_Ray_DAG.py
[2025-04-13T12:50:20.197+0000] {logging_mixin.py:115} INFO - [2025-04-13T12:50:20.197+0000] {dag.py:2429} INFO - Sync 1 DAGs
[2025-04-13T12:50:20.215+0000] {logging_mixin.py:115} INFO - [2025-04-13T12:50:20.215+0000] {dag.py:2981} INFO - Setting next_dagrun for change_later to 2025-04-13T00:00:00+00:00, run_after=2025-04-20T00:00:00+00:00
[2025-04-13T12:50:20.226+0000] {processor.py:161} INFO - Processing /opt/airflow/dags/P2M3_Dionisius_Ray_DAG.py took 0.417 seconds
[2025-04-13T12:50:50.368+0000] {processor.py:153} INFO - Started process (PID=292) to work on /opt/airflow/dags/P2M3_Dionisius_Ray_DAG.py
[2025-04-13T12:50:50.368+0000] {processor.py:640} INFO - Processing file /opt/airflow/dags/P2M3_Dionisius_Ray_DAG.py for tasks to queue
[2025-04-13T12:50:50.369+0000] {logging_mixin.py:115} INFO - [2025-04-13T12:50:50.369+0000] {dagbag.py:508} INFO - Filling up the DagBag from /opt/airflow/dags/P2M3_Dionisius_Ray_DAG.py
[2025-04-13T12:50:50.746+0000] {processor.py:650} INFO - DAG(s) dict_keys(['change_later']) retrieved from /opt/airflow/dags/P2M3_Dionisius_Ray_DAG.py
[2025-04-13T12:50:50.764+0000] {logging_mixin.py:115} INFO - [2025-04-13T12:50:50.763+0000] {dag.py:2429} INFO - Sync 1 DAGs
[2025-04-13T12:50:50.780+0000] {logging_mixin.py:115} INFO - [2025-04-13T12:50:50.779+0000] {dag.py:2981} INFO - Setting next_dagrun for change_later to 2025-04-13T00:00:00+00:00, run_after=2025-04-20T00:00:00+00:00
[2025-04-13T12:50:50.789+0000] {processor.py:161} INFO - Processing /opt/airflow/dags/P2M3_Dionisius_Ray_DAG.py took 0.424 seconds
[2025-04-13T12:51:20.906+0000] {processor.py:153} INFO - Started process (PID=298) to work on /opt/airflow/dags/P2M3_Dionisius_Ray_DAG.py
[2025-04-13T12:51:20.907+0000] {processor.py:640} INFO - Processing file /opt/airflow/dags/P2M3_Dionisius_Ray_DAG.py for tasks to queue
[2025-04-13T12:51:20.907+0000] {logging_mixin.py:115} INFO - [2025-04-13T12:51:20.907+0000] {dagbag.py:508} INFO - Filling up the DagBag from /opt/airflow/dags/P2M3_Dionisius_Ray_DAG.py
[2025-04-13T12:51:21.283+0000] {processor.py:650} INFO - DAG(s) dict_keys(['change_later']) retrieved from /opt/airflow/dags/P2M3_Dionisius_Ray_DAG.py
[2025-04-13T12:51:21.301+0000] {logging_mixin.py:115} INFO - [2025-04-13T12:51:21.301+0000] {dag.py:2429} INFO - Sync 1 DAGs
[2025-04-13T12:51:21.319+0000] {logging_mixin.py:115} INFO - [2025-04-13T12:51:21.319+0000] {dag.py:2981} INFO - Setting next_dagrun for change_later to 2025-04-13T00:00:00+00:00, run_after=2025-04-20T00:00:00+00:00
[2025-04-13T12:51:21.331+0000] {processor.py:161} INFO - Processing /opt/airflow/dags/P2M3_Dionisius_Ray_DAG.py took 0.428 seconds
[2025-04-13T12:51:51.443+0000] {processor.py:153} INFO - Started process (PID=304) to work on /opt/airflow/dags/P2M3_Dionisius_Ray_DAG.py
[2025-04-13T12:51:51.444+0000] {processor.py:640} INFO - Processing file /opt/airflow/dags/P2M3_Dionisius_Ray_DAG.py for tasks to queue
[2025-04-13T12:51:51.444+0000] {logging_mixin.py:115} INFO - [2025-04-13T12:51:51.444+0000] {dagbag.py:508} INFO - Filling up the DagBag from /opt/airflow/dags/P2M3_Dionisius_Ray_DAG.py
[2025-04-13T12:51:51.836+0000] {processor.py:650} INFO - DAG(s) dict_keys(['change_later']) retrieved from /opt/airflow/dags/P2M3_Dionisius_Ray_DAG.py
[2025-04-13T12:51:51.853+0000] {logging_mixin.py:115} INFO - [2025-04-13T12:51:51.853+0000] {dag.py:2429} INFO - Sync 1 DAGs
[2025-04-13T12:51:51.870+0000] {logging_mixin.py:115} INFO - [2025-04-13T12:51:51.870+0000] {dag.py:2981} INFO - Setting next_dagrun for change_later to 2025-04-13T00:00:00+00:00, run_after=2025-04-20T00:00:00+00:00
[2025-04-13T12:51:51.881+0000] {processor.py:161} INFO - Processing /opt/airflow/dags/P2M3_Dionisius_Ray_DAG.py took 0.441 seconds
[2025-04-13T12:52:21.999+0000] {processor.py:153} INFO - Started process (PID=310) to work on /opt/airflow/dags/P2M3_Dionisius_Ray_DAG.py
[2025-04-13T12:52:22.000+0000] {processor.py:640} INFO - Processing file /opt/airflow/dags/P2M3_Dionisius_Ray_DAG.py for tasks to queue
[2025-04-13T12:52:22.001+0000] {logging_mixin.py:115} INFO - [2025-04-13T12:52:22.001+0000] {dagbag.py:508} INFO - Filling up the DagBag from /opt/airflow/dags/P2M3_Dionisius_Ray_DAG.py
[2025-04-13T12:52:22.358+0000] {processor.py:650} INFO - DAG(s) dict_keys(['change_later']) retrieved from /opt/airflow/dags/P2M3_Dionisius_Ray_DAG.py
[2025-04-13T12:52:22.377+0000] {logging_mixin.py:115} INFO - [2025-04-13T12:52:22.376+0000] {dag.py:2429} INFO - Sync 1 DAGs
[2025-04-13T12:52:22.395+0000] {logging_mixin.py:115} INFO - [2025-04-13T12:52:22.395+0000] {dag.py:2981} INFO - Setting next_dagrun for change_later to 2025-04-13T00:00:00+00:00, run_after=2025-04-20T00:00:00+00:00
[2025-04-13T12:52:22.405+0000] {processor.py:161} INFO - Processing /opt/airflow/dags/P2M3_Dionisius_Ray_DAG.py took 0.408 seconds
[2025-04-13T12:52:52.520+0000] {processor.py:153} INFO - Started process (PID=316) to work on /opt/airflow/dags/P2M3_Dionisius_Ray_DAG.py
[2025-04-13T12:52:52.520+0000] {processor.py:640} INFO - Processing file /opt/airflow/dags/P2M3_Dionisius_Ray_DAG.py for tasks to queue
[2025-04-13T12:52:52.521+0000] {logging_mixin.py:115} INFO - [2025-04-13T12:52:52.521+0000] {dagbag.py:508} INFO - Filling up the DagBag from /opt/airflow/dags/P2M3_Dionisius_Ray_DAG.py
[2025-04-13T12:52:52.899+0000] {processor.py:650} INFO - DAG(s) dict_keys(['change_later']) retrieved from /opt/airflow/dags/P2M3_Dionisius_Ray_DAG.py
[2025-04-13T12:52:52.921+0000] {logging_mixin.py:115} INFO - [2025-04-13T12:52:52.920+0000] {dag.py:2429} INFO - Sync 1 DAGs
[2025-04-13T12:52:52.939+0000] {logging_mixin.py:115} INFO - [2025-04-13T12:52:52.939+0000] {dag.py:2981} INFO - Setting next_dagrun for change_later to 2025-04-13T00:00:00+00:00, run_after=2025-04-20T00:00:00+00:00
[2025-04-13T12:52:52.950+0000] {processor.py:161} INFO - Processing /opt/airflow/dags/P2M3_Dionisius_Ray_DAG.py took 0.433 seconds
[2025-04-13T12:53:12.039+0000] {processor.py:153} INFO - Started process (PID=322) to work on /opt/airflow/dags/P2M3_Dionisius_Ray_DAG.py
[2025-04-13T12:53:12.040+0000] {processor.py:640} INFO - Processing file /opt/airflow/dags/P2M3_Dionisius_Ray_DAG.py for tasks to queue
[2025-04-13T12:53:12.040+0000] {logging_mixin.py:115} INFO - [2025-04-13T12:53:12.040+0000] {dagbag.py:508} INFO - Filling up the DagBag from /opt/airflow/dags/P2M3_Dionisius_Ray_DAG.py
[2025-04-13T12:53:12.462+0000] {processor.py:650} INFO - DAG(s) dict_keys(['change_later']) retrieved from /opt/airflow/dags/P2M3_Dionisius_Ray_DAG.py
[2025-04-13T12:53:12.480+0000] {logging_mixin.py:115} INFO - [2025-04-13T12:53:12.480+0000] {dag.py:2429} INFO - Sync 1 DAGs
[2025-04-13T12:53:12.500+0000] {logging_mixin.py:115} INFO - [2025-04-13T12:53:12.500+0000] {dag.py:2981} INFO - Setting next_dagrun for change_later to 2025-04-13T00:00:00+00:00, run_after=2025-04-20T00:00:00+00:00
[2025-04-13T12:53:12.516+0000] {processor.py:161} INFO - Processing /opt/airflow/dags/P2M3_Dionisius_Ray_DAG.py took 0.480 seconds
[2025-04-13T12:53:42.638+0000] {processor.py:153} INFO - Started process (PID=337) to work on /opt/airflow/dags/P2M3_Dionisius_Ray_DAG.py
[2025-04-13T12:53:42.639+0000] {processor.py:640} INFO - Processing file /opt/airflow/dags/P2M3_Dionisius_Ray_DAG.py for tasks to queue
[2025-04-13T12:53:42.640+0000] {logging_mixin.py:115} INFO - [2025-04-13T12:53:42.640+0000] {dagbag.py:508} INFO - Filling up the DagBag from /opt/airflow/dags/P2M3_Dionisius_Ray_DAG.py
[2025-04-13T12:53:42.998+0000] {processor.py:650} INFO - DAG(s) dict_keys(['change_later']) retrieved from /opt/airflow/dags/P2M3_Dionisius_Ray_DAG.py
[2025-04-13T12:53:43.019+0000] {logging_mixin.py:115} INFO - [2025-04-13T12:53:43.019+0000] {dag.py:2429} INFO - Sync 1 DAGs
[2025-04-13T12:53:43.035+0000] {logging_mixin.py:115} INFO - [2025-04-13T12:53:43.035+0000] {dag.py:2981} INFO - Setting next_dagrun for change_later to 2025-04-13T00:00:00+00:00, run_after=2025-04-20T00:00:00+00:00
[2025-04-13T12:53:43.046+0000] {processor.py:161} INFO - Processing /opt/airflow/dags/P2M3_Dionisius_Ray_DAG.py took 0.410 seconds
[2025-04-13T12:54:13.167+0000] {processor.py:153} INFO - Started process (PID=343) to work on /opt/airflow/dags/P2M3_Dionisius_Ray_DAG.py
[2025-04-13T12:54:13.168+0000] {processor.py:640} INFO - Processing file /opt/airflow/dags/P2M3_Dionisius_Ray_DAG.py for tasks to queue
[2025-04-13T12:54:13.169+0000] {logging_mixin.py:115} INFO - [2025-04-13T12:54:13.169+0000] {dagbag.py:508} INFO - Filling up the DagBag from /opt/airflow/dags/P2M3_Dionisius_Ray_DAG.py
[2025-04-13T12:54:13.578+0000] {processor.py:650} INFO - DAG(s) dict_keys(['change_later']) retrieved from /opt/airflow/dags/P2M3_Dionisius_Ray_DAG.py
[2025-04-13T12:54:13.599+0000] {logging_mixin.py:115} INFO - [2025-04-13T12:54:13.598+0000] {dag.py:2429} INFO - Sync 1 DAGs
[2025-04-13T12:54:13.619+0000] {logging_mixin.py:115} INFO - [2025-04-13T12:54:13.619+0000] {dag.py:2981} INFO - Setting next_dagrun for change_later to 2025-04-13T00:00:00+00:00, run_after=2025-04-20T00:00:00+00:00
[2025-04-13T12:54:13.632+0000] {processor.py:161} INFO - Processing /opt/airflow/dags/P2M3_Dionisius_Ray_DAG.py took 0.467 seconds
[2025-04-13T12:54:43.757+0000] {processor.py:153} INFO - Started process (PID=349) to work on /opt/airflow/dags/P2M3_Dionisius_Ray_DAG.py
[2025-04-13T12:54:43.758+0000] {processor.py:640} INFO - Processing file /opt/airflow/dags/P2M3_Dionisius_Ray_DAG.py for tasks to queue
[2025-04-13T12:54:43.759+0000] {logging_mixin.py:115} INFO - [2025-04-13T12:54:43.759+0000] {dagbag.py:508} INFO - Filling up the DagBag from /opt/airflow/dags/P2M3_Dionisius_Ray_DAG.py
[2025-04-13T12:54:44.160+0000] {processor.py:650} INFO - DAG(s) dict_keys(['change_later']) retrieved from /opt/airflow/dags/P2M3_Dionisius_Ray_DAG.py
[2025-04-13T12:54:44.178+0000] {logging_mixin.py:115} INFO - [2025-04-13T12:54:44.178+0000] {dag.py:2429} INFO - Sync 1 DAGs
[2025-04-13T12:54:44.196+0000] {logging_mixin.py:115} INFO - [2025-04-13T12:54:44.196+0000] {dag.py:2981} INFO - Setting next_dagrun for change_later to 2025-04-13T00:00:00+00:00, run_after=2025-04-20T00:00:00+00:00
[2025-04-13T12:54:44.208+0000] {processor.py:161} INFO - Processing /opt/airflow/dags/P2M3_Dionisius_Ray_DAG.py took 0.453 seconds
[2025-04-13T12:55:14.323+0000] {processor.py:153} INFO - Started process (PID=355) to work on /opt/airflow/dags/P2M3_Dionisius_Ray_DAG.py
[2025-04-13T12:55:14.324+0000] {processor.py:640} INFO - Processing file /opt/airflow/dags/P2M3_Dionisius_Ray_DAG.py for tasks to queue
[2025-04-13T12:55:14.325+0000] {logging_mixin.py:115} INFO - [2025-04-13T12:55:14.325+0000] {dagbag.py:508} INFO - Filling up the DagBag from /opt/airflow/dags/P2M3_Dionisius_Ray_DAG.py
[2025-04-13T12:55:14.730+0000] {processor.py:650} INFO - DAG(s) dict_keys(['change_later']) retrieved from /opt/airflow/dags/P2M3_Dionisius_Ray_DAG.py
[2025-04-13T12:55:14.753+0000] {logging_mixin.py:115} INFO - [2025-04-13T12:55:14.752+0000] {dag.py:2429} INFO - Sync 1 DAGs
[2025-04-13T12:55:14.779+0000] {logging_mixin.py:115} INFO - [2025-04-13T12:55:14.779+0000] {dag.py:2981} INFO - Setting next_dagrun for change_later to 2025-04-13T00:00:00+00:00, run_after=2025-04-20T00:00:00+00:00
[2025-04-13T12:55:14.796+0000] {processor.py:161} INFO - Processing /opt/airflow/dags/P2M3_Dionisius_Ray_DAG.py took 0.476 seconds
[2025-04-13T12:55:44.925+0000] {processor.py:153} INFO - Started process (PID=361) to work on /opt/airflow/dags/P2M3_Dionisius_Ray_DAG.py
[2025-04-13T12:55:44.926+0000] {processor.py:640} INFO - Processing file /opt/airflow/dags/P2M3_Dionisius_Ray_DAG.py for tasks to queue
[2025-04-13T12:55:44.926+0000] {logging_mixin.py:115} INFO - [2025-04-13T12:55:44.926+0000] {dagbag.py:508} INFO - Filling up the DagBag from /opt/airflow/dags/P2M3_Dionisius_Ray_DAG.py
[2025-04-13T12:55:45.279+0000] {processor.py:650} INFO - DAG(s) dict_keys(['change_later']) retrieved from /opt/airflow/dags/P2M3_Dionisius_Ray_DAG.py
[2025-04-13T12:55:45.296+0000] {logging_mixin.py:115} INFO - [2025-04-13T12:55:45.296+0000] {dag.py:2429} INFO - Sync 1 DAGs
[2025-04-13T12:55:45.313+0000] {logging_mixin.py:115} INFO - [2025-04-13T12:55:45.313+0000] {dag.py:2981} INFO - Setting next_dagrun for change_later to 2025-04-13T00:00:00+00:00, run_after=2025-04-20T00:00:00+00:00
[2025-04-13T12:55:45.323+0000] {processor.py:161} INFO - Processing /opt/airflow/dags/P2M3_Dionisius_Ray_DAG.py took 0.403 seconds
[2025-04-13T12:56:15.432+0000] {processor.py:153} INFO - Started process (PID=367) to work on /opt/airflow/dags/P2M3_Dionisius_Ray_DAG.py
[2025-04-13T12:56:15.433+0000] {processor.py:640} INFO - Processing file /opt/airflow/dags/P2M3_Dionisius_Ray_DAG.py for tasks to queue
[2025-04-13T12:56:15.433+0000] {logging_mixin.py:115} INFO - [2025-04-13T12:56:15.433+0000] {dagbag.py:508} INFO - Filling up the DagBag from /opt/airflow/dags/P2M3_Dionisius_Ray_DAG.py
[2025-04-13T12:56:15.787+0000] {processor.py:650} INFO - DAG(s) dict_keys(['change_later']) retrieved from /opt/airflow/dags/P2M3_Dionisius_Ray_DAG.py
[2025-04-13T12:56:15.804+0000] {logging_mixin.py:115} INFO - [2025-04-13T12:56:15.804+0000] {dag.py:2429} INFO - Sync 1 DAGs
[2025-04-13T12:56:15.823+0000] {logging_mixin.py:115} INFO - [2025-04-13T12:56:15.823+0000] {dag.py:2981} INFO - Setting next_dagrun for change_later to 2025-04-13T00:00:00+00:00, run_after=2025-04-20T00:00:00+00:00
[2025-04-13T12:56:15.833+0000] {processor.py:161} INFO - Processing /opt/airflow/dags/P2M3_Dionisius_Ray_DAG.py took 0.406 seconds
[2025-04-13T12:56:45.951+0000] {processor.py:153} INFO - Started process (PID=373) to work on /opt/airflow/dags/P2M3_Dionisius_Ray_DAG.py
[2025-04-13T12:56:45.952+0000] {processor.py:640} INFO - Processing file /opt/airflow/dags/P2M3_Dionisius_Ray_DAG.py for tasks to queue
[2025-04-13T12:56:45.953+0000] {logging_mixin.py:115} INFO - [2025-04-13T12:56:45.952+0000] {dagbag.py:508} INFO - Filling up the DagBag from /opt/airflow/dags/P2M3_Dionisius_Ray_DAG.py
[2025-04-13T12:56:46.291+0000] {processor.py:650} INFO - DAG(s) dict_keys(['change_later']) retrieved from /opt/airflow/dags/P2M3_Dionisius_Ray_DAG.py
[2025-04-13T12:56:46.308+0000] {logging_mixin.py:115} INFO - [2025-04-13T12:56:46.308+0000] {dag.py:2429} INFO - Sync 1 DAGs
[2025-04-13T12:56:46.324+0000] {logging_mixin.py:115} INFO - [2025-04-13T12:56:46.324+0000] {dag.py:2981} INFO - Setting next_dagrun for change_later to 2025-04-13T00:00:00+00:00, run_after=2025-04-20T00:00:00+00:00
[2025-04-13T12:56:46.334+0000] {processor.py:161} INFO - Processing /opt/airflow/dags/P2M3_Dionisius_Ray_DAG.py took 0.389 seconds
[2025-04-13T12:57:16.440+0000] {processor.py:153} INFO - Started process (PID=379) to work on /opt/airflow/dags/P2M3_Dionisius_Ray_DAG.py
[2025-04-13T12:57:16.441+0000] {processor.py:640} INFO - Processing file /opt/airflow/dags/P2M3_Dionisius_Ray_DAG.py for tasks to queue
[2025-04-13T12:57:16.441+0000] {logging_mixin.py:115} INFO - [2025-04-13T12:57:16.441+0000] {dagbag.py:508} INFO - Filling up the DagBag from /opt/airflow/dags/P2M3_Dionisius_Ray_DAG.py
[2025-04-13T12:57:16.786+0000] {processor.py:650} INFO - DAG(s) dict_keys(['change_later']) retrieved from /opt/airflow/dags/P2M3_Dionisius_Ray_DAG.py
[2025-04-13T12:57:16.803+0000] {logging_mixin.py:115} INFO - [2025-04-13T12:57:16.803+0000] {dag.py:2429} INFO - Sync 1 DAGs
[2025-04-13T12:57:16.820+0000] {logging_mixin.py:115} INFO - [2025-04-13T12:57:16.820+0000] {dag.py:2981} INFO - Setting next_dagrun for change_later to 2025-04-13T00:00:00+00:00, run_after=2025-04-20T00:00:00+00:00
[2025-04-13T12:57:16.830+0000] {processor.py:161} INFO - Processing /opt/airflow/dags/P2M3_Dionisius_Ray_DAG.py took 0.396 seconds
[2025-04-13T12:57:46.938+0000] {processor.py:153} INFO - Started process (PID=385) to work on /opt/airflow/dags/P2M3_Dionisius_Ray_DAG.py
[2025-04-13T12:57:46.939+0000] {processor.py:640} INFO - Processing file /opt/airflow/dags/P2M3_Dionisius_Ray_DAG.py for tasks to queue
[2025-04-13T12:57:46.940+0000] {logging_mixin.py:115} INFO - [2025-04-13T12:57:46.940+0000] {dagbag.py:508} INFO - Filling up the DagBag from /opt/airflow/dags/P2M3_Dionisius_Ray_DAG.py
[2025-04-13T12:57:47.277+0000] {processor.py:650} INFO - DAG(s) dict_keys(['change_later']) retrieved from /opt/airflow/dags/P2M3_Dionisius_Ray_DAG.py
[2025-04-13T12:57:47.294+0000] {logging_mixin.py:115} INFO - [2025-04-13T12:57:47.293+0000] {dag.py:2429} INFO - Sync 1 DAGs
[2025-04-13T12:57:47.312+0000] {logging_mixin.py:115} INFO - [2025-04-13T12:57:47.311+0000] {dag.py:2981} INFO - Setting next_dagrun for change_later to 2025-04-13T00:00:00+00:00, run_after=2025-04-20T00:00:00+00:00
[2025-04-13T12:57:47.325+0000] {processor.py:161} INFO - Processing /opt/airflow/dags/P2M3_Dionisius_Ray_DAG.py took 0.391 seconds
[2025-04-13T12:58:17.439+0000] {processor.py:153} INFO - Started process (PID=391) to work on /opt/airflow/dags/P2M3_Dionisius_Ray_DAG.py
[2025-04-13T12:58:17.441+0000] {processor.py:640} INFO - Processing file /opt/airflow/dags/P2M3_Dionisius_Ray_DAG.py for tasks to queue
[2025-04-13T12:58:17.442+0000] {logging_mixin.py:115} INFO - [2025-04-13T12:58:17.442+0000] {dagbag.py:508} INFO - Filling up the DagBag from /opt/airflow/dags/P2M3_Dionisius_Ray_DAG.py
[2025-04-13T12:58:17.855+0000] {processor.py:650} INFO - DAG(s) dict_keys(['change_later']) retrieved from /opt/airflow/dags/P2M3_Dionisius_Ray_DAG.py
[2025-04-13T12:58:17.875+0000] {logging_mixin.py:115} INFO - [2025-04-13T12:58:17.874+0000] {dag.py:2429} INFO - Sync 1 DAGs
[2025-04-13T12:58:17.893+0000] {logging_mixin.py:115} INFO - [2025-04-13T12:58:17.892+0000] {dag.py:2981} INFO - Setting next_dagrun for change_later to 2025-04-13T00:00:00+00:00, run_after=2025-04-20T00:00:00+00:00
[2025-04-13T12:58:17.904+0000] {processor.py:161} INFO - Processing /opt/airflow/dags/P2M3_Dionisius_Ray_DAG.py took 0.471 seconds
[2025-04-13T12:58:48.019+0000] {processor.py:153} INFO - Started process (PID=397) to work on /opt/airflow/dags/P2M3_Dionisius_Ray_DAG.py
[2025-04-13T12:58:48.020+0000] {processor.py:640} INFO - Processing file /opt/airflow/dags/P2M3_Dionisius_Ray_DAG.py for tasks to queue
[2025-04-13T12:58:48.020+0000] {logging_mixin.py:115} INFO - [2025-04-13T12:58:48.020+0000] {dagbag.py:508} INFO - Filling up the DagBag from /opt/airflow/dags/P2M3_Dionisius_Ray_DAG.py
[2025-04-13T12:58:48.377+0000] {processor.py:650} INFO - DAG(s) dict_keys(['change_later']) retrieved from /opt/airflow/dags/P2M3_Dionisius_Ray_DAG.py
[2025-04-13T12:58:48.395+0000] {logging_mixin.py:115} INFO - [2025-04-13T12:58:48.394+0000] {dag.py:2429} INFO - Sync 1 DAGs
[2025-04-13T12:58:48.413+0000] {logging_mixin.py:115} INFO - [2025-04-13T12:58:48.413+0000] {dag.py:2981} INFO - Setting next_dagrun for change_later to 2025-04-13T00:00:00+00:00, run_after=2025-04-20T00:00:00+00:00
[2025-04-13T12:58:48.423+0000] {processor.py:161} INFO - Processing /opt/airflow/dags/P2M3_Dionisius_Ray_DAG.py took 0.408 seconds
[2025-04-13T12:59:18.539+0000] {processor.py:153} INFO - Started process (PID=403) to work on /opt/airflow/dags/P2M3_Dionisius_Ray_DAG.py
[2025-04-13T12:59:18.540+0000] {processor.py:640} INFO - Processing file /opt/airflow/dags/P2M3_Dionisius_Ray_DAG.py for tasks to queue
[2025-04-13T12:59:18.541+0000] {logging_mixin.py:115} INFO - [2025-04-13T12:59:18.541+0000] {dagbag.py:508} INFO - Filling up the DagBag from /opt/airflow/dags/P2M3_Dionisius_Ray_DAG.py
[2025-04-13T12:59:18.931+0000] {processor.py:650} INFO - DAG(s) dict_keys(['change_later']) retrieved from /opt/airflow/dags/P2M3_Dionisius_Ray_DAG.py
[2025-04-13T12:59:18.949+0000] {logging_mixin.py:115} INFO - [2025-04-13T12:59:18.949+0000] {dag.py:2429} INFO - Sync 1 DAGs
[2025-04-13T12:59:18.966+0000] {logging_mixin.py:115} INFO - [2025-04-13T12:59:18.966+0000] {dag.py:2981} INFO - Setting next_dagrun for change_later to 2025-04-13T00:00:00+00:00, run_after=2025-04-20T00:00:00+00:00
[2025-04-13T12:59:18.977+0000] {processor.py:161} INFO - Processing /opt/airflow/dags/P2M3_Dionisius_Ray_DAG.py took 0.443 seconds
[2025-04-13T12:59:49.094+0000] {processor.py:153} INFO - Started process (PID=409) to work on /opt/airflow/dags/P2M3_Dionisius_Ray_DAG.py
[2025-04-13T12:59:49.095+0000] {processor.py:640} INFO - Processing file /opt/airflow/dags/P2M3_Dionisius_Ray_DAG.py for tasks to queue
[2025-04-13T12:59:49.095+0000] {logging_mixin.py:115} INFO - [2025-04-13T12:59:49.095+0000] {dagbag.py:508} INFO - Filling up the DagBag from /opt/airflow/dags/P2M3_Dionisius_Ray_DAG.py
[2025-04-13T12:59:49.447+0000] {processor.py:650} INFO - DAG(s) dict_keys(['change_later']) retrieved from /opt/airflow/dags/P2M3_Dionisius_Ray_DAG.py
[2025-04-13T12:59:49.464+0000] {logging_mixin.py:115} INFO - [2025-04-13T12:59:49.464+0000] {dag.py:2429} INFO - Sync 1 DAGs
[2025-04-13T12:59:49.480+0000] {logging_mixin.py:115} INFO - [2025-04-13T12:59:49.480+0000] {dag.py:2981} INFO - Setting next_dagrun for change_later to 2025-04-13T00:00:00+00:00, run_after=2025-04-20T00:00:00+00:00
[2025-04-13T12:59:49.491+0000] {processor.py:161} INFO - Processing /opt/airflow/dags/P2M3_Dionisius_Ray_DAG.py took 0.402 seconds
[2025-04-13T13:00:19.612+0000] {processor.py:153} INFO - Started process (PID=415) to work on /opt/airflow/dags/P2M3_Dionisius_Ray_DAG.py
[2025-04-13T13:00:19.613+0000] {processor.py:640} INFO - Processing file /opt/airflow/dags/P2M3_Dionisius_Ray_DAG.py for tasks to queue
[2025-04-13T13:00:19.613+0000] {logging_mixin.py:115} INFO - [2025-04-13T13:00:19.613+0000] {dagbag.py:508} INFO - Filling up the DagBag from /opt/airflow/dags/P2M3_Dionisius_Ray_DAG.py
[2025-04-13T13:00:19.959+0000] {processor.py:650} INFO - DAG(s) dict_keys(['change_later']) retrieved from /opt/airflow/dags/P2M3_Dionisius_Ray_DAG.py
[2025-04-13T13:00:19.977+0000] {logging_mixin.py:115} INFO - [2025-04-13T13:00:19.977+0000] {dag.py:2429} INFO - Sync 1 DAGs
[2025-04-13T13:00:19.993+0000] {logging_mixin.py:115} INFO - [2025-04-13T13:00:19.993+0000] {dag.py:2981} INFO - Setting next_dagrun for change_later to 2025-04-13T00:00:00+00:00, run_after=2025-04-20T00:00:00+00:00
[2025-04-13T13:00:20.003+0000] {processor.py:161} INFO - Processing /opt/airflow/dags/P2M3_Dionisius_Ray_DAG.py took 0.404 seconds
[2025-04-13T13:00:50.113+0000] {processor.py:153} INFO - Started process (PID=421) to work on /opt/airflow/dags/P2M3_Dionisius_Ray_DAG.py
[2025-04-13T13:00:50.114+0000] {processor.py:640} INFO - Processing file /opt/airflow/dags/P2M3_Dionisius_Ray_DAG.py for tasks to queue
[2025-04-13T13:00:50.114+0000] {logging_mixin.py:115} INFO - [2025-04-13T13:00:50.114+0000] {dagbag.py:508} INFO - Filling up the DagBag from /opt/airflow/dags/P2M3_Dionisius_Ray_DAG.py
[2025-04-13T13:00:50.531+0000] {processor.py:650} INFO - DAG(s) dict_keys(['change_later']) retrieved from /opt/airflow/dags/P2M3_Dionisius_Ray_DAG.py
[2025-04-13T13:00:50.548+0000] {logging_mixin.py:115} INFO - [2025-04-13T13:00:50.548+0000] {dag.py:2429} INFO - Sync 1 DAGs
[2025-04-13T13:00:50.565+0000] {logging_mixin.py:115} INFO - [2025-04-13T13:00:50.565+0000] {dag.py:2981} INFO - Setting next_dagrun for change_later to 2025-04-13T00:00:00+00:00, run_after=2025-04-20T00:00:00+00:00
[2025-04-13T13:00:50.576+0000] {processor.py:161} INFO - Processing /opt/airflow/dags/P2M3_Dionisius_Ray_DAG.py took 0.466 seconds
[2025-04-13T13:01:20.700+0000] {processor.py:153} INFO - Started process (PID=427) to work on /opt/airflow/dags/P2M3_Dionisius_Ray_DAG.py
[2025-04-13T13:01:20.701+0000] {processor.py:640} INFO - Processing file /opt/airflow/dags/P2M3_Dionisius_Ray_DAG.py for tasks to queue
[2025-04-13T13:01:20.702+0000] {logging_mixin.py:115} INFO - [2025-04-13T13:01:20.701+0000] {dagbag.py:508} INFO - Filling up the DagBag from /opt/airflow/dags/P2M3_Dionisius_Ray_DAG.py
[2025-04-13T13:01:21.096+0000] {processor.py:650} INFO - DAG(s) dict_keys(['change_later']) retrieved from /opt/airflow/dags/P2M3_Dionisius_Ray_DAG.py
[2025-04-13T13:01:21.117+0000] {logging_mixin.py:115} INFO - [2025-04-13T13:01:21.116+0000] {dag.py:2429} INFO - Sync 1 DAGs
[2025-04-13T13:01:21.136+0000] {logging_mixin.py:115} INFO - [2025-04-13T13:01:21.136+0000] {dag.py:2981} INFO - Setting next_dagrun for change_later to 2025-04-13T00:00:00+00:00, run_after=2025-04-20T00:00:00+00:00
[2025-04-13T13:01:21.150+0000] {processor.py:161} INFO - Processing /opt/airflow/dags/P2M3_Dionisius_Ray_DAG.py took 0.453 seconds
[2025-04-13T13:01:51.275+0000] {processor.py:153} INFO - Started process (PID=433) to work on /opt/airflow/dags/P2M3_Dionisius_Ray_DAG.py
[2025-04-13T13:01:51.276+0000] {processor.py:640} INFO - Processing file /opt/airflow/dags/P2M3_Dionisius_Ray_DAG.py for tasks to queue
[2025-04-13T13:01:51.277+0000] {logging_mixin.py:115} INFO - [2025-04-13T13:01:51.277+0000] {dagbag.py:508} INFO - Filling up the DagBag from /opt/airflow/dags/P2M3_Dionisius_Ray_DAG.py
[2025-04-13T13:01:51.650+0000] {processor.py:650} INFO - DAG(s) dict_keys(['change_later']) retrieved from /opt/airflow/dags/P2M3_Dionisius_Ray_DAG.py
[2025-04-13T13:01:51.671+0000] {logging_mixin.py:115} INFO - [2025-04-13T13:01:51.671+0000] {dag.py:2429} INFO - Sync 1 DAGs
[2025-04-13T13:01:51.695+0000] {logging_mixin.py:115} INFO - [2025-04-13T13:01:51.695+0000] {dag.py:2981} INFO - Setting next_dagrun for change_later to 2025-04-13T00:00:00+00:00, run_after=2025-04-20T00:00:00+00:00
[2025-04-13T13:01:51.705+0000] {processor.py:161} INFO - Processing /opt/airflow/dags/P2M3_Dionisius_Ray_DAG.py took 0.433 seconds
[2025-04-13T13:02:21.826+0000] {processor.py:153} INFO - Started process (PID=439) to work on /opt/airflow/dags/P2M3_Dionisius_Ray_DAG.py
[2025-04-13T13:02:21.827+0000] {processor.py:640} INFO - Processing file /opt/airflow/dags/P2M3_Dionisius_Ray_DAG.py for tasks to queue
[2025-04-13T13:02:21.828+0000] {logging_mixin.py:115} INFO - [2025-04-13T13:02:21.828+0000] {dagbag.py:508} INFO - Filling up the DagBag from /opt/airflow/dags/P2M3_Dionisius_Ray_DAG.py
[2025-04-13T13:02:22.219+0000] {processor.py:650} INFO - DAG(s) dict_keys(['change_later']) retrieved from /opt/airflow/dags/P2M3_Dionisius_Ray_DAG.py
[2025-04-13T13:02:22.237+0000] {logging_mixin.py:115} INFO - [2025-04-13T13:02:22.237+0000] {dag.py:2429} INFO - Sync 1 DAGs
[2025-04-13T13:02:22.255+0000] {logging_mixin.py:115} INFO - [2025-04-13T13:02:22.254+0000] {dag.py:2981} INFO - Setting next_dagrun for change_later to 2025-04-13T00:00:00+00:00, run_after=2025-04-20T00:00:00+00:00
[2025-04-13T13:02:22.265+0000] {processor.py:161} INFO - Processing /opt/airflow/dags/P2M3_Dionisius_Ray_DAG.py took 0.442 seconds
[2025-04-13T13:02:52.380+0000] {processor.py:153} INFO - Started process (PID=445) to work on /opt/airflow/dags/P2M3_Dionisius_Ray_DAG.py
[2025-04-13T13:02:52.380+0000] {processor.py:640} INFO - Processing file /opt/airflow/dags/P2M3_Dionisius_Ray_DAG.py for tasks to queue
[2025-04-13T13:02:52.381+0000] {logging_mixin.py:115} INFO - [2025-04-13T13:02:52.381+0000] {dagbag.py:508} INFO - Filling up the DagBag from /opt/airflow/dags/P2M3_Dionisius_Ray_DAG.py
[2025-04-13T13:02:52.751+0000] {processor.py:650} INFO - DAG(s) dict_keys(['change_later']) retrieved from /opt/airflow/dags/P2M3_Dionisius_Ray_DAG.py
[2025-04-13T13:02:52.771+0000] {logging_mixin.py:115} INFO - [2025-04-13T13:02:52.770+0000] {dag.py:2429} INFO - Sync 1 DAGs
[2025-04-13T13:02:52.792+0000] {logging_mixin.py:115} INFO - [2025-04-13T13:02:52.792+0000] {dag.py:2981} INFO - Setting next_dagrun for change_later to 2025-04-13T00:00:00+00:00, run_after=2025-04-20T00:00:00+00:00
[2025-04-13T13:02:52.804+0000] {processor.py:161} INFO - Processing /opt/airflow/dags/P2M3_Dionisius_Ray_DAG.py took 0.427 seconds
[2025-04-13T13:03:22.922+0000] {processor.py:153} INFO - Started process (PID=451) to work on /opt/airflow/dags/P2M3_Dionisius_Ray_DAG.py
[2025-04-13T13:03:22.923+0000] {processor.py:640} INFO - Processing file /opt/airflow/dags/P2M3_Dionisius_Ray_DAG.py for tasks to queue
[2025-04-13T13:03:22.924+0000] {logging_mixin.py:115} INFO - [2025-04-13T13:03:22.924+0000] {dagbag.py:508} INFO - Filling up the DagBag from /opt/airflow/dags/P2M3_Dionisius_Ray_DAG.py
[2025-04-13T13:03:23.319+0000] {processor.py:650} INFO - DAG(s) dict_keys(['change_later']) retrieved from /opt/airflow/dags/P2M3_Dionisius_Ray_DAG.py
[2025-04-13T13:03:23.339+0000] {logging_mixin.py:115} INFO - [2025-04-13T13:03:23.338+0000] {dag.py:2429} INFO - Sync 1 DAGs
[2025-04-13T13:03:23.361+0000] {logging_mixin.py:115} INFO - [2025-04-13T13:03:23.361+0000] {dag.py:2981} INFO - Setting next_dagrun for change_later to 2025-04-13T00:00:00+00:00, run_after=2025-04-20T00:00:00+00:00
[2025-04-13T13:03:23.373+0000] {processor.py:161} INFO - Processing /opt/airflow/dags/P2M3_Dionisius_Ray_DAG.py took 0.455 seconds
[2025-04-13T13:03:53.501+0000] {processor.py:153} INFO - Started process (PID=457) to work on /opt/airflow/dags/P2M3_Dionisius_Ray_DAG.py
[2025-04-13T13:03:53.502+0000] {processor.py:640} INFO - Processing file /opt/airflow/dags/P2M3_Dionisius_Ray_DAG.py for tasks to queue
[2025-04-13T13:03:53.502+0000] {logging_mixin.py:115} INFO - [2025-04-13T13:03:53.502+0000] {dagbag.py:508} INFO - Filling up the DagBag from /opt/airflow/dags/P2M3_Dionisius_Ray_DAG.py
[2025-04-13T13:03:53.875+0000] {processor.py:650} INFO - DAG(s) dict_keys(['change_later']) retrieved from /opt/airflow/dags/P2M3_Dionisius_Ray_DAG.py
[2025-04-13T13:03:53.893+0000] {logging_mixin.py:115} INFO - [2025-04-13T13:03:53.892+0000] {dag.py:2429} INFO - Sync 1 DAGs
[2025-04-13T13:03:53.911+0000] {logging_mixin.py:115} INFO - [2025-04-13T13:03:53.911+0000] {dag.py:2981} INFO - Setting next_dagrun for change_later to 2025-04-13T00:00:00+00:00, run_after=2025-04-20T00:00:00+00:00
[2025-04-13T13:03:53.920+0000] {processor.py:161} INFO - Processing /opt/airflow/dags/P2M3_Dionisius_Ray_DAG.py took 0.423 seconds
[2025-04-13T13:04:24.032+0000] {processor.py:153} INFO - Started process (PID=463) to work on /opt/airflow/dags/P2M3_Dionisius_Ray_DAG.py
[2025-04-13T13:04:24.033+0000] {processor.py:640} INFO - Processing file /opt/airflow/dags/P2M3_Dionisius_Ray_DAG.py for tasks to queue
[2025-04-13T13:04:24.033+0000] {logging_mixin.py:115} INFO - [2025-04-13T13:04:24.033+0000] {dagbag.py:508} INFO - Filling up the DagBag from /opt/airflow/dags/P2M3_Dionisius_Ray_DAG.py
[2025-04-13T13:04:24.386+0000] {processor.py:650} INFO - DAG(s) dict_keys(['change_later']) retrieved from /opt/airflow/dags/P2M3_Dionisius_Ray_DAG.py
[2025-04-13T13:04:24.404+0000] {logging_mixin.py:115} INFO - [2025-04-13T13:04:24.403+0000] {dag.py:2429} INFO - Sync 1 DAGs
[2025-04-13T13:04:24.421+0000] {logging_mixin.py:115} INFO - [2025-04-13T13:04:24.421+0000] {dag.py:2981} INFO - Setting next_dagrun for change_later to 2025-04-13T00:00:00+00:00, run_after=2025-04-20T00:00:00+00:00
[2025-04-13T13:04:24.430+0000] {processor.py:161} INFO - Processing /opt/airflow/dags/P2M3_Dionisius_Ray_DAG.py took 0.401 seconds
[2025-04-13T13:04:54.543+0000] {processor.py:153} INFO - Started process (PID=469) to work on /opt/airflow/dags/P2M3_Dionisius_Ray_DAG.py
[2025-04-13T13:04:54.543+0000] {processor.py:640} INFO - Processing file /opt/airflow/dags/P2M3_Dionisius_Ray_DAG.py for tasks to queue
[2025-04-13T13:04:54.544+0000] {logging_mixin.py:115} INFO - [2025-04-13T13:04:54.544+0000] {dagbag.py:508} INFO - Filling up the DagBag from /opt/airflow/dags/P2M3_Dionisius_Ray_DAG.py
[2025-04-13T13:04:54.924+0000] {processor.py:650} INFO - DAG(s) dict_keys(['change_later']) retrieved from /opt/airflow/dags/P2M3_Dionisius_Ray_DAG.py
[2025-04-13T13:04:54.942+0000] {logging_mixin.py:115} INFO - [2025-04-13T13:04:54.941+0000] {dag.py:2429} INFO - Sync 1 DAGs
[2025-04-13T13:04:54.958+0000] {logging_mixin.py:115} INFO - [2025-04-13T13:04:54.958+0000] {dag.py:2981} INFO - Setting next_dagrun for change_later to 2025-04-13T00:00:00+00:00, run_after=2025-04-20T00:00:00+00:00
[2025-04-13T13:04:54.969+0000] {processor.py:161} INFO - Processing /opt/airflow/dags/P2M3_Dionisius_Ray_DAG.py took 0.429 seconds
[2025-04-13T13:05:25.086+0000] {processor.py:153} INFO - Started process (PID=475) to work on /opt/airflow/dags/P2M3_Dionisius_Ray_DAG.py
[2025-04-13T13:05:25.087+0000] {processor.py:640} INFO - Processing file /opt/airflow/dags/P2M3_Dionisius_Ray_DAG.py for tasks to queue
[2025-04-13T13:05:25.087+0000] {logging_mixin.py:115} INFO - [2025-04-13T13:05:25.087+0000] {dagbag.py:508} INFO - Filling up the DagBag from /opt/airflow/dags/P2M3_Dionisius_Ray_DAG.py
[2025-04-13T13:05:25.437+0000] {processor.py:650} INFO - DAG(s) dict_keys(['change_later']) retrieved from /opt/airflow/dags/P2M3_Dionisius_Ray_DAG.py
[2025-04-13T13:05:25.456+0000] {logging_mixin.py:115} INFO - [2025-04-13T13:05:25.456+0000] {dag.py:2429} INFO - Sync 1 DAGs
[2025-04-13T13:05:25.476+0000] {logging_mixin.py:115} INFO - [2025-04-13T13:05:25.476+0000] {dag.py:2981} INFO - Setting next_dagrun for change_later to 2025-04-13T00:00:00+00:00, run_after=2025-04-20T00:00:00+00:00
[2025-04-13T13:05:25.490+0000] {processor.py:161} INFO - Processing /opt/airflow/dags/P2M3_Dionisius_Ray_DAG.py took 0.407 seconds
[2025-04-13T13:05:55.603+0000] {processor.py:153} INFO - Started process (PID=481) to work on /opt/airflow/dags/P2M3_Dionisius_Ray_DAG.py
[2025-04-13T13:05:55.604+0000] {processor.py:640} INFO - Processing file /opt/airflow/dags/P2M3_Dionisius_Ray_DAG.py for tasks to queue
[2025-04-13T13:05:55.604+0000] {logging_mixin.py:115} INFO - [2025-04-13T13:05:55.604+0000] {dagbag.py:508} INFO - Filling up the DagBag from /opt/airflow/dags/P2M3_Dionisius_Ray_DAG.py
[2025-04-13T13:05:55.942+0000] {processor.py:650} INFO - DAG(s) dict_keys(['change_later']) retrieved from /opt/airflow/dags/P2M3_Dionisius_Ray_DAG.py
[2025-04-13T13:05:55.959+0000] {logging_mixin.py:115} INFO - [2025-04-13T13:05:55.959+0000] {dag.py:2429} INFO - Sync 1 DAGs
[2025-04-13T13:05:55.975+0000] {logging_mixin.py:115} INFO - [2025-04-13T13:05:55.974+0000] {dag.py:2981} INFO - Setting next_dagrun for change_later to 2025-04-13T00:00:00+00:00, run_after=2025-04-20T00:00:00+00:00
[2025-04-13T13:05:55.984+0000] {processor.py:161} INFO - Processing /opt/airflow/dags/P2M3_Dionisius_Ray_DAG.py took 0.384 seconds
[2025-04-13T13:06:26.089+0000] {processor.py:153} INFO - Started process (PID=487) to work on /opt/airflow/dags/P2M3_Dionisius_Ray_DAG.py
[2025-04-13T13:06:26.090+0000] {processor.py:640} INFO - Processing file /opt/airflow/dags/P2M3_Dionisius_Ray_DAG.py for tasks to queue
[2025-04-13T13:06:26.090+0000] {logging_mixin.py:115} INFO - [2025-04-13T13:06:26.090+0000] {dagbag.py:508} INFO - Filling up the DagBag from /opt/airflow/dags/P2M3_Dionisius_Ray_DAG.py
[2025-04-13T13:06:26.451+0000] {processor.py:650} INFO - DAG(s) dict_keys(['change_later']) retrieved from /opt/airflow/dags/P2M3_Dionisius_Ray_DAG.py
[2025-04-13T13:06:26.468+0000] {logging_mixin.py:115} INFO - [2025-04-13T13:06:26.468+0000] {dag.py:2429} INFO - Sync 1 DAGs
[2025-04-13T13:06:26.485+0000] {logging_mixin.py:115} INFO - [2025-04-13T13:06:26.485+0000] {dag.py:2981} INFO - Setting next_dagrun for change_later to 2025-04-13T00:00:00+00:00, run_after=2025-04-20T00:00:00+00:00
[2025-04-13T13:06:26.498+0000] {processor.py:161} INFO - Processing /opt/airflow/dags/P2M3_Dionisius_Ray_DAG.py took 0.413 seconds
[2025-04-13T13:06:56.621+0000] {processor.py:153} INFO - Started process (PID=493) to work on /opt/airflow/dags/P2M3_Dionisius_Ray_DAG.py
[2025-04-13T13:06:56.622+0000] {processor.py:640} INFO - Processing file /opt/airflow/dags/P2M3_Dionisius_Ray_DAG.py for tasks to queue
[2025-04-13T13:06:56.623+0000] {logging_mixin.py:115} INFO - [2025-04-13T13:06:56.623+0000] {dagbag.py:508} INFO - Filling up the DagBag from /opt/airflow/dags/P2M3_Dionisius_Ray_DAG.py
[2025-04-13T13:06:57.033+0000] {processor.py:650} INFO - DAG(s) dict_keys(['change_later']) retrieved from /opt/airflow/dags/P2M3_Dionisius_Ray_DAG.py
[2025-04-13T13:06:57.050+0000] {logging_mixin.py:115} INFO - [2025-04-13T13:06:57.049+0000] {dag.py:2429} INFO - Sync 1 DAGs
[2025-04-13T13:06:57.066+0000] {logging_mixin.py:115} INFO - [2025-04-13T13:06:57.066+0000] {dag.py:2981} INFO - Setting next_dagrun for change_later to 2025-04-13T00:00:00+00:00, run_after=2025-04-20T00:00:00+00:00
[2025-04-13T13:06:57.077+0000] {processor.py:161} INFO - Processing /opt/airflow/dags/P2M3_Dionisius_Ray_DAG.py took 0.460 seconds
[2025-04-13T13:07:27.189+0000] {processor.py:153} INFO - Started process (PID=499) to work on /opt/airflow/dags/P2M3_Dionisius_Ray_DAG.py
[2025-04-13T13:07:27.190+0000] {processor.py:640} INFO - Processing file /opt/airflow/dags/P2M3_Dionisius_Ray_DAG.py for tasks to queue
[2025-04-13T13:07:27.191+0000] {logging_mixin.py:115} INFO - [2025-04-13T13:07:27.190+0000] {dagbag.py:508} INFO - Filling up the DagBag from /opt/airflow/dags/P2M3_Dionisius_Ray_DAG.py
[2025-04-13T13:07:27.561+0000] {processor.py:650} INFO - DAG(s) dict_keys(['change_later']) retrieved from /opt/airflow/dags/P2M3_Dionisius_Ray_DAG.py
[2025-04-13T13:07:27.580+0000] {logging_mixin.py:115} INFO - [2025-04-13T13:07:27.580+0000] {dag.py:2429} INFO - Sync 1 DAGs
[2025-04-13T13:07:27.597+0000] {logging_mixin.py:115} INFO - [2025-04-13T13:07:27.596+0000] {dag.py:2981} INFO - Setting next_dagrun for change_later to 2025-04-13T00:00:00+00:00, run_after=2025-04-20T00:00:00+00:00
[2025-04-13T13:07:27.607+0000] {processor.py:161} INFO - Processing /opt/airflow/dags/P2M3_Dionisius_Ray_DAG.py took 0.420 seconds
[2025-04-13T13:07:57.741+0000] {processor.py:153} INFO - Started process (PID=505) to work on /opt/airflow/dags/P2M3_Dionisius_Ray_DAG.py
[2025-04-13T13:07:57.742+0000] {processor.py:640} INFO - Processing file /opt/airflow/dags/P2M3_Dionisius_Ray_DAG.py for tasks to queue
[2025-04-13T13:07:57.743+0000] {logging_mixin.py:115} INFO - [2025-04-13T13:07:57.743+0000] {dagbag.py:508} INFO - Filling up the DagBag from /opt/airflow/dags/P2M3_Dionisius_Ray_DAG.py
[2025-04-13T13:07:58.245+0000] {processor.py:650} INFO - DAG(s) dict_keys(['change_later']) retrieved from /opt/airflow/dags/P2M3_Dionisius_Ray_DAG.py
[2025-04-13T13:07:58.272+0000] {logging_mixin.py:115} INFO - [2025-04-13T13:07:58.272+0000] {dag.py:2429} INFO - Sync 1 DAGs
[2025-04-13T13:07:58.296+0000] {logging_mixin.py:115} INFO - [2025-04-13T13:07:58.295+0000] {dag.py:2981} INFO - Setting next_dagrun for change_later to 2025-04-13T00:00:00+00:00, run_after=2025-04-20T00:00:00+00:00
[2025-04-13T13:07:58.313+0000] {processor.py:161} INFO - Processing /opt/airflow/dags/P2M3_Dionisius_Ray_DAG.py took 0.576 seconds
[2025-04-13T13:08:28.396+0000] {processor.py:153} INFO - Started process (PID=511) to work on /opt/airflow/dags/P2M3_Dionisius_Ray_DAG.py
[2025-04-13T13:08:28.397+0000] {processor.py:640} INFO - Processing file /opt/airflow/dags/P2M3_Dionisius_Ray_DAG.py for tasks to queue
[2025-04-13T13:08:28.398+0000] {logging_mixin.py:115} INFO - [2025-04-13T13:08:28.398+0000] {dagbag.py:508} INFO - Filling up the DagBag from /opt/airflow/dags/P2M3_Dionisius_Ray_DAG.py
[2025-04-13T13:08:28.872+0000] {processor.py:650} INFO - DAG(s) dict_keys(['change_later']) retrieved from /opt/airflow/dags/P2M3_Dionisius_Ray_DAG.py
[2025-04-13T13:08:28.892+0000] {logging_mixin.py:115} INFO - [2025-04-13T13:08:28.892+0000] {dag.py:2429} INFO - Sync 1 DAGs
[2025-04-13T13:08:28.918+0000] {logging_mixin.py:115} INFO - [2025-04-13T13:08:28.918+0000] {dag.py:2981} INFO - Setting next_dagrun for change_later to 2025-04-13T00:00:00+00:00, run_after=2025-04-20T00:00:00+00:00
[2025-04-13T13:08:28.936+0000] {processor.py:161} INFO - Processing /opt/airflow/dags/P2M3_Dionisius_Ray_DAG.py took 0.544 seconds
[2025-04-13T13:08:59.065+0000] {processor.py:153} INFO - Started process (PID=517) to work on /opt/airflow/dags/P2M3_Dionisius_Ray_DAG.py
[2025-04-13T13:08:59.066+0000] {processor.py:640} INFO - Processing file /opt/airflow/dags/P2M3_Dionisius_Ray_DAG.py for tasks to queue
[2025-04-13T13:08:59.067+0000] {logging_mixin.py:115} INFO - [2025-04-13T13:08:59.067+0000] {dagbag.py:508} INFO - Filling up the DagBag from /opt/airflow/dags/P2M3_Dionisius_Ray_DAG.py
[2025-04-13T13:08:59.453+0000] {processor.py:650} INFO - DAG(s) dict_keys(['change_later']) retrieved from /opt/airflow/dags/P2M3_Dionisius_Ray_DAG.py
[2025-04-13T13:08:59.471+0000] {logging_mixin.py:115} INFO - [2025-04-13T13:08:59.470+0000] {dag.py:2429} INFO - Sync 1 DAGs
[2025-04-13T13:08:59.488+0000] {logging_mixin.py:115} INFO - [2025-04-13T13:08:59.488+0000] {dag.py:2981} INFO - Setting next_dagrun for change_later to 2025-04-13T00:00:00+00:00, run_after=2025-04-20T00:00:00+00:00
[2025-04-13T13:08:59.499+0000] {processor.py:161} INFO - Processing /opt/airflow/dags/P2M3_Dionisius_Ray_DAG.py took 0.436 seconds
[2025-04-13T13:09:29.612+0000] {processor.py:153} INFO - Started process (PID=523) to work on /opt/airflow/dags/P2M3_Dionisius_Ray_DAG.py
[2025-04-13T13:09:29.613+0000] {processor.py:640} INFO - Processing file /opt/airflow/dags/P2M3_Dionisius_Ray_DAG.py for tasks to queue
[2025-04-13T13:09:29.614+0000] {logging_mixin.py:115} INFO - [2025-04-13T13:09:29.614+0000] {dagbag.py:508} INFO - Filling up the DagBag from /opt/airflow/dags/P2M3_Dionisius_Ray_DAG.py
[2025-04-13T13:09:29.969+0000] {processor.py:650} INFO - DAG(s) dict_keys(['change_later']) retrieved from /opt/airflow/dags/P2M3_Dionisius_Ray_DAG.py
[2025-04-13T13:09:29.990+0000] {logging_mixin.py:115} INFO - [2025-04-13T13:09:29.989+0000] {dag.py:2429} INFO - Sync 1 DAGs
[2025-04-13T13:09:30.012+0000] {logging_mixin.py:115} INFO - [2025-04-13T13:09:30.012+0000] {dag.py:2981} INFO - Setting next_dagrun for change_later to 2025-04-13T00:00:00+00:00, run_after=2025-04-20T00:00:00+00:00
[2025-04-13T13:09:30.023+0000] {processor.py:161} INFO - Processing /opt/airflow/dags/P2M3_Dionisius_Ray_DAG.py took 0.413 seconds
[2025-04-13T13:10:00.130+0000] {processor.py:153} INFO - Started process (PID=529) to work on /opt/airflow/dags/P2M3_Dionisius_Ray_DAG.py
[2025-04-13T13:10:00.131+0000] {processor.py:640} INFO - Processing file /opt/airflow/dags/P2M3_Dionisius_Ray_DAG.py for tasks to queue
[2025-04-13T13:10:00.132+0000] {logging_mixin.py:115} INFO - [2025-04-13T13:10:00.132+0000] {dagbag.py:508} INFO - Filling up the DagBag from /opt/airflow/dags/P2M3_Dionisius_Ray_DAG.py
[2025-04-13T13:10:00.512+0000] {processor.py:650} INFO - DAG(s) dict_keys(['change_later']) retrieved from /opt/airflow/dags/P2M3_Dionisius_Ray_DAG.py
[2025-04-13T13:10:00.530+0000] {logging_mixin.py:115} INFO - [2025-04-13T13:10:00.529+0000] {dag.py:2429} INFO - Sync 1 DAGs
[2025-04-13T13:10:00.556+0000] {logging_mixin.py:115} INFO - [2025-04-13T13:10:00.556+0000] {dag.py:2981} INFO - Setting next_dagrun for change_later to 2025-04-13T00:00:00+00:00, run_after=2025-04-20T00:00:00+00:00
[2025-04-13T13:10:00.571+0000] {processor.py:161} INFO - Processing /opt/airflow/dags/P2M3_Dionisius_Ray_DAG.py took 0.443 seconds
[2025-04-13T13:10:30.697+0000] {processor.py:153} INFO - Started process (PID=535) to work on /opt/airflow/dags/P2M3_Dionisius_Ray_DAG.py
[2025-04-13T13:10:30.697+0000] {processor.py:640} INFO - Processing file /opt/airflow/dags/P2M3_Dionisius_Ray_DAG.py for tasks to queue
[2025-04-13T13:10:30.698+0000] {logging_mixin.py:115} INFO - [2025-04-13T13:10:30.698+0000] {dagbag.py:508} INFO - Filling up the DagBag from /opt/airflow/dags/P2M3_Dionisius_Ray_DAG.py
[2025-04-13T13:10:31.048+0000] {processor.py:650} INFO - DAG(s) dict_keys(['change_later']) retrieved from /opt/airflow/dags/P2M3_Dionisius_Ray_DAG.py
[2025-04-13T13:10:31.064+0000] {logging_mixin.py:115} INFO - [2025-04-13T13:10:31.064+0000] {dag.py:2429} INFO - Sync 1 DAGs
[2025-04-13T13:10:31.080+0000] {logging_mixin.py:115} INFO - [2025-04-13T13:10:31.080+0000] {dag.py:2981} INFO - Setting next_dagrun for change_later to 2025-04-13T00:00:00+00:00, run_after=2025-04-20T00:00:00+00:00
[2025-04-13T13:10:31.090+0000] {processor.py:161} INFO - Processing /opt/airflow/dags/P2M3_Dionisius_Ray_DAG.py took 0.396 seconds
[2025-04-13T13:11:01.229+0000] {processor.py:153} INFO - Started process (PID=541) to work on /opt/airflow/dags/P2M3_Dionisius_Ray_DAG.py
[2025-04-13T13:11:01.230+0000] {processor.py:640} INFO - Processing file /opt/airflow/dags/P2M3_Dionisius_Ray_DAG.py for tasks to queue
[2025-04-13T13:11:01.231+0000] {logging_mixin.py:115} INFO - [2025-04-13T13:11:01.231+0000] {dagbag.py:508} INFO - Filling up the DagBag from /opt/airflow/dags/P2M3_Dionisius_Ray_DAG.py
[2025-04-13T13:11:01.610+0000] {processor.py:650} INFO - DAG(s) dict_keys(['change_later']) retrieved from /opt/airflow/dags/P2M3_Dionisius_Ray_DAG.py
[2025-04-13T13:11:01.628+0000] {logging_mixin.py:115} INFO - [2025-04-13T13:11:01.628+0000] {dag.py:2429} INFO - Sync 1 DAGs
[2025-04-13T13:11:01.645+0000] {logging_mixin.py:115} INFO - [2025-04-13T13:11:01.645+0000] {dag.py:2981} INFO - Setting next_dagrun for change_later to 2025-04-13T00:00:00+00:00, run_after=2025-04-20T00:00:00+00:00
[2025-04-13T13:11:01.656+0000] {processor.py:161} INFO - Processing /opt/airflow/dags/P2M3_Dionisius_Ray_DAG.py took 0.430 seconds
[2025-04-13T13:11:31.774+0000] {processor.py:153} INFO - Started process (PID=547) to work on /opt/airflow/dags/P2M3_Dionisius_Ray_DAG.py
[2025-04-13T13:11:31.775+0000] {processor.py:640} INFO - Processing file /opt/airflow/dags/P2M3_Dionisius_Ray_DAG.py for tasks to queue
[2025-04-13T13:11:31.775+0000] {logging_mixin.py:115} INFO - [2025-04-13T13:11:31.775+0000] {dagbag.py:508} INFO - Filling up the DagBag from /opt/airflow/dags/P2M3_Dionisius_Ray_DAG.py
[2025-04-13T13:11:32.136+0000] {processor.py:650} INFO - DAG(s) dict_keys(['change_later']) retrieved from /opt/airflow/dags/P2M3_Dionisius_Ray_DAG.py
[2025-04-13T13:11:32.154+0000] {logging_mixin.py:115} INFO - [2025-04-13T13:11:32.154+0000] {dag.py:2429} INFO - Sync 1 DAGs
[2025-04-13T13:11:32.170+0000] {logging_mixin.py:115} INFO - [2025-04-13T13:11:32.170+0000] {dag.py:2981} INFO - Setting next_dagrun for change_later to 2025-04-13T00:00:00+00:00, run_after=2025-04-20T00:00:00+00:00
[2025-04-13T13:11:32.180+0000] {processor.py:161} INFO - Processing /opt/airflow/dags/P2M3_Dionisius_Ray_DAG.py took 0.409 seconds
[2025-04-13T13:12:02.295+0000] {processor.py:153} INFO - Started process (PID=553) to work on /opt/airflow/dags/P2M3_Dionisius_Ray_DAG.py
[2025-04-13T13:12:02.296+0000] {processor.py:640} INFO - Processing file /opt/airflow/dags/P2M3_Dionisius_Ray_DAG.py for tasks to queue
[2025-04-13T13:12:02.296+0000] {logging_mixin.py:115} INFO - [2025-04-13T13:12:02.296+0000] {dagbag.py:508} INFO - Filling up the DagBag from /opt/airflow/dags/P2M3_Dionisius_Ray_DAG.py
[2025-04-13T13:12:02.678+0000] {processor.py:650} INFO - DAG(s) dict_keys(['change_later']) retrieved from /opt/airflow/dags/P2M3_Dionisius_Ray_DAG.py
[2025-04-13T13:12:02.696+0000] {logging_mixin.py:115} INFO - [2025-04-13T13:12:02.696+0000] {dag.py:2429} INFO - Sync 1 DAGs
[2025-04-13T13:12:02.714+0000] {logging_mixin.py:115} INFO - [2025-04-13T13:12:02.714+0000] {dag.py:2981} INFO - Setting next_dagrun for change_later to 2025-04-13T00:00:00+00:00, run_after=2025-04-20T00:00:00+00:00
[2025-04-13T13:12:02.726+0000] {processor.py:161} INFO - Processing /opt/airflow/dags/P2M3_Dionisius_Ray_DAG.py took 0.434 seconds
[2025-04-13T13:12:32.839+0000] {processor.py:153} INFO - Started process (PID=559) to work on /opt/airflow/dags/P2M3_Dionisius_Ray_DAG.py
[2025-04-13T13:12:32.840+0000] {processor.py:640} INFO - Processing file /opt/airflow/dags/P2M3_Dionisius_Ray_DAG.py for tasks to queue
[2025-04-13T13:12:32.840+0000] {logging_mixin.py:115} INFO - [2025-04-13T13:12:32.840+0000] {dagbag.py:508} INFO - Filling up the DagBag from /opt/airflow/dags/P2M3_Dionisius_Ray_DAG.py
[2025-04-13T13:12:33.203+0000] {processor.py:650} INFO - DAG(s) dict_keys(['change_later']) retrieved from /opt/airflow/dags/P2M3_Dionisius_Ray_DAG.py
[2025-04-13T13:12:33.222+0000] {logging_mixin.py:115} INFO - [2025-04-13T13:12:33.222+0000] {dag.py:2429} INFO - Sync 1 DAGs
[2025-04-13T13:12:33.242+0000] {logging_mixin.py:115} INFO - [2025-04-13T13:12:33.242+0000] {dag.py:2981} INFO - Setting next_dagrun for change_later to 2025-04-13T00:00:00+00:00, run_after=2025-04-20T00:00:00+00:00
[2025-04-13T13:12:33.253+0000] {processor.py:161} INFO - Processing /opt/airflow/dags/P2M3_Dionisius_Ray_DAG.py took 0.417 seconds
[2025-04-13T13:13:03.364+0000] {processor.py:153} INFO - Started process (PID=565) to work on /opt/airflow/dags/P2M3_Dionisius_Ray_DAG.py
[2025-04-13T13:13:03.365+0000] {processor.py:640} INFO - Processing file /opt/airflow/dags/P2M3_Dionisius_Ray_DAG.py for tasks to queue
[2025-04-13T13:13:03.366+0000] {logging_mixin.py:115} INFO - [2025-04-13T13:13:03.366+0000] {dagbag.py:508} INFO - Filling up the DagBag from /opt/airflow/dags/P2M3_Dionisius_Ray_DAG.py
[2025-04-13T13:13:03.722+0000] {processor.py:650} INFO - DAG(s) dict_keys(['change_later']) retrieved from /opt/airflow/dags/P2M3_Dionisius_Ray_DAG.py
[2025-04-13T13:13:03.740+0000] {logging_mixin.py:115} INFO - [2025-04-13T13:13:03.739+0000] {dag.py:2429} INFO - Sync 1 DAGs
[2025-04-13T13:13:03.755+0000] {logging_mixin.py:115} INFO - [2025-04-13T13:13:03.755+0000] {dag.py:2981} INFO - Setting next_dagrun for change_later to 2025-04-13T00:00:00+00:00, run_after=2025-04-20T00:00:00+00:00
[2025-04-13T13:13:03.766+0000] {processor.py:161} INFO - Processing /opt/airflow/dags/P2M3_Dionisius_Ray_DAG.py took 0.405 seconds
[2025-04-13T13:13:33.881+0000] {processor.py:153} INFO - Started process (PID=571) to work on /opt/airflow/dags/P2M3_Dionisius_Ray_DAG.py
[2025-04-13T13:13:33.882+0000] {processor.py:640} INFO - Processing file /opt/airflow/dags/P2M3_Dionisius_Ray_DAG.py for tasks to queue
[2025-04-13T13:13:33.882+0000] {logging_mixin.py:115} INFO - [2025-04-13T13:13:33.882+0000] {dagbag.py:508} INFO - Filling up the DagBag from /opt/airflow/dags/P2M3_Dionisius_Ray_DAG.py
[2025-04-13T13:13:34.253+0000] {processor.py:650} INFO - DAG(s) dict_keys(['change_later']) retrieved from /opt/airflow/dags/P2M3_Dionisius_Ray_DAG.py
[2025-04-13T13:13:34.270+0000] {logging_mixin.py:115} INFO - [2025-04-13T13:13:34.270+0000] {dag.py:2429} INFO - Sync 1 DAGs
[2025-04-13T13:13:34.286+0000] {logging_mixin.py:115} INFO - [2025-04-13T13:13:34.286+0000] {dag.py:2981} INFO - Setting next_dagrun for change_later to 2025-04-13T00:00:00+00:00, run_after=2025-04-20T00:00:00+00:00
[2025-04-13T13:13:34.296+0000] {processor.py:161} INFO - Processing /opt/airflow/dags/P2M3_Dionisius_Ray_DAG.py took 0.418 seconds
[2025-04-13T13:14:04.411+0000] {processor.py:153} INFO - Started process (PID=577) to work on /opt/airflow/dags/P2M3_Dionisius_Ray_DAG.py
[2025-04-13T13:14:04.411+0000] {processor.py:640} INFO - Processing file /opt/airflow/dags/P2M3_Dionisius_Ray_DAG.py for tasks to queue
[2025-04-13T13:14:04.412+0000] {logging_mixin.py:115} INFO - [2025-04-13T13:14:04.412+0000] {dagbag.py:508} INFO - Filling up the DagBag from /opt/airflow/dags/P2M3_Dionisius_Ray_DAG.py
[2025-04-13T13:14:04.765+0000] {processor.py:650} INFO - DAG(s) dict_keys(['change_later']) retrieved from /opt/airflow/dags/P2M3_Dionisius_Ray_DAG.py
[2025-04-13T13:14:04.781+0000] {logging_mixin.py:115} INFO - [2025-04-13T13:14:04.781+0000] {dag.py:2429} INFO - Sync 1 DAGs
[2025-04-13T13:14:04.798+0000] {logging_mixin.py:115} INFO - [2025-04-13T13:14:04.798+0000] {dag.py:2981} INFO - Setting next_dagrun for change_later to 2025-04-13T00:00:00+00:00, run_after=2025-04-20T00:00:00+00:00
[2025-04-13T13:14:04.808+0000] {processor.py:161} INFO - Processing /opt/airflow/dags/P2M3_Dionisius_Ray_DAG.py took 0.400 seconds
[2025-04-13T13:14:34.923+0000] {processor.py:153} INFO - Started process (PID=583) to work on /opt/airflow/dags/P2M3_Dionisius_Ray_DAG.py
[2025-04-13T13:14:34.924+0000] {processor.py:640} INFO - Processing file /opt/airflow/dags/P2M3_Dionisius_Ray_DAG.py for tasks to queue
[2025-04-13T13:14:34.925+0000] {logging_mixin.py:115} INFO - [2025-04-13T13:14:34.925+0000] {dagbag.py:508} INFO - Filling up the DagBag from /opt/airflow/dags/P2M3_Dionisius_Ray_DAG.py
[2025-04-13T13:14:35.305+0000] {processor.py:650} INFO - DAG(s) dict_keys(['change_later']) retrieved from /opt/airflow/dags/P2M3_Dionisius_Ray_DAG.py
[2025-04-13T13:14:35.323+0000] {logging_mixin.py:115} INFO - [2025-04-13T13:14:35.323+0000] {dag.py:2429} INFO - Sync 1 DAGs
[2025-04-13T13:14:35.341+0000] {logging_mixin.py:115} INFO - [2025-04-13T13:14:35.341+0000] {dag.py:2981} INFO - Setting next_dagrun for change_later to 2025-04-13T00:00:00+00:00, run_after=2025-04-20T00:00:00+00:00
[2025-04-13T13:14:35.352+0000] {processor.py:161} INFO - Processing /opt/airflow/dags/P2M3_Dionisius_Ray_DAG.py took 0.431 seconds
[2025-04-13T13:15:05.464+0000] {processor.py:153} INFO - Started process (PID=589) to work on /opt/airflow/dags/P2M3_Dionisius_Ray_DAG.py
[2025-04-13T13:15:05.465+0000] {processor.py:640} INFO - Processing file /opt/airflow/dags/P2M3_Dionisius_Ray_DAG.py for tasks to queue
[2025-04-13T13:15:05.466+0000] {logging_mixin.py:115} INFO - [2025-04-13T13:15:05.466+0000] {dagbag.py:508} INFO - Filling up the DagBag from /opt/airflow/dags/P2M3_Dionisius_Ray_DAG.py
[2025-04-13T13:15:05.815+0000] {processor.py:650} INFO - DAG(s) dict_keys(['change_later']) retrieved from /opt/airflow/dags/P2M3_Dionisius_Ray_DAG.py
[2025-04-13T13:15:05.835+0000] {logging_mixin.py:115} INFO - [2025-04-13T13:15:05.834+0000] {dag.py:2429} INFO - Sync 1 DAGs
[2025-04-13T13:15:05.851+0000] {logging_mixin.py:115} INFO - [2025-04-13T13:15:05.851+0000] {dag.py:2981} INFO - Setting next_dagrun for change_later to 2025-04-13T00:00:00+00:00, run_after=2025-04-20T00:00:00+00:00
[2025-04-13T13:15:05.862+0000] {processor.py:161} INFO - Processing /opt/airflow/dags/P2M3_Dionisius_Ray_DAG.py took 0.401 seconds
[2025-04-13T13:15:35.969+0000] {processor.py:153} INFO - Started process (PID=595) to work on /opt/airflow/dags/P2M3_Dionisius_Ray_DAG.py
[2025-04-13T13:15:35.969+0000] {processor.py:640} INFO - Processing file /opt/airflow/dags/P2M3_Dionisius_Ray_DAG.py for tasks to queue
[2025-04-13T13:15:35.970+0000] {logging_mixin.py:115} INFO - [2025-04-13T13:15:35.970+0000] {dagbag.py:508} INFO - Filling up the DagBag from /opt/airflow/dags/P2M3_Dionisius_Ray_DAG.py
[2025-04-13T13:15:36.353+0000] {processor.py:650} INFO - DAG(s) dict_keys(['change_later']) retrieved from /opt/airflow/dags/P2M3_Dionisius_Ray_DAG.py
[2025-04-13T13:15:36.371+0000] {logging_mixin.py:115} INFO - [2025-04-13T13:15:36.370+0000] {dag.py:2429} INFO - Sync 1 DAGs
[2025-04-13T13:15:36.387+0000] {logging_mixin.py:115} INFO - [2025-04-13T13:15:36.387+0000] {dag.py:2981} INFO - Setting next_dagrun for change_later to 2025-04-13T00:00:00+00:00, run_after=2025-04-20T00:00:00+00:00
[2025-04-13T13:15:36.397+0000] {processor.py:161} INFO - Processing /opt/airflow/dags/P2M3_Dionisius_Ray_DAG.py took 0.431 seconds
[2025-04-13T13:16:06.547+0000] {processor.py:153} INFO - Started process (PID=601) to work on /opt/airflow/dags/P2M3_Dionisius_Ray_DAG.py
[2025-04-13T13:16:06.547+0000] {processor.py:640} INFO - Processing file /opt/airflow/dags/P2M3_Dionisius_Ray_DAG.py for tasks to queue
[2025-04-13T13:16:06.548+0000] {logging_mixin.py:115} INFO - [2025-04-13T13:16:06.548+0000] {dagbag.py:508} INFO - Filling up the DagBag from /opt/airflow/dags/P2M3_Dionisius_Ray_DAG.py
[2025-04-13T13:16:06.895+0000] {processor.py:650} INFO - DAG(s) dict_keys(['change_later']) retrieved from /opt/airflow/dags/P2M3_Dionisius_Ray_DAG.py
[2025-04-13T13:16:06.911+0000] {logging_mixin.py:115} INFO - [2025-04-13T13:16:06.911+0000] {dag.py:2429} INFO - Sync 1 DAGs
[2025-04-13T13:16:06.929+0000] {logging_mixin.py:115} INFO - [2025-04-13T13:16:06.929+0000] {dag.py:2981} INFO - Setting next_dagrun for change_later to 2025-04-13T00:00:00+00:00, run_after=2025-04-20T00:00:00+00:00
[2025-04-13T13:16:06.941+0000] {processor.py:161} INFO - Processing /opt/airflow/dags/P2M3_Dionisius_Ray_DAG.py took 0.396 seconds
[2025-04-13T13:16:37.049+0000] {processor.py:153} INFO - Started process (PID=607) to work on /opt/airflow/dags/P2M3_Dionisius_Ray_DAG.py
[2025-04-13T13:16:37.050+0000] {processor.py:640} INFO - Processing file /opt/airflow/dags/P2M3_Dionisius_Ray_DAG.py for tasks to queue
[2025-04-13T13:16:37.051+0000] {logging_mixin.py:115} INFO - [2025-04-13T13:16:37.050+0000] {dagbag.py:508} INFO - Filling up the DagBag from /opt/airflow/dags/P2M3_Dionisius_Ray_DAG.py
[2025-04-13T13:16:37.419+0000] {processor.py:650} INFO - DAG(s) dict_keys(['change_later']) retrieved from /opt/airflow/dags/P2M3_Dionisius_Ray_DAG.py
[2025-04-13T13:16:37.436+0000] {logging_mixin.py:115} INFO - [2025-04-13T13:16:37.436+0000] {dag.py:2429} INFO - Sync 1 DAGs
[2025-04-13T13:16:37.454+0000] {logging_mixin.py:115} INFO - [2025-04-13T13:16:37.453+0000] {dag.py:2981} INFO - Setting next_dagrun for change_later to 2025-04-13T00:00:00+00:00, run_after=2025-04-20T00:00:00+00:00
[2025-04-13T13:16:37.464+0000] {processor.py:161} INFO - Processing /opt/airflow/dags/P2M3_Dionisius_Ray_DAG.py took 0.417 seconds
[2025-04-13T13:17:07.580+0000] {processor.py:153} INFO - Started process (PID=613) to work on /opt/airflow/dags/P2M3_Dionisius_Ray_DAG.py
[2025-04-13T13:17:07.581+0000] {processor.py:640} INFO - Processing file /opt/airflow/dags/P2M3_Dionisius_Ray_DAG.py for tasks to queue
[2025-04-13T13:17:07.582+0000] {logging_mixin.py:115} INFO - [2025-04-13T13:17:07.582+0000] {dagbag.py:508} INFO - Filling up the DagBag from /opt/airflow/dags/P2M3_Dionisius_Ray_DAG.py
[2025-04-13T13:17:07.937+0000] {processor.py:650} INFO - DAG(s) dict_keys(['change_later']) retrieved from /opt/airflow/dags/P2M3_Dionisius_Ray_DAG.py
[2025-04-13T13:17:07.953+0000] {logging_mixin.py:115} INFO - [2025-04-13T13:17:07.953+0000] {dag.py:2429} INFO - Sync 1 DAGs
[2025-04-13T13:17:07.971+0000] {logging_mixin.py:115} INFO - [2025-04-13T13:17:07.970+0000] {dag.py:2981} INFO - Setting next_dagrun for change_later to 2025-04-13T00:00:00+00:00, run_after=2025-04-20T00:00:00+00:00
[2025-04-13T13:17:07.981+0000] {processor.py:161} INFO - Processing /opt/airflow/dags/P2M3_Dionisius_Ray_DAG.py took 0.403 seconds
[2025-04-13T13:17:38.087+0000] {processor.py:153} INFO - Started process (PID=619) to work on /opt/airflow/dags/P2M3_Dionisius_Ray_DAG.py
[2025-04-13T13:17:38.088+0000] {processor.py:640} INFO - Processing file /opt/airflow/dags/P2M3_Dionisius_Ray_DAG.py for tasks to queue
[2025-04-13T13:17:38.089+0000] {logging_mixin.py:115} INFO - [2025-04-13T13:17:38.089+0000] {dagbag.py:508} INFO - Filling up the DagBag from /opt/airflow/dags/P2M3_Dionisius_Ray_DAG.py
[2025-04-13T13:17:38.500+0000] {processor.py:650} INFO - DAG(s) dict_keys(['change_later']) retrieved from /opt/airflow/dags/P2M3_Dionisius_Ray_DAG.py
[2025-04-13T13:17:38.517+0000] {logging_mixin.py:115} INFO - [2025-04-13T13:17:38.516+0000] {dag.py:2429} INFO - Sync 1 DAGs
[2025-04-13T13:17:38.534+0000] {logging_mixin.py:115} INFO - [2025-04-13T13:17:38.533+0000] {dag.py:2981} INFO - Setting next_dagrun for change_later to 2025-04-13T00:00:00+00:00, run_after=2025-04-20T00:00:00+00:00
[2025-04-13T13:17:38.545+0000] {processor.py:161} INFO - Processing /opt/airflow/dags/P2M3_Dionisius_Ray_DAG.py took 0.461 seconds
[2025-04-13T13:18:08.663+0000] {processor.py:153} INFO - Started process (PID=625) to work on /opt/airflow/dags/P2M3_Dionisius_Ray_DAG.py
[2025-04-13T13:18:08.664+0000] {processor.py:640} INFO - Processing file /opt/airflow/dags/P2M3_Dionisius_Ray_DAG.py for tasks to queue
[2025-04-13T13:18:08.664+0000] {logging_mixin.py:115} INFO - [2025-04-13T13:18:08.664+0000] {dagbag.py:508} INFO - Filling up the DagBag from /opt/airflow/dags/P2M3_Dionisius_Ray_DAG.py
[2025-04-13T13:18:09.055+0000] {processor.py:650} INFO - DAG(s) dict_keys(['change_later']) retrieved from /opt/airflow/dags/P2M3_Dionisius_Ray_DAG.py
[2025-04-13T13:18:09.078+0000] {logging_mixin.py:115} INFO - [2025-04-13T13:18:09.078+0000] {dag.py:2429} INFO - Sync 1 DAGs
[2025-04-13T13:18:09.096+0000] {logging_mixin.py:115} INFO - [2025-04-13T13:18:09.096+0000] {dag.py:2981} INFO - Setting next_dagrun for change_later to 2025-04-13T00:00:00+00:00, run_after=2025-04-20T00:00:00+00:00
[2025-04-13T13:18:09.107+0000] {processor.py:161} INFO - Processing /opt/airflow/dags/P2M3_Dionisius_Ray_DAG.py took 0.447 seconds
[2025-04-13T13:18:39.222+0000] {processor.py:153} INFO - Started process (PID=631) to work on /opt/airflow/dags/P2M3_Dionisius_Ray_DAG.py
[2025-04-13T13:18:39.223+0000] {processor.py:640} INFO - Processing file /opt/airflow/dags/P2M3_Dionisius_Ray_DAG.py for tasks to queue
[2025-04-13T13:18:39.224+0000] {logging_mixin.py:115} INFO - [2025-04-13T13:18:39.224+0000] {dagbag.py:508} INFO - Filling up the DagBag from /opt/airflow/dags/P2M3_Dionisius_Ray_DAG.py
[2025-04-13T13:18:39.615+0000] {processor.py:650} INFO - DAG(s) dict_keys(['change_later']) retrieved from /opt/airflow/dags/P2M3_Dionisius_Ray_DAG.py
[2025-04-13T13:18:39.633+0000] {logging_mixin.py:115} INFO - [2025-04-13T13:18:39.633+0000] {dag.py:2429} INFO - Sync 1 DAGs
[2025-04-13T13:18:39.651+0000] {logging_mixin.py:115} INFO - [2025-04-13T13:18:39.650+0000] {dag.py:2981} INFO - Setting next_dagrun for change_later to 2025-04-13T00:00:00+00:00, run_after=2025-04-20T00:00:00+00:00
[2025-04-13T13:18:39.661+0000] {processor.py:161} INFO - Processing /opt/airflow/dags/P2M3_Dionisius_Ray_DAG.py took 0.442 seconds
[2025-04-13T13:19:09.777+0000] {processor.py:153} INFO - Started process (PID=637) to work on /opt/airflow/dags/P2M3_Dionisius_Ray_DAG.py
[2025-04-13T13:19:09.778+0000] {processor.py:640} INFO - Processing file /opt/airflow/dags/P2M3_Dionisius_Ray_DAG.py for tasks to queue
[2025-04-13T13:19:09.779+0000] {logging_mixin.py:115} INFO - [2025-04-13T13:19:09.778+0000] {dagbag.py:508} INFO - Filling up the DagBag from /opt/airflow/dags/P2M3_Dionisius_Ray_DAG.py
[2025-04-13T13:19:10.137+0000] {processor.py:650} INFO - DAG(s) dict_keys(['change_later']) retrieved from /opt/airflow/dags/P2M3_Dionisius_Ray_DAG.py
[2025-04-13T13:19:10.154+0000] {logging_mixin.py:115} INFO - [2025-04-13T13:19:10.154+0000] {dag.py:2429} INFO - Sync 1 DAGs
[2025-04-13T13:19:10.170+0000] {logging_mixin.py:115} INFO - [2025-04-13T13:19:10.170+0000] {dag.py:2981} INFO - Setting next_dagrun for change_later to 2025-04-13T00:00:00+00:00, run_after=2025-04-20T00:00:00+00:00
[2025-04-13T13:19:10.179+0000] {processor.py:161} INFO - Processing /opt/airflow/dags/P2M3_Dionisius_Ray_DAG.py took 0.405 seconds
[2025-04-13T13:19:40.287+0000] {processor.py:153} INFO - Started process (PID=643) to work on /opt/airflow/dags/P2M3_Dionisius_Ray_DAG.py
[2025-04-13T13:19:40.288+0000] {processor.py:640} INFO - Processing file /opt/airflow/dags/P2M3_Dionisius_Ray_DAG.py for tasks to queue
[2025-04-13T13:19:40.289+0000] {logging_mixin.py:115} INFO - [2025-04-13T13:19:40.288+0000] {dagbag.py:508} INFO - Filling up the DagBag from /opt/airflow/dags/P2M3_Dionisius_Ray_DAG.py
[2025-04-13T13:19:40.653+0000] {processor.py:650} INFO - DAG(s) dict_keys(['change_later']) retrieved from /opt/airflow/dags/P2M3_Dionisius_Ray_DAG.py
[2025-04-13T13:19:40.670+0000] {logging_mixin.py:115} INFO - [2025-04-13T13:19:40.669+0000] {dag.py:2429} INFO - Sync 1 DAGs
[2025-04-13T13:19:40.687+0000] {logging_mixin.py:115} INFO - [2025-04-13T13:19:40.686+0000] {dag.py:2981} INFO - Setting next_dagrun for change_later to 2025-04-13T00:00:00+00:00, run_after=2025-04-20T00:00:00+00:00
[2025-04-13T13:19:40.696+0000] {processor.py:161} INFO - Processing /opt/airflow/dags/P2M3_Dionisius_Ray_DAG.py took 0.411 seconds
[2025-04-13T13:20:10.801+0000] {processor.py:153} INFO - Started process (PID=649) to work on /opt/airflow/dags/P2M3_Dionisius_Ray_DAG.py
[2025-04-13T13:20:10.802+0000] {processor.py:640} INFO - Processing file /opt/airflow/dags/P2M3_Dionisius_Ray_DAG.py for tasks to queue
[2025-04-13T13:20:10.802+0000] {logging_mixin.py:115} INFO - [2025-04-13T13:20:10.802+0000] {dagbag.py:508} INFO - Filling up the DagBag from /opt/airflow/dags/P2M3_Dionisius_Ray_DAG.py
[2025-04-13T13:20:11.200+0000] {processor.py:650} INFO - DAG(s) dict_keys(['change_later']) retrieved from /opt/airflow/dags/P2M3_Dionisius_Ray_DAG.py
[2025-04-13T13:20:11.221+0000] {logging_mixin.py:115} INFO - [2025-04-13T13:20:11.221+0000] {dag.py:2429} INFO - Sync 1 DAGs
[2025-04-13T13:20:11.238+0000] {logging_mixin.py:115} INFO - [2025-04-13T13:20:11.238+0000] {dag.py:2981} INFO - Setting next_dagrun for change_later to 2025-04-13T00:00:00+00:00, run_after=2025-04-20T00:00:00+00:00
[2025-04-13T13:20:11.248+0000] {processor.py:161} INFO - Processing /opt/airflow/dags/P2M3_Dionisius_Ray_DAG.py took 0.449 seconds
[2025-04-13T13:20:41.367+0000] {processor.py:153} INFO - Started process (PID=655) to work on /opt/airflow/dags/P2M3_Dionisius_Ray_DAG.py
[2025-04-13T13:20:41.368+0000] {processor.py:640} INFO - Processing file /opt/airflow/dags/P2M3_Dionisius_Ray_DAG.py for tasks to queue
[2025-04-13T13:20:41.369+0000] {logging_mixin.py:115} INFO - [2025-04-13T13:20:41.369+0000] {dagbag.py:508} INFO - Filling up the DagBag from /opt/airflow/dags/P2M3_Dionisius_Ray_DAG.py
[2025-04-13T13:20:41.756+0000] {processor.py:650} INFO - DAG(s) dict_keys(['change_later']) retrieved from /opt/airflow/dags/P2M3_Dionisius_Ray_DAG.py
[2025-04-13T13:20:41.778+0000] {logging_mixin.py:115} INFO - [2025-04-13T13:20:41.777+0000] {dag.py:2429} INFO - Sync 1 DAGs
[2025-04-13T13:20:41.796+0000] {logging_mixin.py:115} INFO - [2025-04-13T13:20:41.796+0000] {dag.py:2981} INFO - Setting next_dagrun for change_later to 2025-04-13T00:00:00+00:00, run_after=2025-04-20T00:00:00+00:00
[2025-04-13T13:20:41.812+0000] {processor.py:161} INFO - Processing /opt/airflow/dags/P2M3_Dionisius_Ray_DAG.py took 0.448 seconds
[2025-04-13T13:21:11.964+0000] {processor.py:153} INFO - Started process (PID=661) to work on /opt/airflow/dags/P2M3_Dionisius_Ray_DAG.py
[2025-04-13T13:21:11.965+0000] {processor.py:640} INFO - Processing file /opt/airflow/dags/P2M3_Dionisius_Ray_DAG.py for tasks to queue
[2025-04-13T13:21:11.965+0000] {logging_mixin.py:115} INFO - [2025-04-13T13:21:11.965+0000] {dagbag.py:508} INFO - Filling up the DagBag from /opt/airflow/dags/P2M3_Dionisius_Ray_DAG.py
[2025-04-13T13:21:12.352+0000] {processor.py:650} INFO - DAG(s) dict_keys(['change_later']) retrieved from /opt/airflow/dags/P2M3_Dionisius_Ray_DAG.py
[2025-04-13T13:21:12.369+0000] {logging_mixin.py:115} INFO - [2025-04-13T13:21:12.369+0000] {dag.py:2429} INFO - Sync 1 DAGs
[2025-04-13T13:21:12.386+0000] {logging_mixin.py:115} INFO - [2025-04-13T13:21:12.386+0000] {dag.py:2981} INFO - Setting next_dagrun for change_later to 2025-04-13T00:00:00+00:00, run_after=2025-04-20T00:00:00+00:00
[2025-04-13T13:21:12.396+0000] {processor.py:161} INFO - Processing /opt/airflow/dags/P2M3_Dionisius_Ray_DAG.py took 0.435 seconds
[2025-04-13T13:21:42.502+0000] {processor.py:153} INFO - Started process (PID=667) to work on /opt/airflow/dags/P2M3_Dionisius_Ray_DAG.py
[2025-04-13T13:21:42.503+0000] {processor.py:640} INFO - Processing file /opt/airflow/dags/P2M3_Dionisius_Ray_DAG.py for tasks to queue
[2025-04-13T13:21:42.503+0000] {logging_mixin.py:115} INFO - [2025-04-13T13:21:42.503+0000] {dagbag.py:508} INFO - Filling up the DagBag from /opt/airflow/dags/P2M3_Dionisius_Ray_DAG.py
[2025-04-13T13:21:42.861+0000] {processor.py:650} INFO - DAG(s) dict_keys(['change_later']) retrieved from /opt/airflow/dags/P2M3_Dionisius_Ray_DAG.py
[2025-04-13T13:21:42.877+0000] {logging_mixin.py:115} INFO - [2025-04-13T13:21:42.876+0000] {dag.py:2429} INFO - Sync 1 DAGs
[2025-04-13T13:21:42.892+0000] {logging_mixin.py:115} INFO - [2025-04-13T13:21:42.892+0000] {dag.py:2981} INFO - Setting next_dagrun for change_later to 2025-04-13T00:00:00+00:00, run_after=2025-04-20T00:00:00+00:00
[2025-04-13T13:21:42.902+0000] {processor.py:161} INFO - Processing /opt/airflow/dags/P2M3_Dionisius_Ray_DAG.py took 0.403 seconds
[2025-04-13T13:22:13.014+0000] {processor.py:153} INFO - Started process (PID=737) to work on /opt/airflow/dags/P2M3_Dionisius_Ray_DAG.py
[2025-04-13T13:22:13.015+0000] {processor.py:640} INFO - Processing file /opt/airflow/dags/P2M3_Dionisius_Ray_DAG.py for tasks to queue
[2025-04-13T13:22:13.016+0000] {logging_mixin.py:115} INFO - [2025-04-13T13:22:13.016+0000] {dagbag.py:508} INFO - Filling up the DagBag from /opt/airflow/dags/P2M3_Dionisius_Ray_DAG.py
[2025-04-13T13:22:13.844+0000] {logging_mixin.py:115} WARNING - Exception ignored in: <function _collection_gced at 0x7f6a00b0ed40>
[2025-04-13T13:22:13.844+0000] {logging_mixin.py:115} WARNING - Traceback (most recent call last):
[2025-04-13T13:22:13.845+0000] {logging_mixin.py:115} WARNING -   File "/home/airflow/.local/lib/python3.7/site-packages/sqlalchemy/event/registry.py", line 53, in _collection_gced
[2025-04-13T13:22:13.845+0000] {logging_mixin.py:115} WARNING -     def _collection_gced(ref):
[2025-04-13T13:22:13.845+0000] {logging_mixin.py:115} WARNING -   File "/home/airflow/.local/lib/python3.7/site-packages/airflow/dag_processing/manager.py", line 463, in _exit_gracefully
[2025-04-13T13:22:13.846+0000] {logging_mixin.py:115} WARNING -     self.log.debug("Current Stacktrace is: %s", '\n'.join(map(str, inspect.stack())))
[2025-04-13T13:22:13.846+0000] {logging_mixin.py:115} WARNING -   File "/usr/local/lib/python3.7/inspect.py", line 1513, in stack
[2025-04-13T13:22:13.846+0000] {logging_mixin.py:115} WARNING -     return getouterframes(sys._getframe(1), context)
[2025-04-13T13:22:13.847+0000] {logging_mixin.py:115} WARNING -   File "/usr/local/lib/python3.7/inspect.py", line 1490, in getouterframes
[2025-04-13T13:22:13.847+0000] {logging_mixin.py:115} WARNING -     frameinfo = (frame,) + getframeinfo(frame, context)
[2025-04-13T13:22:13.848+0000] {logging_mixin.py:115} WARNING -   File "/usr/local/lib/python3.7/inspect.py", line 1464, in getframeinfo
[2025-04-13T13:22:13.848+0000] {logging_mixin.py:115} WARNING -     lines, lnum = findsource(frame)
[2025-04-13T13:22:13.848+0000] {logging_mixin.py:115} WARNING -   File "/usr/local/lib/python3.7/inspect.py", line 780, in findsource
[2025-04-13T13:22:13.849+0000] {logging_mixin.py:115} WARNING -     module = getmodule(object, file)
[2025-04-13T13:22:13.849+0000] {logging_mixin.py:115} WARNING -   File "/usr/local/lib/python3.7/inspect.py", line 742, in getmodule
[2025-04-13T13:22:13.850+0000] {logging_mixin.py:115} WARNING -     os.path.realpath(f)] = module.__name__
[2025-04-13T13:22:13.850+0000] {logging_mixin.py:115} WARNING -   File "/usr/local/lib/python3.7/posixpath.py", line 395, in realpath
[2025-04-13T13:22:13.851+0000] {logging_mixin.py:115} WARNING -     path, ok = _joinrealpath(filename[:0], filename, {})
[2025-04-13T13:22:13.851+0000] {logging_mixin.py:115} WARNING -   File "/usr/local/lib/python3.7/posixpath.py", line 429, in _joinrealpath
[2025-04-13T13:22:13.852+0000] {logging_mixin.py:115} WARNING -     if not islink(newpath):
[2025-04-13T13:22:13.852+0000] {logging_mixin.py:115} WARNING -   File "/usr/local/lib/python3.7/posixpath.py", line 171, in islink
[2025-04-13T13:22:13.853+0000] {logging_mixin.py:115} WARNING -     st = os.lstat(path)
[2025-04-13T13:22:13.853+0000] {logging_mixin.py:115} WARNING -   File "/home/airflow/.local/lib/python3.7/site-packages/airflow/dag_processing/manager.py", line 467, in _exit_gracefully
[2025-04-13T13:22:13.853+0000] {logging_mixin.py:115} WARNING -     sys.exit(os.EX_OK)
[2025-04-13T13:22:13.854+0000] {logging_mixin.py:115} WARNING - SystemExit: 0
[2025-04-13T13:22:14.046+0000] {processor.py:650} INFO - DAG(s) dict_keys(['change_later']) retrieved from /opt/airflow/dags/P2M3_Dionisius_Ray_DAG.py
[2025-04-13T13:22:14.075+0000] {logging_mixin.py:115} INFO - [2025-04-13T13:22:14.075+0000] {dag.py:2429} INFO - Sync 1 DAGs
[2025-04-13T13:22:14.103+0000] {logging_mixin.py:115} INFO - [2025-04-13T13:22:14.103+0000] {dag.py:2981} INFO - Setting next_dagrun for change_later to 2025-04-13T00:00:00+00:00, run_after=2025-04-20T00:00:00+00:00
[2025-04-13T13:22:14.123+0000] {processor.py:161} INFO - Processing /opt/airflow/dags/P2M3_Dionisius_Ray_DAG.py took 1.112 seconds
