[2025-04-11T05:55:48.824+0000] {taskinstance.py:1171} INFO - Dependencies all met for <TaskInstance: change_later.extract_from_postgresql scheduled__2025-03-30T00:00:00+00:00 [queued]>
[2025-04-11T05:55:48.852+0000] {taskinstance.py:1171} INFO - Dependencies all met for <TaskInstance: change_later.extract_from_postgresql scheduled__2025-03-30T00:00:00+00:00 [queued]>
[2025-04-11T05:55:48.853+0000] {taskinstance.py:1368} INFO - 
--------------------------------------------------------------------------------
[2025-04-11T05:55:48.855+0000] {taskinstance.py:1369} INFO - Starting attempt 1 of 1
[2025-04-11T05:55:48.856+0000] {taskinstance.py:1370} INFO - 
--------------------------------------------------------------------------------
[2025-04-11T05:55:48.890+0000] {taskinstance.py:1389} INFO - Executing <Task(_PythonDecoratedOperator): extract_from_postgresql> on 2025-03-30 00:00:00+00:00
[2025-04-11T05:55:48.908+0000] {standard_task_runner.py:52} INFO - Started process 316 to run task
[2025-04-11T05:55:48.914+0000] {standard_task_runner.py:79} INFO - Running: ['***', 'tasks', 'run', 'change_later', 'extract_from_postgresql', 'scheduled__2025-03-30T00:00:00+00:00', '--job-id', '7', '--raw', '--subdir', 'DAGS_FOLDER/elastic_search.py', '--cfg-path', '/tmp/tmpcx3a178n', '--error-file', '/tmp/tmpbddfbsko']
[2025-04-11T05:55:48.917+0000] {standard_task_runner.py:80} INFO - Job 7: Subtask extract_from_postgresql
[2025-04-11T05:55:49.024+0000] {task_command.py:371} INFO - Running <TaskInstance: change_later.extract_from_postgresql scheduled__2025-03-30T00:00:00+00:00 [running]> on host 800c9d81b96f
[2025-04-11T05:55:49.164+0000] {taskinstance.py:1583} INFO - Exporting the following env vars:
AIRFLOW_CTX_DAG_OWNER=Dion
AIRFLOW_CTX_DAG_ID=change_later
AIRFLOW_CTX_TASK_ID=extract_from_postgresql
AIRFLOW_CTX_EXECUTION_DATE=2025-03-30T00:00:00+00:00
AIRFLOW_CTX_TRY_NUMBER=1
AIRFLOW_CTX_DAG_RUN_ID=scheduled__2025-03-30T00:00:00+00:00
[2025-04-11T05:55:49.398+0000] {python.py:173} INFO - Done. Returned value was: None
[2025-04-11T05:55:49.417+0000] {taskinstance.py:1412} INFO - Marking task as SUCCESS. dag_id=change_later, task_id=extract_from_postgresql, execution_date=20250330T000000, start_date=20250411T055548, end_date=20250411T055549
[2025-04-11T05:55:49.488+0000] {local_task_job.py:156} INFO - Task exited with return code 0
[2025-04-11T05:55:49.544+0000] {local_task_job.py:279} INFO - 1 downstream tasks scheduled from follow-on schedule check
[2025-04-13T05:28:23.127+0000] {taskinstance.py:1171} INFO - Dependencies all met for <TaskInstance: change_later.extract_from_postgresql scheduled__2025-03-30T00:00:00+00:00 [queued]>
[2025-04-13T05:28:23.140+0000] {taskinstance.py:1171} INFO - Dependencies all met for <TaskInstance: change_later.extract_from_postgresql scheduled__2025-03-30T00:00:00+00:00 [queued]>
[2025-04-13T05:28:23.141+0000] {taskinstance.py:1368} INFO - 
--------------------------------------------------------------------------------
[2025-04-13T05:28:23.141+0000] {taskinstance.py:1369} INFO - Starting attempt 1 of 1
[2025-04-13T05:28:23.142+0000] {taskinstance.py:1370} INFO - 
--------------------------------------------------------------------------------
[2025-04-13T05:28:23.160+0000] {taskinstance.py:1389} INFO - Executing <Task(_PythonDecoratedOperator): extract_from_postgresql> on 2025-03-30 00:00:00+00:00
[2025-04-13T05:28:23.174+0000] {standard_task_runner.py:52} INFO - Started process 221 to run task
[2025-04-13T05:28:23.179+0000] {standard_task_runner.py:79} INFO - Running: ['***', 'tasks', 'run', 'change_later', 'extract_from_postgresql', 'scheduled__2025-03-30T00:00:00+00:00', '--job-id', '3', '--raw', '--subdir', 'DAGS_FOLDER/elastic_search.py', '--cfg-path', '/tmp/tmpdg030t0x', '--error-file', '/tmp/tmpe1n_07s5']
[2025-04-13T05:28:23.181+0000] {standard_task_runner.py:80} INFO - Job 3: Subtask extract_from_postgresql
[2025-04-13T05:28:23.313+0000] {task_command.py:371} INFO - Running <TaskInstance: change_later.extract_from_postgresql scheduled__2025-03-30T00:00:00+00:00 [running]> on host 92ecb8470de2
[2025-04-13T05:28:23.417+0000] {taskinstance.py:1583} INFO - Exporting the following env vars:
AIRFLOW_CTX_DAG_OWNER=Dion
AIRFLOW_CTX_DAG_ID=change_later
AIRFLOW_CTX_TASK_ID=extract_from_postgresql
AIRFLOW_CTX_EXECUTION_DATE=2025-03-30T00:00:00+00:00
AIRFLOW_CTX_TRY_NUMBER=1
AIRFLOW_CTX_DAG_RUN_ID=scheduled__2025-03-30T00:00:00+00:00
[2025-04-13T05:28:23.740+0000] {python.py:173} INFO - Done. Returned value was: None
[2025-04-13T05:28:23.921+0000] {taskinstance.py:1412} INFO - Marking task as SUCCESS. dag_id=change_later, task_id=extract_from_postgresql, execution_date=20250330T000000, start_date=20250413T052823, end_date=20250413T052823
[2025-04-13T05:28:23.994+0000] {local_task_job.py:156} INFO - Task exited with return code 0
[2025-04-13T05:28:24.042+0000] {local_task_job.py:279} INFO - 0 downstream tasks scheduled from follow-on schedule check
