[2025-04-14T11:48:44.338+0000] {taskinstance.py:1171} INFO - Dependencies all met for <TaskInstance: Flow_P2M3_Dionisius_Ray.data_cleaning scheduled__2025-04-05T09:10:00+00:00 [queued]>
[2025-04-14T11:48:44.345+0000] {taskinstance.py:1171} INFO - Dependencies all met for <TaskInstance: Flow_P2M3_Dionisius_Ray.data_cleaning scheduled__2025-04-05T09:10:00+00:00 [queued]>
[2025-04-14T11:48:44.346+0000] {taskinstance.py:1368} INFO - 
--------------------------------------------------------------------------------
[2025-04-14T11:48:44.346+0000] {taskinstance.py:1369} INFO - Starting attempt 1 of 1
[2025-04-14T11:48:44.346+0000] {taskinstance.py:1370} INFO - 
--------------------------------------------------------------------------------
[2025-04-14T11:48:44.360+0000] {taskinstance.py:1389} INFO - Executing <Task(_PythonDecoratedOperator): data_cleaning> on 2025-04-05 09:10:00+00:00
[2025-04-14T11:48:44.367+0000] {standard_task_runner.py:52} INFO - Started process 276 to run task
[2025-04-14T11:48:44.369+0000] {standard_task_runner.py:79} INFO - Running: ['***', 'tasks', 'run', 'Flow_P2M3_Dionisius_Ray', 'data_cleaning', 'scheduled__2025-04-05T09:10:00+00:00', '--job-id', '6', '--raw', '--subdir', 'DAGS_FOLDER/P2M3_Dionisius_Ray_DAG.py', '--cfg-path', '/tmp/tmp0s_gtap8', '--error-file', '/tmp/tmptntb7l6q']
[2025-04-14T11:48:44.370+0000] {standard_task_runner.py:80} INFO - Job 6: Subtask data_cleaning
[2025-04-14T11:48:44.428+0000] {task_command.py:371} INFO - Running <TaskInstance: Flow_P2M3_Dionisius_Ray.data_cleaning scheduled__2025-04-05T09:10:00+00:00 [running]> on host ea496de906cb
[2025-04-14T11:48:44.495+0000] {taskinstance.py:1583} INFO - Exporting the following env vars:
AIRFLOW_CTX_DAG_OWNER=Dion
AIRFLOW_CTX_DAG_ID=Flow_P2M3_Dionisius_Ray
AIRFLOW_CTX_TASK_ID=data_cleaning
AIRFLOW_CTX_EXECUTION_DATE=2025-04-05T09:10:00+00:00
AIRFLOW_CTX_TRY_NUMBER=1
AIRFLOW_CTX_DAG_RUN_ID=scheduled__2025-04-05T09:10:00+00:00
[2025-04-14T11:48:44.692+0000] {python.py:173} INFO - Done. Returned value was: None
[2025-04-14T11:48:44.708+0000] {taskinstance.py:1412} INFO - Marking task as SUCCESS. dag_id=Flow_P2M3_Dionisius_Ray, task_id=data_cleaning, execution_date=20250405T091000, start_date=20250414T114844, end_date=20250414T114844
[2025-04-14T11:48:44.743+0000] {local_task_job.py:156} INFO - Task exited with return code 0
[2025-04-14T11:48:44.783+0000] {local_task_job.py:279} INFO - 0 downstream tasks scheduled from follow-on schedule check
