[2025-04-14T11:45:50.884+0000] {taskinstance.py:1171} INFO - Dependencies all met for <TaskInstance: change_later.extract_from_postgresql scheduled__2025-04-05T09:10:00+00:00 [queued]>
[2025-04-14T11:45:50.909+0000] {taskinstance.py:1171} INFO - Dependencies all met for <TaskInstance: change_later.extract_from_postgresql scheduled__2025-04-05T09:10:00+00:00 [queued]>
[2025-04-14T11:45:50.911+0000] {taskinstance.py:1368} INFO - 
--------------------------------------------------------------------------------
[2025-04-14T11:45:50.911+0000] {taskinstance.py:1369} INFO - Starting attempt 1 of 1
[2025-04-14T11:45:50.912+0000] {taskinstance.py:1370} INFO - 
--------------------------------------------------------------------------------
[2025-04-14T11:45:50.930+0000] {taskinstance.py:1389} INFO - Executing <Task(_PythonDecoratedOperator): extract_from_postgresql> on 2025-04-05 09:10:00+00:00
[2025-04-14T11:45:50.940+0000] {standard_task_runner.py:52} INFO - Started process 228 to run task
[2025-04-14T11:45:50.943+0000] {standard_task_runner.py:79} INFO - Running: ['***', 'tasks', 'run', 'change_later', 'extract_from_postgresql', 'scheduled__2025-04-05T09:10:00+00:00', '--job-id', '2', '--raw', '--subdir', 'DAGS_FOLDER/P2M3_Dionisius_Ray_DAG.py', '--cfg-path', '/tmp/tmp9w5066bs', '--error-file', '/tmp/tmp9o_fbg86']
[2025-04-14T11:45:50.944+0000] {standard_task_runner.py:80} INFO - Job 2: Subtask extract_from_postgresql
[2025-04-14T11:45:51.042+0000] {task_command.py:371} INFO - Running <TaskInstance: change_later.extract_from_postgresql scheduled__2025-04-05T09:10:00+00:00 [running]> on host ea496de906cb
[2025-04-14T11:45:51.132+0000] {taskinstance.py:1583} INFO - Exporting the following env vars:
AIRFLOW_CTX_DAG_OWNER=Dion
AIRFLOW_CTX_DAG_ID=change_later
AIRFLOW_CTX_TASK_ID=extract_from_postgresql
AIRFLOW_CTX_EXECUTION_DATE=2025-04-05T09:10:00+00:00
AIRFLOW_CTX_TRY_NUMBER=1
AIRFLOW_CTX_DAG_RUN_ID=scheduled__2025-04-05T09:10:00+00:00
[2025-04-14T11:45:51.335+0000] {python.py:173} INFO - Done. Returned value was: None
[2025-04-14T11:45:51.349+0000] {taskinstance.py:1412} INFO - Marking task as SUCCESS. dag_id=change_later, task_id=extract_from_postgresql, execution_date=20250405T091000, start_date=20250414T114550, end_date=20250414T114551
[2025-04-14T11:45:51.397+0000] {local_task_job.py:156} INFO - Task exited with return code 0
[2025-04-14T11:45:51.451+0000] {local_task_job.py:279} INFO - 1 downstream tasks scheduled from follow-on schedule check
