[2025-04-13T12:53:28.051+0000] {taskinstance.py:1171} INFO - Dependencies all met for <TaskInstance: change_later.data_cleaning manual__2025-04-13T12:53:23.819621+00:00 [queued]>
[2025-04-13T12:53:28.059+0000] {taskinstance.py:1171} INFO - Dependencies all met for <TaskInstance: change_later.data_cleaning manual__2025-04-13T12:53:23.819621+00:00 [queued]>
[2025-04-13T12:53:28.059+0000] {taskinstance.py:1368} INFO - 
--------------------------------------------------------------------------------
[2025-04-13T12:53:28.059+0000] {taskinstance.py:1369} INFO - Starting attempt 1 of 1
[2025-04-13T12:53:28.060+0000] {taskinstance.py:1370} INFO - 
--------------------------------------------------------------------------------
[2025-04-13T12:53:28.074+0000] {taskinstance.py:1389} INFO - Executing <Task(_PythonDecoratedOperator): data_cleaning> on 2025-04-13 12:53:23.819621+00:00
[2025-04-13T12:53:28.080+0000] {standard_task_runner.py:52} INFO - Started process 333 to run task
[2025-04-13T12:53:28.083+0000] {standard_task_runner.py:79} INFO - Running: ['***', 'tasks', 'run', 'change_later', 'data_cleaning', 'manual__2025-04-13T12:53:23.819621+00:00', '--job-id', '20', '--raw', '--subdir', 'DAGS_FOLDER/P2M3_Dionisius_Ray_DAG.py', '--cfg-path', '/tmp/tmpq61gyf1d', '--error-file', '/tmp/tmpx46olwx3']
[2025-04-13T12:53:28.084+0000] {standard_task_runner.py:80} INFO - Job 20: Subtask data_cleaning
[2025-04-13T12:53:28.149+0000] {task_command.py:371} INFO - Running <TaskInstance: change_later.data_cleaning manual__2025-04-13T12:53:23.819621+00:00 [running]> on host 92ecb8470de2
[2025-04-13T12:53:28.245+0000] {taskinstance.py:1583} INFO - Exporting the following env vars:
AIRFLOW_CTX_DAG_OWNER=Dion
AIRFLOW_CTX_DAG_ID=change_later
AIRFLOW_CTX_TASK_ID=data_cleaning
AIRFLOW_CTX_EXECUTION_DATE=2025-04-13T12:53:23.819621+00:00
AIRFLOW_CTX_TRY_NUMBER=1
AIRFLOW_CTX_DAG_RUN_ID=manual__2025-04-13T12:53:23.819621+00:00
[2025-04-13T12:53:28.430+0000] {python.py:173} INFO - Done. Returned value was: None
[2025-04-13T12:53:28.443+0000] {taskinstance.py:1412} INFO - Marking task as SUCCESS. dag_id=change_later, task_id=data_cleaning, execution_date=20250413T125323, start_date=20250413T125328, end_date=20250413T125328
[2025-04-13T12:53:28.496+0000] {local_task_job.py:156} INFO - Task exited with return code 0
[2025-04-13T12:53:28.531+0000] {local_task_job.py:279} INFO - 1 downstream tasks scheduled from follow-on schedule check
