[2025-04-13T05:28:23.130+0000] {taskinstance.py:1171} INFO - Dependencies all met for <TaskInstance: change_later.extract_from_postgresql manual__2025-04-13T05:26:16.140450+00:00 [queued]>
[2025-04-13T05:28:23.142+0000] {taskinstance.py:1171} INFO - Dependencies all met for <TaskInstance: change_later.extract_from_postgresql manual__2025-04-13T05:26:16.140450+00:00 [queued]>
[2025-04-13T05:28:23.143+0000] {taskinstance.py:1368} INFO - 
--------------------------------------------------------------------------------
[2025-04-13T05:28:23.143+0000] {taskinstance.py:1369} INFO - Starting attempt 1 of 1
[2025-04-13T05:28:23.144+0000] {taskinstance.py:1370} INFO - 
--------------------------------------------------------------------------------
[2025-04-13T05:28:23.162+0000] {taskinstance.py:1389} INFO - Executing <Task(_PythonDecoratedOperator): extract_from_postgresql> on 2025-04-13 05:26:16.140450+00:00
[2025-04-13T05:28:23.177+0000] {standard_task_runner.py:52} INFO - Started process 222 to run task
[2025-04-13T05:28:23.181+0000] {standard_task_runner.py:79} INFO - Running: ['***', 'tasks', 'run', 'change_later', 'extract_from_postgresql', 'manual__2025-04-13T05:26:16.140450+00:00', '--job-id', '4', '--raw', '--subdir', 'DAGS_FOLDER/elastic_search.py', '--cfg-path', '/tmp/tmpybtj2fe_', '--error-file', '/tmp/tmpw9q_54be']
[2025-04-13T05:28:23.182+0000] {standard_task_runner.py:80} INFO - Job 4: Subtask extract_from_postgresql
[2025-04-13T05:28:23.311+0000] {task_command.py:371} INFO - Running <TaskInstance: change_later.extract_from_postgresql manual__2025-04-13T05:26:16.140450+00:00 [running]> on host 92ecb8470de2
[2025-04-13T05:28:23.420+0000] {taskinstance.py:1583} INFO - Exporting the following env vars:
AIRFLOW_CTX_DAG_OWNER=Dion
AIRFLOW_CTX_DAG_ID=change_later
AIRFLOW_CTX_TASK_ID=extract_from_postgresql
AIRFLOW_CTX_EXECUTION_DATE=2025-04-13T05:26:16.140450+00:00
AIRFLOW_CTX_TRY_NUMBER=1
AIRFLOW_CTX_DAG_RUN_ID=manual__2025-04-13T05:26:16.140450+00:00
[2025-04-13T05:28:23.743+0000] {python.py:173} INFO - Done. Returned value was: None
[2025-04-13T05:28:23.921+0000] {taskinstance.py:1412} INFO - Marking task as SUCCESS. dag_id=change_later, task_id=extract_from_postgresql, execution_date=20250413T052616, start_date=20250413T052823, end_date=20250413T052823
[2025-04-13T05:28:23.996+0000] {local_task_job.py:156} INFO - Task exited with return code 0
[2025-04-13T05:28:24.043+0000] {local_task_job.py:279} INFO - 0 downstream tasks scheduled from follow-on schedule check
