[2025-04-13T05:28:23.144+0000] {taskinstance.py:1171} INFO - Dependencies all met for <TaskInstance: change_later.extract_from_postgresql scheduled__2025-04-06T00:00:00+00:00 [queued]>
[2025-04-13T05:28:23.155+0000] {taskinstance.py:1171} INFO - Dependencies all met for <TaskInstance: change_later.extract_from_postgresql scheduled__2025-04-06T00:00:00+00:00 [queued]>
[2025-04-13T05:28:23.156+0000] {taskinstance.py:1368} INFO - 
--------------------------------------------------------------------------------
[2025-04-13T05:28:23.157+0000] {taskinstance.py:1369} INFO - Starting attempt 1 of 1
[2025-04-13T05:28:23.157+0000] {taskinstance.py:1370} INFO - 
--------------------------------------------------------------------------------
[2025-04-13T05:28:23.175+0000] {taskinstance.py:1389} INFO - Executing <Task(_PythonDecoratedOperator): extract_from_postgresql> on 2025-04-06 00:00:00+00:00
[2025-04-13T05:28:23.189+0000] {standard_task_runner.py:52} INFO - Started process 223 to run task
[2025-04-13T05:28:23.194+0000] {standard_task_runner.py:79} INFO - Running: ['***', 'tasks', 'run', 'change_later', 'extract_from_postgresql', 'scheduled__2025-04-06T00:00:00+00:00', '--job-id', '5', '--raw', '--subdir', 'DAGS_FOLDER/elastic_search.py', '--cfg-path', '/tmp/tmpmdgxa5ke', '--error-file', '/tmp/tmps2fru6dp']
[2025-04-13T05:28:23.213+0000] {standard_task_runner.py:80} INFO - Job 5: Subtask extract_from_postgresql
[2025-04-13T05:28:23.329+0000] {task_command.py:371} INFO - Running <TaskInstance: change_later.extract_from_postgresql scheduled__2025-04-06T00:00:00+00:00 [running]> on host 92ecb8470de2
[2025-04-13T05:28:23.427+0000] {taskinstance.py:1583} INFO - Exporting the following env vars:
AIRFLOW_CTX_DAG_OWNER=Dion
AIRFLOW_CTX_DAG_ID=change_later
AIRFLOW_CTX_TASK_ID=extract_from_postgresql
AIRFLOW_CTX_EXECUTION_DATE=2025-04-06T00:00:00+00:00
AIRFLOW_CTX_TRY_NUMBER=1
AIRFLOW_CTX_DAG_RUN_ID=scheduled__2025-04-06T00:00:00+00:00
[2025-04-13T05:28:23.740+0000] {python.py:173} INFO - Done. Returned value was: None
[2025-04-13T05:28:23.920+0000] {taskinstance.py:1412} INFO - Marking task as SUCCESS. dag_id=change_later, task_id=extract_from_postgresql, execution_date=20250406T000000, start_date=20250413T052823, end_date=20250413T052823
[2025-04-13T05:28:23.970+0000] {local_task_job.py:156} INFO - Task exited with return code 0
[2025-04-13T05:28:24.016+0000] {local_task_job.py:279} INFO - 0 downstream tasks scheduled from follow-on schedule check
