[2025-04-13T12:53:29.596+0000] {taskinstance.py:1171} INFO - Dependencies all met for <TaskInstance: change_later.post_to_elasticsearch manual__2025-04-13T12:53:23.819621+00:00 [queued]>
[2025-04-13T12:53:29.605+0000] {taskinstance.py:1171} INFO - Dependencies all met for <TaskInstance: change_later.post_to_elasticsearch manual__2025-04-13T12:53:23.819621+00:00 [queued]>
[2025-04-13T12:53:29.606+0000] {taskinstance.py:1368} INFO - 
--------------------------------------------------------------------------------
[2025-04-13T12:53:29.609+0000] {taskinstance.py:1369} INFO - Starting attempt 1 of 1
[2025-04-13T12:53:29.610+0000] {taskinstance.py:1370} INFO - 
--------------------------------------------------------------------------------
[2025-04-13T12:53:29.658+0000] {taskinstance.py:1389} INFO - Executing <Task(_PythonDecoratedOperator): post_to_elasticsearch> on 2025-04-13 12:53:23.819621+00:00
[2025-04-13T12:53:29.667+0000] {standard_task_runner.py:52} INFO - Started process 336 to run task
[2025-04-13T12:53:29.669+0000] {standard_task_runner.py:79} INFO - Running: ['***', 'tasks', 'run', 'change_later', 'post_to_elasticsearch', 'manual__2025-04-13T12:53:23.819621+00:00', '--job-id', '21', '--raw', '--subdir', 'DAGS_FOLDER/P2M3_Dionisius_Ray_DAG.py', '--cfg-path', '/tmp/tmpw2dfi91v', '--error-file', '/tmp/tmpjdap10ui']
[2025-04-13T12:53:29.671+0000] {standard_task_runner.py:80} INFO - Job 21: Subtask post_to_elasticsearch
[2025-04-13T12:53:29.753+0000] {task_command.py:371} INFO - Running <TaskInstance: change_later.post_to_elasticsearch manual__2025-04-13T12:53:23.819621+00:00 [running]> on host 92ecb8470de2
[2025-04-13T12:53:29.881+0000] {taskinstance.py:1583} INFO - Exporting the following env vars:
AIRFLOW_CTX_DAG_OWNER=Dion
AIRFLOW_CTX_DAG_ID=change_later
AIRFLOW_CTX_TASK_ID=post_to_elasticsearch
AIRFLOW_CTX_EXECUTION_DATE=2025-04-13T12:53:23.819621+00:00
AIRFLOW_CTX_TRY_NUMBER=1
AIRFLOW_CTX_DAG_RUN_ID=manual__2025-04-13T12:53:23.819621+00:00
[2025-04-13T12:53:30.615+0000] {base.py:271} INFO - POST http://elasticsearch:9200/_bulk [status:200 request:0.574s]
[2025-04-13T12:53:30.729+0000] {base.py:271} INFO - POST http://elasticsearch:9200/_bulk [status:200 request:0.102s]
[2025-04-13T12:53:30.862+0000] {base.py:271} INFO - POST http://elasticsearch:9200/_bulk [status:200 request:0.117s]
[2025-04-13T12:53:31.079+0000] {base.py:271} INFO - POST http://elasticsearch:9200/_bulk [status:200 request:0.207s]
[2025-04-13T12:53:31.227+0000] {base.py:271} INFO - POST http://elasticsearch:9200/_bulk [status:200 request:0.132s]
[2025-04-13T12:53:31.360+0000] {base.py:271} INFO - POST http://elasticsearch:9200/_bulk [status:200 request:0.123s]
[2025-04-13T12:53:31.518+0000] {base.py:271} INFO - POST http://elasticsearch:9200/_bulk [status:200 request:0.148s]
[2025-04-13T12:53:31.632+0000] {base.py:271} INFO - POST http://elasticsearch:9200/_bulk [status:200 request:0.102s]
[2025-04-13T12:53:31.756+0000] {base.py:271} INFO - POST http://elasticsearch:9200/_bulk [status:200 request:0.113s]
[2025-04-13T12:53:31.921+0000] {base.py:271} INFO - POST http://elasticsearch:9200/_bulk [status:200 request:0.154s]
[2025-04-13T12:53:32.039+0000] {base.py:271} INFO - POST http://elasticsearch:9200/_bulk [status:200 request:0.106s]
[2025-04-13T12:53:32.183+0000] {base.py:271} INFO - POST http://elasticsearch:9200/_bulk [status:200 request:0.133s]
[2025-04-13T12:53:32.327+0000] {base.py:271} INFO - POST http://elasticsearch:9200/_bulk [status:200 request:0.134s]
[2025-04-13T12:53:32.479+0000] {base.py:271} INFO - POST http://elasticsearch:9200/_bulk [status:200 request:0.141s]
[2025-04-13T12:53:32.603+0000] {base.py:271} INFO - POST http://elasticsearch:9200/_bulk [status:200 request:0.113s]
[2025-04-13T12:53:32.726+0000] {base.py:271} INFO - POST http://elasticsearch:9200/_bulk [status:200 request:0.113s]
[2025-04-13T12:53:32.863+0000] {base.py:271} INFO - POST http://elasticsearch:9200/_bulk [status:200 request:0.126s]
[2025-04-13T12:53:32.983+0000] {base.py:271} INFO - POST http://elasticsearch:9200/_bulk [status:200 request:0.110s]
[2025-04-13T12:53:33.122+0000] {base.py:271} INFO - POST http://elasticsearch:9200/_bulk [status:200 request:0.125s]
[2025-04-13T12:53:33.175+0000] {base.py:271} INFO - POST http://elasticsearch:9200/_bulk [status:200 request:0.048s]
[2025-04-13T12:53:33.181+0000] {python.py:173} INFO - Done. Returned value was: None
[2025-04-13T12:53:33.201+0000] {taskinstance.py:1412} INFO - Marking task as SUCCESS. dag_id=change_later, task_id=post_to_elasticsearch, execution_date=20250413T125323, start_date=20250413T125329, end_date=20250413T125333
[2025-04-13T12:53:33.255+0000] {local_task_job.py:156} INFO - Task exited with return code 0
[2025-04-13T12:53:33.297+0000] {local_task_job.py:279} INFO - 1 downstream tasks scheduled from follow-on schedule check
