[2025-04-14T11:53:58.331+0000] {taskinstance.py:1171} INFO - Dependencies all met for <TaskInstance: Flow_P2M3_Dionisius_Ray.post_to_elasticsearch manual__2025-04-14T11:53:52.058879+00:00 [queued]>
[2025-04-14T11:53:58.339+0000] {taskinstance.py:1171} INFO - Dependencies all met for <TaskInstance: Flow_P2M3_Dionisius_Ray.post_to_elasticsearch manual__2025-04-14T11:53:52.058879+00:00 [queued]>
[2025-04-14T11:53:58.339+0000] {taskinstance.py:1368} INFO - 
--------------------------------------------------------------------------------
[2025-04-14T11:53:58.340+0000] {taskinstance.py:1369} INFO - Starting attempt 1 of 1
[2025-04-14T11:53:58.340+0000] {taskinstance.py:1370} INFO - 
--------------------------------------------------------------------------------
[2025-04-14T11:53:58.354+0000] {taskinstance.py:1389} INFO - Executing <Task(_PythonDecoratedOperator): post_to_elasticsearch> on 2025-04-14 11:53:52.058879+00:00
[2025-04-14T11:53:58.361+0000] {standard_task_runner.py:52} INFO - Started process 232 to run task
[2025-04-14T11:53:58.364+0000] {standard_task_runner.py:79} INFO - Running: ['***', 'tasks', 'run', 'Flow_P2M3_Dionisius_Ray', 'post_to_elasticsearch', 'manual__2025-04-14T11:53:52.058879+00:00', '--job-id', '11', '--raw', '--subdir', 'DAGS_FOLDER/P2M3_Dionisius_Ray_DAG.py', '--cfg-path', '/tmp/tmplrtfvc_l', '--error-file', '/tmp/tmpjobxw81z']
[2025-04-14T11:53:58.365+0000] {standard_task_runner.py:80} INFO - Job 11: Subtask post_to_elasticsearch
[2025-04-14T11:53:58.423+0000] {task_command.py:371} INFO - Running <TaskInstance: Flow_P2M3_Dionisius_Ray.post_to_elasticsearch manual__2025-04-14T11:53:52.058879+00:00 [running]> on host ea496de906cb
[2025-04-14T11:53:58.488+0000] {taskinstance.py:1583} INFO - Exporting the following env vars:
AIRFLOW_CTX_DAG_OWNER=Dion
AIRFLOW_CTX_DAG_ID=Flow_P2M3_Dionisius_Ray
AIRFLOW_CTX_TASK_ID=post_to_elasticsearch
AIRFLOW_CTX_EXECUTION_DATE=2025-04-14T11:53:52.058879+00:00
AIRFLOW_CTX_TRY_NUMBER=1
AIRFLOW_CTX_DAG_RUN_ID=manual__2025-04-14T11:53:52.058879+00:00
[2025-04-14T11:53:58.933+0000] {base.py:271} INFO - POST http://elasticsearch:9200/_bulk [status:200 request:0.299s]
[2025-04-14T11:53:58.978+0000] {base.py:271} INFO - POST http://elasticsearch:9200/_bulk [status:200 request:0.034s]
[2025-04-14T11:53:59.024+0000] {base.py:271} INFO - POST http://elasticsearch:9200/_bulk [status:200 request:0.036s]
[2025-04-14T11:53:59.066+0000] {base.py:271} INFO - POST http://elasticsearch:9200/_bulk [status:200 request:0.031s]
[2025-04-14T11:53:59.110+0000] {base.py:271} INFO - POST http://elasticsearch:9200/_bulk [status:200 request:0.033s]
[2025-04-14T11:53:59.151+0000] {base.py:271} INFO - POST http://elasticsearch:9200/_bulk [status:200 request:0.031s]
[2025-04-14T11:53:59.193+0000] {base.py:271} INFO - POST http://elasticsearch:9200/_bulk [status:200 request:0.032s]
[2025-04-14T11:53:59.234+0000] {base.py:271} INFO - POST http://elasticsearch:9200/_bulk [status:200 request:0.030s]
[2025-04-14T11:53:59.279+0000] {base.py:271} INFO - POST http://elasticsearch:9200/_bulk [status:200 request:0.035s]
[2025-04-14T11:53:59.319+0000] {base.py:271} INFO - POST http://elasticsearch:9200/_bulk [status:200 request:0.029s]
[2025-04-14T11:53:59.362+0000] {base.py:271} INFO - POST http://elasticsearch:9200/_bulk [status:200 request:0.032s]
[2025-04-14T11:53:59.403+0000] {base.py:271} INFO - POST http://elasticsearch:9200/_bulk [status:200 request:0.030s]
[2025-04-14T11:53:59.452+0000] {base.py:271} INFO - POST http://elasticsearch:9200/_bulk [status:200 request:0.038s]
[2025-04-14T11:53:59.494+0000] {base.py:271} INFO - POST http://elasticsearch:9200/_bulk [status:200 request:0.031s]
[2025-04-14T11:53:59.536+0000] {base.py:271} INFO - POST http://elasticsearch:9200/_bulk [status:200 request:0.032s]
[2025-04-14T11:53:59.576+0000] {base.py:271} INFO - POST http://elasticsearch:9200/_bulk [status:200 request:0.030s]
[2025-04-14T11:53:59.621+0000] {base.py:271} INFO - POST http://elasticsearch:9200/_bulk [status:200 request:0.034s]
[2025-04-14T11:53:59.663+0000] {base.py:271} INFO - POST http://elasticsearch:9200/_bulk [status:200 request:0.031s]
[2025-04-14T11:53:59.710+0000] {base.py:271} INFO - POST http://elasticsearch:9200/_bulk [status:200 request:0.036s]
[2025-04-14T11:53:59.728+0000] {base.py:271} INFO - POST http://elasticsearch:9200/_bulk [status:200 request:0.013s]
[2025-04-14T11:53:59.735+0000] {python.py:173} INFO - Done. Returned value was: None
[2025-04-14T11:53:59.753+0000] {taskinstance.py:1412} INFO - Marking task as SUCCESS. dag_id=Flow_P2M3_Dionisius_Ray, task_id=post_to_elasticsearch, execution_date=20250414T115352, start_date=20250414T115358, end_date=20250414T115359
[2025-04-14T11:53:59.781+0000] {local_task_job.py:156} INFO - Task exited with return code 0
[2025-04-14T11:53:59.817+0000] {local_task_job.py:279} INFO - 0 downstream tasks scheduled from follow-on schedule check
