[2025-04-14T11:43:34.134+0000] {processor.py:153} INFO - Started process (PID=195) to work on /opt/airflow/dags/P2M3_Dionisius_Ray_DAG.py
[2025-04-14T11:43:34.139+0000] {processor.py:640} INFO - Processing file /opt/airflow/dags/P2M3_Dionisius_Ray_DAG.py for tasks to queue
[2025-04-14T11:43:34.143+0000] {logging_mixin.py:115} INFO - [2025-04-14T11:43:34.143+0000] {dagbag.py:508} INFO - Filling up the DagBag from /opt/airflow/dags/P2M3_Dionisius_Ray_DAG.py
[2025-04-14T11:43:36.793+0000] {processor.py:650} INFO - DAG(s) dict_keys(['change_later']) retrieved from /opt/airflow/dags/P2M3_Dionisius_Ray_DAG.py
[2025-04-14T11:43:37.128+0000] {logging_mixin.py:115} INFO - [2025-04-14T11:43:37.128+0000] {manager.py:508} INFO - Created Permission View: can delete on DAG:change_later
[2025-04-14T11:43:37.157+0000] {logging_mixin.py:115} INFO - [2025-04-14T11:43:37.157+0000] {manager.py:508} INFO - Created Permission View: can edit on DAG:change_later
[2025-04-14T11:43:37.182+0000] {logging_mixin.py:115} INFO - [2025-04-14T11:43:37.182+0000] {manager.py:508} INFO - Created Permission View: can read on DAG:change_later
[2025-04-14T11:43:37.183+0000] {logging_mixin.py:115} INFO - [2025-04-14T11:43:37.183+0000] {dag.py:2429} INFO - Sync 1 DAGs
[2025-04-14T11:43:37.208+0000] {logging_mixin.py:115} INFO - [2025-04-14T11:43:37.199+0000] {dag.py:2448} INFO - Creating ORM DAG for change_later
[2025-04-14T11:43:37.246+0000] {logging_mixin.py:115} INFO - [2025-04-14T11:43:37.245+0000] {dag.py:2981} INFO - Setting next_dagrun for change_later to 2025-04-05T09:10:00+00:00, run_after=2025-04-12T09:10:00+00:00
[2025-04-14T11:43:37.307+0000] {processor.py:161} INFO - Processing /opt/airflow/dags/P2M3_Dionisius_Ray_DAG.py took 3.197 seconds
[2025-04-14T11:44:07.462+0000] {processor.py:153} INFO - Started process (PID=202) to work on /opt/airflow/dags/P2M3_Dionisius_Ray_DAG.py
[2025-04-14T11:44:07.463+0000] {processor.py:640} INFO - Processing file /opt/airflow/dags/P2M3_Dionisius_Ray_DAG.py for tasks to queue
[2025-04-14T11:44:07.464+0000] {logging_mixin.py:115} INFO - [2025-04-14T11:44:07.464+0000] {dagbag.py:508} INFO - Filling up the DagBag from /opt/airflow/dags/P2M3_Dionisius_Ray_DAG.py
[2025-04-14T11:44:08.077+0000] {processor.py:650} INFO - DAG(s) dict_keys(['change_later']) retrieved from /opt/airflow/dags/P2M3_Dionisius_Ray_DAG.py
[2025-04-14T11:44:08.097+0000] {logging_mixin.py:115} INFO - [2025-04-14T11:44:08.096+0000] {dag.py:2429} INFO - Sync 1 DAGs
[2025-04-14T11:44:08.129+0000] {logging_mixin.py:115} INFO - [2025-04-14T11:44:08.128+0000] {dag.py:2981} INFO - Setting next_dagrun for change_later to 2025-04-05T09:10:00+00:00, run_after=2025-04-12T09:10:00+00:00
[2025-04-14T11:44:08.145+0000] {processor.py:161} INFO - Processing /opt/airflow/dags/P2M3_Dionisius_Ray_DAG.py took 0.686 seconds
[2025-04-14T11:44:38.274+0000] {processor.py:153} INFO - Started process (PID=208) to work on /opt/airflow/dags/P2M3_Dionisius_Ray_DAG.py
[2025-04-14T11:44:38.274+0000] {processor.py:640} INFO - Processing file /opt/airflow/dags/P2M3_Dionisius_Ray_DAG.py for tasks to queue
[2025-04-14T11:44:38.275+0000] {logging_mixin.py:115} INFO - [2025-04-14T11:44:38.275+0000] {dagbag.py:508} INFO - Filling up the DagBag from /opt/airflow/dags/P2M3_Dionisius_Ray_DAG.py
[2025-04-14T11:44:38.745+0000] {processor.py:650} INFO - DAG(s) dict_keys(['change_later']) retrieved from /opt/airflow/dags/P2M3_Dionisius_Ray_DAG.py
[2025-04-14T11:44:38.764+0000] {logging_mixin.py:115} INFO - [2025-04-14T11:44:38.764+0000] {dag.py:2429} INFO - Sync 1 DAGs
[2025-04-14T11:44:38.783+0000] {logging_mixin.py:115} INFO - [2025-04-14T11:44:38.783+0000] {dag.py:2981} INFO - Setting next_dagrun for change_later to 2025-04-05T09:10:00+00:00, run_after=2025-04-12T09:10:00+00:00
[2025-04-14T11:44:38.793+0000] {processor.py:161} INFO - Processing /opt/airflow/dags/P2M3_Dionisius_Ray_DAG.py took 0.522 seconds
[2025-04-14T11:45:08.894+0000] {processor.py:153} INFO - Started process (PID=214) to work on /opt/airflow/dags/P2M3_Dionisius_Ray_DAG.py
[2025-04-14T11:45:08.894+0000] {processor.py:640} INFO - Processing file /opt/airflow/dags/P2M3_Dionisius_Ray_DAG.py for tasks to queue
[2025-04-14T11:45:08.895+0000] {logging_mixin.py:115} INFO - [2025-04-14T11:45:08.895+0000] {dagbag.py:508} INFO - Filling up the DagBag from /opt/airflow/dags/P2M3_Dionisius_Ray_DAG.py
[2025-04-14T11:45:09.285+0000] {processor.py:650} INFO - DAG(s) dict_keys(['change_later']) retrieved from /opt/airflow/dags/P2M3_Dionisius_Ray_DAG.py
[2025-04-14T11:45:09.305+0000] {logging_mixin.py:115} INFO - [2025-04-14T11:45:09.304+0000] {dag.py:2429} INFO - Sync 1 DAGs
[2025-04-14T11:45:09.325+0000] {logging_mixin.py:115} INFO - [2025-04-14T11:45:09.324+0000] {dag.py:2981} INFO - Setting next_dagrun for change_later to 2025-04-05T09:10:00+00:00, run_after=2025-04-12T09:10:00+00:00
[2025-04-14T11:45:09.337+0000] {processor.py:161} INFO - Processing /opt/airflow/dags/P2M3_Dionisius_Ray_DAG.py took 0.446 seconds
[2025-04-14T11:45:39.463+0000] {processor.py:153} INFO - Started process (PID=220) to work on /opt/airflow/dags/P2M3_Dionisius_Ray_DAG.py
[2025-04-14T11:45:39.464+0000] {processor.py:640} INFO - Processing file /opt/airflow/dags/P2M3_Dionisius_Ray_DAG.py for tasks to queue
[2025-04-14T11:45:39.465+0000] {logging_mixin.py:115} INFO - [2025-04-14T11:45:39.465+0000] {dagbag.py:508} INFO - Filling up the DagBag from /opt/airflow/dags/P2M3_Dionisius_Ray_DAG.py
[2025-04-14T11:45:39.999+0000] {processor.py:650} INFO - DAG(s) dict_keys(['change_later']) retrieved from /opt/airflow/dags/P2M3_Dionisius_Ray_DAG.py
[2025-04-14T11:45:40.031+0000] {logging_mixin.py:115} INFO - [2025-04-14T11:45:40.030+0000] {dag.py:2429} INFO - Sync 1 DAGs
[2025-04-14T11:45:40.058+0000] {logging_mixin.py:115} INFO - [2025-04-14T11:45:40.058+0000] {dag.py:2981} INFO - Setting next_dagrun for change_later to 2025-04-05T09:10:00+00:00, run_after=2025-04-12T09:10:00+00:00
[2025-04-14T11:45:40.069+0000] {processor.py:161} INFO - Processing /opt/airflow/dags/P2M3_Dionisius_Ray_DAG.py took 0.610 seconds
[2025-04-14T11:46:10.178+0000] {processor.py:153} INFO - Started process (PID=235) to work on /opt/airflow/dags/P2M3_Dionisius_Ray_DAG.py
[2025-04-14T11:46:10.178+0000] {processor.py:640} INFO - Processing file /opt/airflow/dags/P2M3_Dionisius_Ray_DAG.py for tasks to queue
[2025-04-14T11:46:10.179+0000] {logging_mixin.py:115} INFO - [2025-04-14T11:46:10.179+0000] {dagbag.py:508} INFO - Filling up the DagBag from /opt/airflow/dags/P2M3_Dionisius_Ray_DAG.py
[2025-04-14T11:46:10.587+0000] {processor.py:650} INFO - DAG(s) dict_keys(['change_later']) retrieved from /opt/airflow/dags/P2M3_Dionisius_Ray_DAG.py
[2025-04-14T11:46:10.605+0000] {logging_mixin.py:115} INFO - [2025-04-14T11:46:10.605+0000] {dag.py:2429} INFO - Sync 1 DAGs
[2025-04-14T11:46:10.624+0000] {logging_mixin.py:115} INFO - [2025-04-14T11:46:10.624+0000] {dag.py:2981} INFO - Setting next_dagrun for change_later to 2025-04-12T09:10:00+00:00, run_after=2025-04-19T09:10:00+00:00
[2025-04-14T11:46:10.635+0000] {processor.py:161} INFO - Processing /opt/airflow/dags/P2M3_Dionisius_Ray_DAG.py took 0.460 seconds
[2025-04-14T11:46:40.754+0000] {processor.py:153} INFO - Started process (PID=241) to work on /opt/airflow/dags/P2M3_Dionisius_Ray_DAG.py
[2025-04-14T11:46:40.755+0000] {processor.py:640} INFO - Processing file /opt/airflow/dags/P2M3_Dionisius_Ray_DAG.py for tasks to queue
[2025-04-14T11:46:40.756+0000] {logging_mixin.py:115} INFO - [2025-04-14T11:46:40.756+0000] {dagbag.py:508} INFO - Filling up the DagBag from /opt/airflow/dags/P2M3_Dionisius_Ray_DAG.py
[2025-04-14T11:46:41.157+0000] {processor.py:650} INFO - DAG(s) dict_keys(['change_later']) retrieved from /opt/airflow/dags/P2M3_Dionisius_Ray_DAG.py
[2025-04-14T11:46:41.175+0000] {logging_mixin.py:115} INFO - [2025-04-14T11:46:41.174+0000] {dag.py:2429} INFO - Sync 1 DAGs
[2025-04-14T11:46:41.192+0000] {logging_mixin.py:115} INFO - [2025-04-14T11:46:41.192+0000] {dag.py:2981} INFO - Setting next_dagrun for change_later to 2025-04-12T09:10:00+00:00, run_after=2025-04-19T09:10:00+00:00
[2025-04-14T11:46:41.202+0000] {processor.py:161} INFO - Processing /opt/airflow/dags/P2M3_Dionisius_Ray_DAG.py took 0.451 seconds
[2025-04-14T11:47:11.313+0000] {processor.py:153} INFO - Started process (PID=247) to work on /opt/airflow/dags/P2M3_Dionisius_Ray_DAG.py
[2025-04-14T11:47:11.314+0000] {processor.py:640} INFO - Processing file /opt/airflow/dags/P2M3_Dionisius_Ray_DAG.py for tasks to queue
[2025-04-14T11:47:11.315+0000] {logging_mixin.py:115} INFO - [2025-04-14T11:47:11.315+0000] {dagbag.py:508} INFO - Filling up the DagBag from /opt/airflow/dags/P2M3_Dionisius_Ray_DAG.py
[2025-04-14T11:47:11.679+0000] {processor.py:650} INFO - DAG(s) dict_keys(['change_later']) retrieved from /opt/airflow/dags/P2M3_Dionisius_Ray_DAG.py
[2025-04-14T11:47:11.696+0000] {logging_mixin.py:115} INFO - [2025-04-14T11:47:11.696+0000] {dag.py:2429} INFO - Sync 1 DAGs
[2025-04-14T11:47:11.712+0000] {logging_mixin.py:115} INFO - [2025-04-14T11:47:11.712+0000] {dag.py:2981} INFO - Setting next_dagrun for change_later to 2025-04-12T09:10:00+00:00, run_after=2025-04-19T09:10:00+00:00
[2025-04-14T11:47:11.723+0000] {processor.py:161} INFO - Processing /opt/airflow/dags/P2M3_Dionisius_Ray_DAG.py took 0.412 seconds
[2025-04-14T11:47:41.832+0000] {processor.py:153} INFO - Started process (PID=253) to work on /opt/airflow/dags/P2M3_Dionisius_Ray_DAG.py
[2025-04-14T11:47:41.833+0000] {processor.py:640} INFO - Processing file /opt/airflow/dags/P2M3_Dionisius_Ray_DAG.py for tasks to queue
[2025-04-14T11:47:41.834+0000] {logging_mixin.py:115} INFO - [2025-04-14T11:47:41.833+0000] {dagbag.py:508} INFO - Filling up the DagBag from /opt/airflow/dags/P2M3_Dionisius_Ray_DAG.py
[2025-04-14T11:47:42.209+0000] {processor.py:650} INFO - DAG(s) dict_keys(['change_later']) retrieved from /opt/airflow/dags/P2M3_Dionisius_Ray_DAG.py
[2025-04-14T11:47:42.227+0000] {logging_mixin.py:115} INFO - [2025-04-14T11:47:42.227+0000] {dag.py:2429} INFO - Sync 1 DAGs
[2025-04-14T11:47:42.247+0000] {logging_mixin.py:115} INFO - [2025-04-14T11:47:42.247+0000] {dag.py:2981} INFO - Setting next_dagrun for change_later to 2025-04-12T09:10:00+00:00, run_after=2025-04-19T09:10:00+00:00
[2025-04-14T11:47:42.260+0000] {processor.py:161} INFO - Processing /opt/airflow/dags/P2M3_Dionisius_Ray_DAG.py took 0.430 seconds
[2025-04-14T11:48:12.370+0000] {processor.py:153} INFO - Started process (PID=259) to work on /opt/airflow/dags/P2M3_Dionisius_Ray_DAG.py
[2025-04-14T11:48:12.371+0000] {processor.py:640} INFO - Processing file /opt/airflow/dags/P2M3_Dionisius_Ray_DAG.py for tasks to queue
[2025-04-14T11:48:12.372+0000] {logging_mixin.py:115} INFO - [2025-04-14T11:48:12.371+0000] {dagbag.py:508} INFO - Filling up the DagBag from /opt/airflow/dags/P2M3_Dionisius_Ray_DAG.py
[2025-04-14T11:48:12.708+0000] {processor.py:650} INFO - DAG(s) dict_keys(['change_later']) retrieved from /opt/airflow/dags/P2M3_Dionisius_Ray_DAG.py
[2025-04-14T11:48:12.725+0000] {logging_mixin.py:115} INFO - [2025-04-14T11:48:12.725+0000] {dag.py:2429} INFO - Sync 1 DAGs
[2025-04-14T11:48:12.742+0000] {logging_mixin.py:115} INFO - [2025-04-14T11:48:12.742+0000] {dag.py:2981} INFO - Setting next_dagrun for change_later to 2025-04-12T09:10:00+00:00, run_after=2025-04-19T09:10:00+00:00
[2025-04-14T11:48:12.752+0000] {processor.py:161} INFO - Processing /opt/airflow/dags/P2M3_Dionisius_Ray_DAG.py took 0.384 seconds
[2025-04-14T11:48:22.814+0000] {processor.py:153} INFO - Started process (PID=265) to work on /opt/airflow/dags/P2M3_Dionisius_Ray_DAG.py
[2025-04-14T11:48:22.815+0000] {processor.py:640} INFO - Processing file /opt/airflow/dags/P2M3_Dionisius_Ray_DAG.py for tasks to queue
[2025-04-14T11:48:22.815+0000] {logging_mixin.py:115} INFO - [2025-04-14T11:48:22.815+0000] {dagbag.py:508} INFO - Filling up the DagBag from /opt/airflow/dags/P2M3_Dionisius_Ray_DAG.py
[2025-04-14T11:48:23.261+0000] {processor.py:650} INFO - DAG(s) dict_keys(['Flow_P2M3_Dionisius_Ray']) retrieved from /opt/airflow/dags/P2M3_Dionisius_Ray_DAG.py
[2025-04-14T11:48:23.338+0000] {logging_mixin.py:115} INFO - [2025-04-14T11:48:23.338+0000] {manager.py:508} INFO - Created Permission View: can delete on DAG:Flow_P2M3_Dionisius_Ray
[2025-04-14T11:48:23.350+0000] {logging_mixin.py:115} INFO - [2025-04-14T11:48:23.349+0000] {manager.py:508} INFO - Created Permission View: can edit on DAG:Flow_P2M3_Dionisius_Ray
[2025-04-14T11:48:23.358+0000] {logging_mixin.py:115} INFO - [2025-04-14T11:48:23.358+0000] {manager.py:508} INFO - Created Permission View: can read on DAG:Flow_P2M3_Dionisius_Ray
[2025-04-14T11:48:23.359+0000] {logging_mixin.py:115} INFO - [2025-04-14T11:48:23.358+0000] {dag.py:2429} INFO - Sync 1 DAGs
[2025-04-14T11:48:23.367+0000] {logging_mixin.py:115} INFO - [2025-04-14T11:48:23.367+0000] {dag.py:2448} INFO - Creating ORM DAG for Flow_P2M3_Dionisius_Ray
[2025-04-14T11:48:23.379+0000] {logging_mixin.py:115} INFO - [2025-04-14T11:48:23.378+0000] {dag.py:2981} INFO - Setting next_dagrun for Flow_P2M3_Dionisius_Ray to 2025-04-05T09:10:00+00:00, run_after=2025-04-12T09:10:00+00:00
[2025-04-14T11:48:23.393+0000] {processor.py:161} INFO - Processing /opt/airflow/dags/P2M3_Dionisius_Ray_DAG.py took 0.582 seconds
[2025-04-14T11:48:53.523+0000] {processor.py:153} INFO - Started process (PID=280) to work on /opt/airflow/dags/P2M3_Dionisius_Ray_DAG.py
[2025-04-14T11:48:53.524+0000] {processor.py:640} INFO - Processing file /opt/airflow/dags/P2M3_Dionisius_Ray_DAG.py for tasks to queue
[2025-04-14T11:48:53.525+0000] {logging_mixin.py:115} INFO - [2025-04-14T11:48:53.524+0000] {dagbag.py:508} INFO - Filling up the DagBag from /opt/airflow/dags/P2M3_Dionisius_Ray_DAG.py
[2025-04-14T11:48:53.910+0000] {processor.py:650} INFO - DAG(s) dict_keys(['Flow_P2M3_Dionisius_Ray']) retrieved from /opt/airflow/dags/P2M3_Dionisius_Ray_DAG.py
[2025-04-14T11:48:53.927+0000] {logging_mixin.py:115} INFO - [2025-04-14T11:48:53.926+0000] {dag.py:2429} INFO - Sync 1 DAGs
[2025-04-14T11:48:53.945+0000] {logging_mixin.py:115} INFO - [2025-04-14T11:48:53.944+0000] {dag.py:2981} INFO - Setting next_dagrun for Flow_P2M3_Dionisius_Ray to 2025-04-12T09:10:00+00:00, run_after=2025-04-19T09:10:00+00:00
[2025-04-14T11:48:53.959+0000] {processor.py:161} INFO - Processing /opt/airflow/dags/P2M3_Dionisius_Ray_DAG.py took 0.438 seconds
[2025-04-14T11:49:24.066+0000] {processor.py:153} INFO - Started process (PID=286) to work on /opt/airflow/dags/P2M3_Dionisius_Ray_DAG.py
[2025-04-14T11:49:24.067+0000] {processor.py:640} INFO - Processing file /opt/airflow/dags/P2M3_Dionisius_Ray_DAG.py for tasks to queue
[2025-04-14T11:49:24.068+0000] {logging_mixin.py:115} INFO - [2025-04-14T11:49:24.068+0000] {dagbag.py:508} INFO - Filling up the DagBag from /opt/airflow/dags/P2M3_Dionisius_Ray_DAG.py
[2025-04-14T11:49:24.415+0000] {processor.py:650} INFO - DAG(s) dict_keys(['Flow_P2M3_Dionisius_Ray']) retrieved from /opt/airflow/dags/P2M3_Dionisius_Ray_DAG.py
[2025-04-14T11:49:24.433+0000] {logging_mixin.py:115} INFO - [2025-04-14T11:49:24.433+0000] {dag.py:2429} INFO - Sync 1 DAGs
[2025-04-14T11:49:24.450+0000] {logging_mixin.py:115} INFO - [2025-04-14T11:49:24.449+0000] {dag.py:2981} INFO - Setting next_dagrun for Flow_P2M3_Dionisius_Ray to 2025-04-12T09:10:00+00:00, run_after=2025-04-19T09:10:00+00:00
[2025-04-14T11:49:24.459+0000] {processor.py:161} INFO - Processing /opt/airflow/dags/P2M3_Dionisius_Ray_DAG.py took 0.395 seconds
[2025-04-14T11:49:54.572+0000] {processor.py:153} INFO - Started process (PID=292) to work on /opt/airflow/dags/P2M3_Dionisius_Ray_DAG.py
[2025-04-14T11:49:54.573+0000] {processor.py:640} INFO - Processing file /opt/airflow/dags/P2M3_Dionisius_Ray_DAG.py for tasks to queue
[2025-04-14T11:49:54.574+0000] {logging_mixin.py:115} INFO - [2025-04-14T11:49:54.574+0000] {dagbag.py:508} INFO - Filling up the DagBag from /opt/airflow/dags/P2M3_Dionisius_Ray_DAG.py
[2025-04-14T11:49:54.926+0000] {processor.py:650} INFO - DAG(s) dict_keys(['Flow_P2M3_Dionisius_Ray']) retrieved from /opt/airflow/dags/P2M3_Dionisius_Ray_DAG.py
[2025-04-14T11:49:54.943+0000] {logging_mixin.py:115} INFO - [2025-04-14T11:49:54.943+0000] {dag.py:2429} INFO - Sync 1 DAGs
[2025-04-14T11:49:54.960+0000] {logging_mixin.py:115} INFO - [2025-04-14T11:49:54.960+0000] {dag.py:2981} INFO - Setting next_dagrun for Flow_P2M3_Dionisius_Ray to 2025-04-12T09:10:00+00:00, run_after=2025-04-19T09:10:00+00:00
[2025-04-14T11:49:54.969+0000] {processor.py:161} INFO - Processing /opt/airflow/dags/P2M3_Dionisius_Ray_DAG.py took 0.400 seconds
[2025-04-14T11:50:25.074+0000] {processor.py:153} INFO - Started process (PID=298) to work on /opt/airflow/dags/P2M3_Dionisius_Ray_DAG.py
[2025-04-14T11:50:25.075+0000] {processor.py:640} INFO - Processing file /opt/airflow/dags/P2M3_Dionisius_Ray_DAG.py for tasks to queue
[2025-04-14T11:50:25.075+0000] {logging_mixin.py:115} INFO - [2025-04-14T11:50:25.075+0000] {dagbag.py:508} INFO - Filling up the DagBag from /opt/airflow/dags/P2M3_Dionisius_Ray_DAG.py
[2025-04-14T11:50:25.424+0000] {processor.py:650} INFO - DAG(s) dict_keys(['Flow_P2M3_Dionisius_Ray']) retrieved from /opt/airflow/dags/P2M3_Dionisius_Ray_DAG.py
[2025-04-14T11:50:25.441+0000] {logging_mixin.py:115} INFO - [2025-04-14T11:50:25.441+0000] {dag.py:2429} INFO - Sync 1 DAGs
[2025-04-14T11:50:25.459+0000] {logging_mixin.py:115} INFO - [2025-04-14T11:50:25.458+0000] {dag.py:2981} INFO - Setting next_dagrun for Flow_P2M3_Dionisius_Ray to 2025-04-12T09:10:00+00:00, run_after=2025-04-19T09:10:00+00:00
[2025-04-14T11:50:25.475+0000] {processor.py:161} INFO - Processing /opt/airflow/dags/P2M3_Dionisius_Ray_DAG.py took 0.404 seconds
[2025-04-14T11:53:20.285+0000] {processor.py:153} INFO - Started process (PID=211) to work on /opt/airflow/dags/P2M3_Dionisius_Ray_DAG.py
[2025-04-14T11:53:20.286+0000] {processor.py:640} INFO - Processing file /opt/airflow/dags/P2M3_Dionisius_Ray_DAG.py for tasks to queue
[2025-04-14T11:53:20.287+0000] {logging_mixin.py:115} INFO - [2025-04-14T11:53:20.287+0000] {dagbag.py:508} INFO - Filling up the DagBag from /opt/airflow/dags/P2M3_Dionisius_Ray_DAG.py
[2025-04-14T11:53:20.704+0000] {processor.py:650} INFO - DAG(s) dict_keys(['Flow_P2M3_Dionisius_Ray']) retrieved from /opt/airflow/dags/P2M3_Dionisius_Ray_DAG.py
[2025-04-14T11:53:20.722+0000] {logging_mixin.py:115} INFO - [2025-04-14T11:53:20.722+0000] {dag.py:2429} INFO - Sync 1 DAGs
[2025-04-14T11:53:20.741+0000] {logging_mixin.py:115} INFO - [2025-04-14T11:53:20.741+0000] {dag.py:2981} INFO - Setting next_dagrun for Flow_P2M3_Dionisius_Ray to 2025-04-12T09:10:00+00:00, run_after=2025-04-19T09:10:00+00:00
[2025-04-14T11:53:20.753+0000] {processor.py:161} INFO - Processing /opt/airflow/dags/P2M3_Dionisius_Ray_DAG.py took 0.470 seconds
[2025-04-14T11:53:50.884+0000] {processor.py:153} INFO - Started process (PID=218) to work on /opt/airflow/dags/P2M3_Dionisius_Ray_DAG.py
[2025-04-14T11:53:50.885+0000] {processor.py:640} INFO - Processing file /opt/airflow/dags/P2M3_Dionisius_Ray_DAG.py for tasks to queue
[2025-04-14T11:53:50.886+0000] {logging_mixin.py:115} INFO - [2025-04-14T11:53:50.886+0000] {dagbag.py:508} INFO - Filling up the DagBag from /opt/airflow/dags/P2M3_Dionisius_Ray_DAG.py
[2025-04-14T11:53:51.463+0000] {processor.py:650} INFO - DAG(s) dict_keys(['Flow_P2M3_Dionisius_Ray']) retrieved from /opt/airflow/dags/P2M3_Dionisius_Ray_DAG.py
[2025-04-14T11:53:51.494+0000] {logging_mixin.py:115} INFO - [2025-04-14T11:53:51.494+0000] {dag.py:2429} INFO - Sync 1 DAGs
[2025-04-14T11:53:51.513+0000] {logging_mixin.py:115} INFO - [2025-04-14T11:53:51.512+0000] {dag.py:2981} INFO - Setting next_dagrun for Flow_P2M3_Dionisius_Ray to 2025-04-12T09:10:00+00:00, run_after=2025-04-19T09:10:00+00:00
[2025-04-14T11:53:51.558+0000] {processor.py:161} INFO - Processing /opt/airflow/dags/P2M3_Dionisius_Ray_DAG.py took 0.677 seconds
[2025-04-14T11:54:21.655+0000] {processor.py:153} INFO - Started process (PID=233) to work on /opt/airflow/dags/P2M3_Dionisius_Ray_DAG.py
[2025-04-14T11:54:21.656+0000] {processor.py:640} INFO - Processing file /opt/airflow/dags/P2M3_Dionisius_Ray_DAG.py for tasks to queue
[2025-04-14T11:54:21.657+0000] {logging_mixin.py:115} INFO - [2025-04-14T11:54:21.657+0000] {dagbag.py:508} INFO - Filling up the DagBag from /opt/airflow/dags/P2M3_Dionisius_Ray_DAG.py
[2025-04-14T11:54:22.017+0000] {processor.py:650} INFO - DAG(s) dict_keys(['Flow_P2M3_Dionisius_Ray']) retrieved from /opt/airflow/dags/P2M3_Dionisius_Ray_DAG.py
[2025-04-14T11:54:22.035+0000] {logging_mixin.py:115} INFO - [2025-04-14T11:54:22.035+0000] {dag.py:2429} INFO - Sync 1 DAGs
[2025-04-14T11:54:22.052+0000] {logging_mixin.py:115} INFO - [2025-04-14T11:54:22.051+0000] {dag.py:2981} INFO - Setting next_dagrun for Flow_P2M3_Dionisius_Ray to 2025-04-12T09:10:00+00:00, run_after=2025-04-19T09:10:00+00:00
[2025-04-14T11:54:22.061+0000] {processor.py:161} INFO - Processing /opt/airflow/dags/P2M3_Dionisius_Ray_DAG.py took 0.408 seconds
[2025-04-14T11:54:52.167+0000] {processor.py:153} INFO - Started process (PID=239) to work on /opt/airflow/dags/P2M3_Dionisius_Ray_DAG.py
[2025-04-14T11:54:52.168+0000] {processor.py:640} INFO - Processing file /opt/airflow/dags/P2M3_Dionisius_Ray_DAG.py for tasks to queue
[2025-04-14T11:54:52.169+0000] {logging_mixin.py:115} INFO - [2025-04-14T11:54:52.169+0000] {dagbag.py:508} INFO - Filling up the DagBag from /opt/airflow/dags/P2M3_Dionisius_Ray_DAG.py
[2025-04-14T11:54:52.592+0000] {processor.py:650} INFO - DAG(s) dict_keys(['Flow_P2M3_Dionisius_Ray']) retrieved from /opt/airflow/dags/P2M3_Dionisius_Ray_DAG.py
[2025-04-14T11:54:52.614+0000] {logging_mixin.py:115} INFO - [2025-04-14T11:54:52.613+0000] {dag.py:2429} INFO - Sync 1 DAGs
[2025-04-14T11:54:52.635+0000] {logging_mixin.py:115} INFO - [2025-04-14T11:54:52.635+0000] {dag.py:2981} INFO - Setting next_dagrun for Flow_P2M3_Dionisius_Ray to 2025-04-12T09:10:00+00:00, run_after=2025-04-19T09:10:00+00:00
[2025-04-14T11:54:52.649+0000] {processor.py:161} INFO - Processing /opt/airflow/dags/P2M3_Dionisius_Ray_DAG.py took 0.484 seconds
[2025-04-14T11:55:22.778+0000] {processor.py:153} INFO - Started process (PID=245) to work on /opt/airflow/dags/P2M3_Dionisius_Ray_DAG.py
[2025-04-14T11:55:22.779+0000] {processor.py:640} INFO - Processing file /opt/airflow/dags/P2M3_Dionisius_Ray_DAG.py for tasks to queue
[2025-04-14T11:55:22.780+0000] {logging_mixin.py:115} INFO - [2025-04-14T11:55:22.780+0000] {dagbag.py:508} INFO - Filling up the DagBag from /opt/airflow/dags/P2M3_Dionisius_Ray_DAG.py
[2025-04-14T11:55:23.148+0000] {processor.py:650} INFO - DAG(s) dict_keys(['Flow_P2M3_Dionisius_Ray']) retrieved from /opt/airflow/dags/P2M3_Dionisius_Ray_DAG.py
[2025-04-14T11:55:23.167+0000] {logging_mixin.py:115} INFO - [2025-04-14T11:55:23.167+0000] {dag.py:2429} INFO - Sync 1 DAGs
[2025-04-14T11:55:23.186+0000] {logging_mixin.py:115} INFO - [2025-04-14T11:55:23.185+0000] {dag.py:2981} INFO - Setting next_dagrun for Flow_P2M3_Dionisius_Ray to 2025-04-12T09:10:00+00:00, run_after=2025-04-19T09:10:00+00:00
[2025-04-14T11:55:23.198+0000] {processor.py:161} INFO - Processing /opt/airflow/dags/P2M3_Dionisius_Ray_DAG.py took 0.422 seconds
[2025-04-14T11:55:53.310+0000] {processor.py:153} INFO - Started process (PID=251) to work on /opt/airflow/dags/P2M3_Dionisius_Ray_DAG.py
[2025-04-14T11:55:53.311+0000] {processor.py:640} INFO - Processing file /opt/airflow/dags/P2M3_Dionisius_Ray_DAG.py for tasks to queue
[2025-04-14T11:55:53.312+0000] {logging_mixin.py:115} INFO - [2025-04-14T11:55:53.311+0000] {dagbag.py:508} INFO - Filling up the DagBag from /opt/airflow/dags/P2M3_Dionisius_Ray_DAG.py
[2025-04-14T11:55:53.651+0000] {processor.py:650} INFO - DAG(s) dict_keys(['Flow_P2M3_Dionisius_Ray']) retrieved from /opt/airflow/dags/P2M3_Dionisius_Ray_DAG.py
[2025-04-14T11:55:53.669+0000] {logging_mixin.py:115} INFO - [2025-04-14T11:55:53.668+0000] {dag.py:2429} INFO - Sync 1 DAGs
[2025-04-14T11:55:53.686+0000] {logging_mixin.py:115} INFO - [2025-04-14T11:55:53.686+0000] {dag.py:2981} INFO - Setting next_dagrun for Flow_P2M3_Dionisius_Ray to 2025-04-12T09:10:00+00:00, run_after=2025-04-19T09:10:00+00:00
[2025-04-14T11:55:53.699+0000] {processor.py:161} INFO - Processing /opt/airflow/dags/P2M3_Dionisius_Ray_DAG.py took 0.391 seconds
