[2025-04-14T11:48:45.362+0000] {taskinstance.py:1171} INFO - Dependencies all met for <TaskInstance: Flow_P2M3_Dionisius_Ray.post_to_elasticsearch scheduled__2025-04-05T09:10:00+00:00 [queued]>
[2025-04-14T11:48:45.370+0000] {taskinstance.py:1171} INFO - Dependencies all met for <TaskInstance: Flow_P2M3_Dionisius_Ray.post_to_elasticsearch scheduled__2025-04-05T09:10:00+00:00 [queued]>
[2025-04-14T11:48:45.371+0000] {taskinstance.py:1368} INFO - 
--------------------------------------------------------------------------------
[2025-04-14T11:48:45.371+0000] {taskinstance.py:1369} INFO - Starting attempt 1 of 1
[2025-04-14T11:48:45.371+0000] {taskinstance.py:1370} INFO - 
--------------------------------------------------------------------------------
[2025-04-14T11:48:45.384+0000] {taskinstance.py:1389} INFO - Executing <Task(_PythonDecoratedOperator): post_to_elasticsearch> on 2025-04-05 09:10:00+00:00
[2025-04-14T11:48:45.390+0000] {standard_task_runner.py:52} INFO - Started process 279 to run task
[2025-04-14T11:48:45.393+0000] {standard_task_runner.py:79} INFO - Running: ['***', 'tasks', 'run', 'Flow_P2M3_Dionisius_Ray', 'post_to_elasticsearch', 'scheduled__2025-04-05T09:10:00+00:00', '--job-id', '7', '--raw', '--subdir', 'DAGS_FOLDER/P2M3_Dionisius_Ray_DAG.py', '--cfg-path', '/tmp/tmphg_w_m6x', '--error-file', '/tmp/tmpm5j5pweo']
[2025-04-14T11:48:45.394+0000] {standard_task_runner.py:80} INFO - Job 7: Subtask post_to_elasticsearch
[2025-04-14T11:48:45.449+0000] {task_command.py:371} INFO - Running <TaskInstance: Flow_P2M3_Dionisius_Ray.post_to_elasticsearch scheduled__2025-04-05T09:10:00+00:00 [running]> on host ea496de906cb
[2025-04-14T11:48:45.515+0000] {taskinstance.py:1583} INFO - Exporting the following env vars:
AIRFLOW_CTX_DAG_OWNER=Dion
AIRFLOW_CTX_DAG_ID=Flow_P2M3_Dionisius_Ray
AIRFLOW_CTX_TASK_ID=post_to_elasticsearch
AIRFLOW_CTX_EXECUTION_DATE=2025-04-05T09:10:00+00:00
AIRFLOW_CTX_TRY_NUMBER=1
AIRFLOW_CTX_DAG_RUN_ID=scheduled__2025-04-05T09:10:00+00:00
[2025-04-14T11:48:45.783+0000] {base.py:271} INFO - POST http://elasticsearch:9200/_bulk [status:200 request:0.125s]
[2025-04-14T11:48:45.892+0000] {base.py:271} INFO - POST http://elasticsearch:9200/_bulk [status:200 request:0.098s]
[2025-04-14T11:48:46.009+0000] {base.py:271} INFO - POST http://elasticsearch:9200/_bulk [status:200 request:0.106s]
[2025-04-14T11:48:46.114+0000] {base.py:271} INFO - POST http://elasticsearch:9200/_bulk [status:200 request:0.095s]
[2025-04-14T11:48:46.229+0000] {base.py:271} INFO - POST http://elasticsearch:9200/_bulk [status:200 request:0.104s]
[2025-04-14T11:48:46.347+0000] {base.py:271} INFO - POST http://elasticsearch:9200/_bulk [status:200 request:0.105s]
[2025-04-14T11:48:46.455+0000] {base.py:271} INFO - POST http://elasticsearch:9200/_bulk [status:200 request:0.097s]
[2025-04-14T11:48:46.561+0000] {base.py:271} INFO - POST http://elasticsearch:9200/_bulk [status:200 request:0.096s]
[2025-04-14T11:48:46.672+0000] {base.py:271} INFO - POST http://elasticsearch:9200/_bulk [status:200 request:0.099s]
[2025-04-14T11:48:46.783+0000] {base.py:271} INFO - POST http://elasticsearch:9200/_bulk [status:200 request:0.101s]
[2025-04-14T11:48:46.890+0000] {base.py:271} INFO - POST http://elasticsearch:9200/_bulk [status:200 request:0.096s]
[2025-04-14T11:48:46.985+0000] {base.py:271} INFO - POST http://elasticsearch:9200/_bulk [status:200 request:0.085s]
[2025-04-14T11:48:47.092+0000] {base.py:271} INFO - POST http://elasticsearch:9200/_bulk [status:200 request:0.097s]
[2025-04-14T11:48:47.188+0000] {base.py:271} INFO - POST http://elasticsearch:9200/_bulk [status:200 request:0.085s]
[2025-04-14T11:48:47.295+0000] {base.py:271} INFO - POST http://elasticsearch:9200/_bulk [status:200 request:0.097s]
[2025-04-14T11:48:47.402+0000] {base.py:271} INFO - POST http://elasticsearch:9200/_bulk [status:200 request:0.097s]
[2025-04-14T11:48:47.514+0000] {base.py:271} INFO - POST http://elasticsearch:9200/_bulk [status:200 request:0.101s]
[2025-04-14T11:48:47.619+0000] {base.py:271} INFO - POST http://elasticsearch:9200/_bulk [status:200 request:0.095s]
[2025-04-14T11:48:47.722+0000] {base.py:271} INFO - POST http://elasticsearch:9200/_bulk [status:200 request:0.093s]
[2025-04-14T11:48:47.758+0000] {base.py:271} INFO - POST http://elasticsearch:9200/_bulk [status:200 request:0.032s]
[2025-04-14T11:48:47.764+0000] {python.py:173} INFO - Done. Returned value was: None
[2025-04-14T11:48:47.776+0000] {taskinstance.py:1412} INFO - Marking task as SUCCESS. dag_id=Flow_P2M3_Dionisius_Ray, task_id=post_to_elasticsearch, execution_date=20250405T091000, start_date=20250414T114845, end_date=20250414T114847
[2025-04-14T11:48:47.812+0000] {local_task_job.py:156} INFO - Task exited with return code 0
[2025-04-14T11:48:47.844+0000] {local_task_job.py:279} INFO - 1 downstream tasks scheduled from follow-on schedule check
