[2025-04-14T11:53:54.437+0000] {taskinstance.py:1171} INFO - Dependencies all met for <TaskInstance: Flow_P2M3_Dionisius_Ray.extract_from_postgresql manual__2025-04-14T11:53:52.058879+00:00 [queued]>
[2025-04-14T11:53:54.446+0000] {taskinstance.py:1171} INFO - Dependencies all met for <TaskInstance: Flow_P2M3_Dionisius_Ray.extract_from_postgresql manual__2025-04-14T11:53:52.058879+00:00 [queued]>
[2025-04-14T11:53:54.446+0000] {taskinstance.py:1368} INFO - 
--------------------------------------------------------------------------------
[2025-04-14T11:53:54.447+0000] {taskinstance.py:1369} INFO - Starting attempt 1 of 1
[2025-04-14T11:53:54.447+0000] {taskinstance.py:1370} INFO - 
--------------------------------------------------------------------------------
[2025-04-14T11:53:54.462+0000] {taskinstance.py:1389} INFO - Executing <Task(_PythonDecoratedOperator): extract_from_postgresql> on 2025-04-14 11:53:52.058879+00:00
[2025-04-14T11:53:54.470+0000] {standard_task_runner.py:52} INFO - Started process 226 to run task
[2025-04-14T11:53:54.471+0000] {standard_task_runner.py:79} INFO - Running: ['***', 'tasks', 'run', 'Flow_P2M3_Dionisius_Ray', 'extract_from_postgresql', 'manual__2025-04-14T11:53:52.058879+00:00', '--job-id', '9', '--raw', '--subdir', 'DAGS_FOLDER/P2M3_Dionisius_Ray_DAG.py', '--cfg-path', '/tmp/tmpnq7b5tf5', '--error-file', '/tmp/tmp0e2gms2k']
[2025-04-14T11:53:54.474+0000] {standard_task_runner.py:80} INFO - Job 9: Subtask extract_from_postgresql
[2025-04-14T11:53:54.588+0000] {task_command.py:371} INFO - Running <TaskInstance: Flow_P2M3_Dionisius_Ray.extract_from_postgresql manual__2025-04-14T11:53:52.058879+00:00 [running]> on host ea496de906cb
[2025-04-14T11:53:54.658+0000] {taskinstance.py:1583} INFO - Exporting the following env vars:
AIRFLOW_CTX_DAG_OWNER=Dion
AIRFLOW_CTX_DAG_ID=Flow_P2M3_Dionisius_Ray
AIRFLOW_CTX_TASK_ID=extract_from_postgresql
AIRFLOW_CTX_EXECUTION_DATE=2025-04-14T11:53:52.058879+00:00
AIRFLOW_CTX_TRY_NUMBER=1
AIRFLOW_CTX_DAG_RUN_ID=manual__2025-04-14T11:53:52.058879+00:00
[2025-04-14T11:53:54.849+0000] {python.py:173} INFO - Done. Returned value was: None
[2025-04-14T11:53:55.113+0000] {taskinstance.py:1412} INFO - Marking task as SUCCESS. dag_id=Flow_P2M3_Dionisius_Ray, task_id=extract_from_postgresql, execution_date=20250414T115352, start_date=20250414T115354, end_date=20250414T115355
[2025-04-14T11:53:55.170+0000] {local_task_job.py:156} INFO - Task exited with return code 0
[2025-04-14T11:53:55.208+0000] {local_task_job.py:279} INFO - 1 downstream tasks scheduled from follow-on schedule check
