[2025-04-13T09:02:06.730+0000] {taskinstance.py:1171} INFO - Dependencies all met for <TaskInstance: change_later.extract_from_postgresql manual__2025-04-13T09:02:03.892190+00:00 [queued]>
[2025-04-13T09:02:06.744+0000] {taskinstance.py:1171} INFO - Dependencies all met for <TaskInstance: change_later.extract_from_postgresql manual__2025-04-13T09:02:03.892190+00:00 [queued]>
[2025-04-13T09:02:06.744+0000] {taskinstance.py:1368} INFO - 
--------------------------------------------------------------------------------
[2025-04-13T09:02:06.745+0000] {taskinstance.py:1369} INFO - Starting attempt 1 of 1
[2025-04-13T09:02:06.745+0000] {taskinstance.py:1370} INFO - 
--------------------------------------------------------------------------------
[2025-04-13T09:02:06.763+0000] {taskinstance.py:1389} INFO - Executing <Task(_PythonDecoratedOperator): extract_from_postgresql> on 2025-04-13 09:02:03.892190+00:00
[2025-04-13T09:02:06.774+0000] {standard_task_runner.py:52} INFO - Started process 204 to run task
[2025-04-13T09:02:06.780+0000] {standard_task_runner.py:79} INFO - Running: ['***', 'tasks', 'run', 'change_later', 'extract_from_postgresql', 'manual__2025-04-13T09:02:03.892190+00:00', '--job-id', '10', '--raw', '--subdir', 'DAGS_FOLDER/P2M3_Dionisius_Ray_DAG.py', '--cfg-path', '/tmp/tmparrl74b7', '--error-file', '/tmp/tmpu82t7dqm']
[2025-04-13T09:02:06.782+0000] {standard_task_runner.py:80} INFO - Job 10: Subtask extract_from_postgresql
[2025-04-13T09:02:06.946+0000] {task_command.py:371} INFO - Running <TaskInstance: change_later.extract_from_postgresql manual__2025-04-13T09:02:03.892190+00:00 [running]> on host 92ecb8470de2
[2025-04-13T09:02:07.031+0000] {taskinstance.py:1583} INFO - Exporting the following env vars:
AIRFLOW_CTX_DAG_OWNER=Dion
AIRFLOW_CTX_DAG_ID=change_later
AIRFLOW_CTX_TASK_ID=extract_from_postgresql
AIRFLOW_CTX_EXECUTION_DATE=2025-04-13T09:02:03.892190+00:00
AIRFLOW_CTX_TRY_NUMBER=1
AIRFLOW_CTX_DAG_RUN_ID=manual__2025-04-13T09:02:03.892190+00:00
[2025-04-13T09:02:07.229+0000] {python.py:173} INFO - Done. Returned value was: None
[2025-04-13T09:02:07.256+0000] {taskinstance.py:1412} INFO - Marking task as SUCCESS. dag_id=change_later, task_id=extract_from_postgresql, execution_date=20250413T090203, start_date=20250413T090206, end_date=20250413T090207
[2025-04-13T09:02:07.314+0000] {local_task_job.py:156} INFO - Task exited with return code 0
[2025-04-13T09:02:07.352+0000] {local_task_job.py:279} INFO - 1 downstream tasks scheduled from follow-on schedule check
